[0.021s] Invoking command in '/home/student/41068_ws/src/41068RS12025-Group18/build/drone_controller': CMAKE_PREFIX_PATH=${CMAKE_PREFIX_PATH}:/opt/ros/humble /usr/bin/cmake /home/student/41068_ws/src/41068RS12025-Group18/drone_controller -DAMENT_CMAKE_SYMLINK_INSTALL=1 -DCMAKE_INSTALL_PREFIX=/home/student/41068_ws/src/41068RS12025-Group18/install/drone_controller
[0.868s] -- The C compiler identification is GNU 11.4.0
[1.513s] -- The CXX compiler identification is GNU 11.4.0
[1.646s] -- Detecting C compiler ABI info
[1.817s] -- Detecting C compiler ABI info - done
[1.831s] -- Check for working C compiler: /usr/bin/cc - skipped
[1.833s] -- Detecting C compile features
[1.845s] -- Detecting C compile features - done
[1.865s] -- Detecting CXX compiler ABI info
[1.982s] -- Detecting CXX compiler ABI info - done
[1.997s] -- Check for working CXX compiler: /usr/bin/c++ - skipped
[1.997s] -- Detecting CXX compile features
[1.998s] -- Detecting CXX compile features - done
[2.080s] -- Found ament_cmake: 1.3.12 (/opt/ros/humble/share/ament_cmake/cmake)
[2.341s] -- Found Python3: /usr/bin/python3 (found version "3.10.12") found components: Interpreter 
[2.502s] -- Override CMake install command with custom implementation using symlinks instead of copying resources
[2.743s] -- Found rclcpp: 16.0.14 (/opt/ros/humble/share/rclcpp/cmake)
[3.550s] -- Found rosidl_generator_c: 3.1.7 (/opt/ros/humble/share/rosidl_generator_c/cmake)
[3.656s] -- Found rosidl_adapter: 3.1.7 (/opt/ros/humble/share/rosidl_adapter/cmake)
[3.777s] -- Found rosidl_generator_cpp: 3.1.7 (/opt/ros/humble/share/rosidl_generator_cpp/cmake)
[3.915s] -- Using all available rosidl_typesupport_c: rosidl_typesupport_fastrtps_c;rosidl_typesupport_introspection_c
[4.031s] -- Using all available rosidl_typesupport_cpp: rosidl_typesupport_fastrtps_cpp;rosidl_typesupport_introspection_cpp
[4.357s] -- Found rmw_implementation_cmake: 6.1.2 (/opt/ros/humble/share/rmw_implementation_cmake/cmake)
[4.382s] -- Found rmw_fastrtps_cpp: 6.2.8 (/opt/ros/humble/share/rmw_fastrtps_cpp/cmake)
[4.711s] -- Found OpenSSL: /usr/lib/x86_64-linux-gnu/libcrypto.so (found version "3.0.2")  
[4.759s] -- Found FastRTPS: /opt/ros/humble/include  
[4.808s] -- Using RMW implementation 'rmw_fastrtps_cpp' as default
[4.891s] -- Looking for pthread.h
[5.144s] -- Looking for pthread.h - found
[5.145s] -- Performing Test CMAKE_HAVE_LIBC_PTHREAD
[5.235s] -- Performing Test CMAKE_HAVE_LIBC_PTHREAD - Success
[5.237s] -- Found Threads: TRUE  
[5.496s] -- Found geometry_msgs: 4.9.0 (/opt/ros/humble/share/geometry_msgs/cmake)
[5.514s] -- Found ament_lint_auto: 0.12.14 (/opt/ros/humble/share/ament_lint_auto/cmake)
[5.605s] -- Added test 'cppcheck' to perform static code analysis on C / C++ code
[5.606s] -- Configured cppcheck include dirs: 
[5.606s] -- Configured cppcheck exclude dirs and/or files: 
[5.606s] -- Added test 'lint_cmake' to check CMake code style
[5.607s] -- Added test 'uncrustify' to check C / C++ code style
[5.607s] -- Configured uncrustify additional arguments: 
[5.607s] -- Added test 'xmllint' to check XML markup files
[5.609s] -- Configuring done
[5.621s] -- Generating done
[5.625s] -- Build files have been written to: /home/student/41068_ws/src/41068RS12025-Group18/build/drone_controller
[5.638s] Invoked command in '/home/student/41068_ws/src/41068RS12025-Group18/build/drone_controller' returned '0': CMAKE_PREFIX_PATH=${CMAKE_PREFIX_PATH}:/opt/ros/humble /usr/bin/cmake /home/student/41068_ws/src/41068RS12025-Group18/drone_controller -DAMENT_CMAKE_SYMLINK_INSTALL=1 -DCMAKE_INSTALL_PREFIX=/home/student/41068_ws/src/41068RS12025-Group18/install/drone_controller
[5.640s] Invoking command in '/home/student/41068_ws/src/41068RS12025-Group18/build/drone_controller': CMAKE_PREFIX_PATH=${CMAKE_PREFIX_PATH}:/opt/ros/humble /usr/bin/cmake --build /home/student/41068_ws/src/41068RS12025-Group18/build/drone_controller -- -j8 -l8
[5.692s] [ 50%] [32mBuilding CXX object CMakeFiles/drone_controller_node.dir/src/drone_controller.cpp.o[0m
[12.160s] [100%] [32m[1mLinking CXX executable drone_controller_node[0m
[12.571s] [100%] Built target drone_controller_node
[12.582s] Invoked command in '/home/student/41068_ws/src/41068RS12025-Group18/build/drone_controller' returned '0': CMAKE_PREFIX_PATH=${CMAKE_PREFIX_PATH}:/opt/ros/humble /usr/bin/cmake --build /home/student/41068_ws/src/41068RS12025-Group18/build/drone_controller -- -j8 -l8
[12.585s] Invoking command in '/home/student/41068_ws/src/41068RS12025-Group18/build/drone_controller': CMAKE_PREFIX_PATH=${CMAKE_PREFIX_PATH}:/opt/ros/humble /usr/bin/cmake --install /home/student/41068_ws/src/41068RS12025-Group18/build/drone_controller
[12.592s] -- Install configuration: ""
[12.593s] -- Execute custom install script
[12.593s] -- Symlinking: /home/student/41068_ws/src/41068RS12025-Group18/install/drone_controller/lib/drone_controller/drone_controller_node
[12.602s] -- Symlinking: /home/student/41068_ws/src/41068RS12025-Group18/install/drone_controller/share/ament_index/resource_index/package_run_dependencies/drone_controller
[12.611s] -- Symlinking: /home/student/41068_ws/src/41068RS12025-Group18/install/drone_controller/share/ament_index/resource_index/parent_prefix_path/drone_controller
[12.620s] -- Symlinking: /home/student/41068_ws/src/41068RS12025-Group18/install/drone_controller/share/drone_controller/environment/ament_prefix_path.sh
[12.629s] -- Symlinking: /home/student/41068_ws/src/41068RS12025-Group18/install/drone_controller/share/drone_controller/environment/ament_prefix_path.dsv
[12.638s] -- Symlinking: /home/student/41068_ws/src/41068RS12025-Group18/install/drone_controller/share/drone_controller/environment/path.sh
[12.647s] -- Symlinking: /home/student/41068_ws/src/41068RS12025-Group18/install/drone_controller/share/drone_controller/environment/path.dsv
[12.656s] -- Symlinking: /home/student/41068_ws/src/41068RS12025-Group18/install/drone_controller/share/drone_controller/local_setup.bash
[12.665s] -- Symlinking: /home/student/41068_ws/src/41068RS12025-Group18/install/drone_controller/share/drone_controller/local_setup.sh
[12.673s] -- Symlinking: /home/student/41068_ws/src/41068RS12025-Group18/install/drone_controller/share/drone_controller/local_setup.zsh
[12.682s] -- Symlinking: /home/student/41068_ws/src/41068RS12025-Group18/install/drone_controller/share/drone_controller/local_setup.dsv
[12.690s] -- Symlinking: /home/student/41068_ws/src/41068RS12025-Group18/install/drone_controller/share/drone_controller/package.dsv
[12.699s] -- Symlinking: /home/student/41068_ws/src/41068RS12025-Group18/install/drone_controller/share/ament_index/resource_index/packages/drone_controller
[12.708s] -- Symlinking: /home/student/41068_ws/src/41068RS12025-Group18/install/drone_controller/share/drone_controller/cmake/drone_controllerConfig.cmake
[12.717s] -- Symlinking: /home/student/41068_ws/src/41068RS12025-Group18/install/drone_controller/share/drone_controller/cmake/drone_controllerConfig-version.cmake
[12.726s] -- Symlinking: /home/student/41068_ws/src/41068RS12025-Group18/install/drone_controller/share/drone_controller/package.xml
[12.739s] Invoked command in '/home/student/41068_ws/src/41068RS12025-Group18/build/drone_controller' returned '0': CMAKE_PREFIX_PATH=${CMAKE_PREFIX_PATH}:/opt/ros/humble /usr/bin/cmake --install /home/student/41068_ws/src/41068RS12025-Group18/build/drone_controller
