[1.129s] DEBUG:colcon:Command line arguments: ['/usr/bin/colcon', 'build']
[1.129s] DEBUG:colcon:Parsed command line arguments: Namespace(log_base=None, log_level=None, verb_name='build', build_base='build', install_base='install', merge_install=False, symlink_install=False, test_result_base=None, continue_on_error=False, executor='parallel', parallel_workers=8, event_handlers=None, ignore_user_meta=False, metas=['./colcon.meta'], base_paths=['.'], packages_ignore=None, packages_ignore_regex=None, paths=None, packages_up_to=None, packages_up_to_regex=None, packages_above=None, packages_above_and_dependencies=None, packages_above_depth=None, packages_select_by_dep=None, packages_skip_by_dep=None, packages_skip_up_to=None, packages_select_build_failed=False, packages_skip_build_finished=False, packages_select_test_failures=False, packages_skip_test_passed=False, packages_select=None, packages_skip=None, packages_select_regex=None, packages_skip_regex=None, packages_start=None, packages_end=None, allow_overriding=[], cmake_args=None, cmake_target=None, cmake_target_skip_unavailable=False, cmake_clean_cache=False, cmake_clean_first=False, cmake_force_configure=False, ament_cmake_args=None, catkin_cmake_args=None, catkin_skip_building_tests=False, mixin_files=None, mixin=None, verb_parser=<colcon_mixin.mixin.mixin_argument.MixinArgumentDecorator object at 0x747bedd2a350>, verb_extension=<colcon_core.verb.build.BuildVerb object at 0x747bedd29de0>, main=<bound method BuildVerb.main of <colcon_core.verb.build.BuildVerb object at 0x747bedd29de0>>, mixin_verb=('build',))
[2.937s] Level 1:colcon.colcon_core.package_discovery:discover_packages(colcon_meta) check parameters
[2.938s] Level 1:colcon.colcon_core.package_discovery:discover_packages(recursive) check parameters
[2.938s] Level 1:colcon.colcon_core.package_discovery:discover_packages(ignore) check parameters
[2.938s] Level 1:colcon.colcon_core.package_discovery:discover_packages(path) check parameters
[2.938s] Level 1:colcon.colcon_core.package_discovery:discover_packages(colcon_meta) discover
[2.938s] Level 1:colcon.colcon_core.package_discovery:discover_packages(recursive) discover
[2.938s] INFO:colcon.colcon_core.package_discovery:Crawling recursively for packages in '/home/student/41068RS12025-Group18'
[2.938s] Level 1:colcon.colcon_core.package_identification:_identify(.) by extensions ['ignore', 'ignore_ament_install']
[2.938s] Level 1:colcon.colcon_core.package_identification:_identify(.) by extension 'ignore'
[2.938s] Level 1:colcon.colcon_core.package_identification:_identify(.) by extension 'ignore_ament_install'
[2.938s] Level 1:colcon.colcon_core.package_identification:_identify(.) by extensions ['colcon_pkg']
[2.938s] Level 1:colcon.colcon_core.package_identification:_identify(.) by extension 'colcon_pkg'
[2.938s] Level 1:colcon.colcon_core.package_identification:_identify(.) by extensions ['colcon_meta']
[2.938s] Level 1:colcon.colcon_core.package_identification:_identify(.) by extension 'colcon_meta'
[2.938s] Level 1:colcon.colcon_core.package_identification:_identify(.) by extensions ['ros']
[2.938s] Level 1:colcon.colcon_core.package_identification:_identify(.) by extension 'ros'
[2.974s] Level 1:colcon.colcon_core.package_identification:_identify(.) by extensions ['cmake', 'python']
[2.974s] Level 1:colcon.colcon_core.package_identification:_identify(.) by extension 'cmake'
[2.974s] Level 1:colcon.colcon_core.package_identification:_identify(.) by extension 'python'
[2.974s] Level 1:colcon.colcon_core.package_identification:_identify(.) by extensions ['python_setup_py']
[2.974s] Level 1:colcon.colcon_core.package_identification:_identify(.) by extension 'python_setup_py'
[2.974s] Level 1:colcon.colcon_core.package_identification:_identify(build) by extensions ['ignore', 'ignore_ament_install']
[2.974s] Level 1:colcon.colcon_core.package_identification:_identify(build) by extension 'ignore'
[2.974s] Level 1:colcon.colcon_core.package_identification:_identify(build) ignored
[2.975s] Level 1:colcon.colcon_core.package_identification:_identify(install) by extensions ['ignore', 'ignore_ament_install']
[2.975s] Level 1:colcon.colcon_core.package_identification:_identify(install) by extension 'ignore'
[2.975s] Level 1:colcon.colcon_core.package_identification:_identify(install) ignored
[2.975s] Level 1:colcon.colcon_core.package_identification:_identify(log) by extensions ['ignore', 'ignore_ament_install']
[2.975s] Level 1:colcon.colcon_core.package_identification:_identify(log) by extension 'ignore'
[2.975s] Level 1:colcon.colcon_core.package_identification:_identify(log) ignored
[2.975s] Level 1:colcon.colcon_core.package_identification:_identify(src) by extensions ['ignore', 'ignore_ament_install']
[2.975s] Level 1:colcon.colcon_core.package_identification:_identify(src) by extension 'ignore'
[2.975s] Level 1:colcon.colcon_core.package_identification:_identify(src) by extension 'ignore_ament_install'
[2.975s] Level 1:colcon.colcon_core.package_identification:_identify(src) by extensions ['colcon_pkg']
[2.975s] Level 1:colcon.colcon_core.package_identification:_identify(src) by extension 'colcon_pkg'
[2.975s] Level 1:colcon.colcon_core.package_identification:_identify(src) by extensions ['colcon_meta']
[2.975s] Level 1:colcon.colcon_core.package_identification:_identify(src) by extension 'colcon_meta'
[2.975s] Level 1:colcon.colcon_core.package_identification:_identify(src) by extensions ['ros']
[2.975s] Level 1:colcon.colcon_core.package_identification:_identify(src) by extension 'ros'
[2.976s] Level 1:colcon.colcon_core.package_identification:_identify(src) by extensions ['cmake', 'python']
[2.976s] Level 1:colcon.colcon_core.package_identification:_identify(src) by extension 'cmake'
[2.976s] Level 1:colcon.colcon_core.package_identification:_identify(src) by extension 'python'
[2.976s] Level 1:colcon.colcon_core.package_identification:_identify(src) by extensions ['python_setup_py']
[2.976s] Level 1:colcon.colcon_core.package_identification:_identify(src) by extension 'python_setup_py'
[2.976s] Level 1:colcon.colcon_core.package_identification:_identify(src/41068_ignition_bringup) by extensions ['ignore', 'ignore_ament_install']
[2.976s] Level 1:colcon.colcon_core.package_identification:_identify(src/41068_ignition_bringup) by extension 'ignore'
[2.976s] Level 1:colcon.colcon_core.package_identification:_identify(src/41068_ignition_bringup) by extension 'ignore_ament_install'
[2.976s] Level 1:colcon.colcon_core.package_identification:_identify(src/41068_ignition_bringup) by extensions ['colcon_pkg']
[2.976s] Level 1:colcon.colcon_core.package_identification:_identify(src/41068_ignition_bringup) by extension 'colcon_pkg'
[2.976s] Level 1:colcon.colcon_core.package_identification:_identify(src/41068_ignition_bringup) by extensions ['colcon_meta']
[2.976s] Level 1:colcon.colcon_core.package_identification:_identify(src/41068_ignition_bringup) by extension 'colcon_meta'
[2.976s] Level 1:colcon.colcon_core.package_identification:_identify(src/41068_ignition_bringup) by extensions ['ros']
[2.976s] Level 1:colcon.colcon_core.package_identification:_identify(src/41068_ignition_bringup) by extension 'ros'
[2.989s] DEBUG:colcon.colcon_core.package_identification:Package 'src/41068_ignition_bringup' with type 'ros.ament_cmake' and name 'rs1_robot'
[2.989s] Level 1:colcon.colcon_core.package_discovery:discover_packages(recursive) using defaults
[2.989s] Level 1:colcon.colcon_core.package_discovery:discover_packages(ignore) discover
[2.989s] Level 1:colcon.colcon_core.package_discovery:discover_packages(ignore) using defaults
[2.989s] Level 1:colcon.colcon_core.package_discovery:discover_packages(path) discover
[2.989s] Level 1:colcon.colcon_core.package_discovery:discover_packages(path) using defaults
[3.149s] Level 1:colcon.colcon_core.package_discovery:discover_packages(prefix_path) check parameters
[3.149s] Level 1:colcon.colcon_core.package_discovery:discover_packages(prefix_path) discover
[3.179s] DEBUG:colcon.colcon_installed_package_information.package_discovery:Found 1 installed packages in /home/student/ros2_ws/install
[3.180s] DEBUG:colcon.colcon_installed_package_information.package_discovery:Found 428 installed packages in /opt/ros/humble
[3.183s] Level 1:colcon.colcon_core.package_discovery:discover_packages(prefix_path) using defaults
[3.248s] Level 5:colcon.colcon_core.verb:set package 'rs1_robot' build argument 'cmake_args' from command line to 'None'
[3.248s] Level 5:colcon.colcon_core.verb:set package 'rs1_robot' build argument 'cmake_target' from command line to 'None'
[3.248s] Level 5:colcon.colcon_core.verb:set package 'rs1_robot' build argument 'cmake_target_skip_unavailable' from command line to 'False'
[3.248s] Level 5:colcon.colcon_core.verb:set package 'rs1_robot' build argument 'cmake_clean_cache' from command line to 'False'
[3.248s] Level 5:colcon.colcon_core.verb:set package 'rs1_robot' build argument 'cmake_clean_first' from command line to 'False'
[3.248s] Level 5:colcon.colcon_core.verb:set package 'rs1_robot' build argument 'cmake_force_configure' from command line to 'False'
[3.248s] Level 5:colcon.colcon_core.verb:set package 'rs1_robot' build argument 'ament_cmake_args' from command line to 'None'
[3.248s] Level 5:colcon.colcon_core.verb:set package 'rs1_robot' build argument 'catkin_cmake_args' from command line to 'None'
[3.248s] Level 5:colcon.colcon_core.verb:set package 'rs1_robot' build argument 'catkin_skip_building_tests' from command line to 'False'
[3.248s] DEBUG:colcon.colcon_core.verb:Building package 'rs1_robot' with the following arguments: {'ament_cmake_args': None, 'build_base': '/home/student/41068RS12025-Group18/build/rs1_robot', 'catkin_cmake_args': None, 'catkin_skip_building_tests': False, 'cmake_args': None, 'cmake_clean_cache': False, 'cmake_clean_first': False, 'cmake_force_configure': False, 'cmake_target': None, 'cmake_target_skip_unavailable': False, 'install_base': '/home/student/41068RS12025-Group18/install/rs1_robot', 'merge_install': False, 'path': '/home/student/41068RS12025-Group18/src/41068_ignition_bringup', 'symlink_install': False, 'test_result_base': None}
[3.248s] INFO:colcon.colcon_core.executor:Executing jobs using 'parallel' executor
[3.250s] DEBUG:colcon.colcon_parallel_executor.executor.parallel:run_until_complete
[3.250s] INFO:colcon.colcon_ros.task.ament_cmake.build:Building ROS package in '/home/student/41068RS12025-Group18/src/41068_ignition_bringup' with build type 'ament_cmake'
[3.250s] INFO:colcon.colcon_cmake.task.cmake.build:Building CMake package in '/home/student/41068RS12025-Group18/src/41068_ignition_bringup'
[3.309s] INFO:colcon.colcon_core.plugin_system:Skipping extension 'colcon_core.shell.bat': Not used on non-Windows systems
[3.309s] INFO:colcon.colcon_core.shell:Skip shell extension 'powershell' for command environment: Not usable outside of PowerShell
[3.309s] DEBUG:colcon.colcon_core.shell:Skip shell extension 'dsv' for command environment
[3.321s] DEBUG:colcon.colcon_core.event_handler.log_command:Invoking command in '/home/student/41068RS12025-Group18/build/rs1_robot': CMAKE_PREFIX_PATH=${CMAKE_PREFIX_PATH}:/opt/ros/humble /usr/bin/cmake /home/student/41068RS12025-Group18/src/41068_ignition_bringup -DCMAKE_INSTALL_PREFIX=/home/student/41068RS12025-Group18/install/rs1_robot
[11.019s] DEBUG:colcon.colcon_core.event_handler.log_command:Invoked command in '/home/student/41068RS12025-Group18/build/rs1_robot' returned '0': CMAKE_PREFIX_PATH=${CMAKE_PREFIX_PATH}:/opt/ros/humble /usr/bin/cmake /home/student/41068RS12025-Group18/src/41068_ignition_bringup -DCMAKE_INSTALL_PREFIX=/home/student/41068RS12025-Group18/install/rs1_robot
[11.021s] DEBUG:colcon.colcon_core.event_handler.log_command:Invoking command in '/home/student/41068RS12025-Group18/build/rs1_robot': CMAKE_PREFIX_PATH=${CMAKE_PREFIX_PATH}:/opt/ros/humble /usr/bin/cmake --build /home/student/41068RS12025-Group18/build/rs1_robot -- -j8 -l8
[15.423s] DEBUG:colcon.colcon_core.event_handler.log_command:Invoked command in '/home/student/41068RS12025-Group18/build/rs1_robot' returned '2': CMAKE_PREFIX_PATH=${CMAKE_PREFIX_PATH}:/opt/ros/humble /usr/bin/cmake --build /home/student/41068RS12025-Group18/build/rs1_robot -- -j8 -l8
[15.425s] Level 1:colcon.colcon_core.environment:create_environment_scripts_only(rs1_robot)
[15.501s] Level 1:colcon.colcon_core.environment:checking '/home/student/41068RS12025-Group18/install/rs1_robot' for CMake module files
[15.501s] Level 1:colcon.colcon_core.environment:checking '/home/student/41068RS12025-Group18/install/rs1_robot' for CMake config files
[15.502s] Level 1:colcon.colcon_core.environment:checking '/home/student/41068RS12025-Group18/install/rs1_robot/bin'
[15.502s] Level 1:colcon.colcon_core.environment:checking '/home/student/41068RS12025-Group18/install/rs1_robot/lib/pkgconfig/rs1_robot.pc'
[15.502s] Level 1:colcon.colcon_core.environment:checking '/home/student/41068RS12025-Group18/install/rs1_robot/lib/python3.10/site-packages'
[15.503s] Level 1:colcon.colcon_core.environment:checking '/home/student/41068RS12025-Group18/install/rs1_robot/bin'
[15.503s] INFO:colcon.colcon_core.shell:Creating package script '/home/student/41068RS12025-Group18/install/rs1_robot/share/rs1_robot/package.ps1'
[15.511s] INFO:colcon.colcon_core.shell:Creating package descriptor '/home/student/41068RS12025-Group18/install/rs1_robot/share/rs1_robot/package.dsv'
[15.515s] INFO:colcon.colcon_core.shell:Creating package script '/home/student/41068RS12025-Group18/install/rs1_robot/share/rs1_robot/package.sh'
[15.518s] INFO:colcon.colcon_core.shell:Creating package script '/home/student/41068RS12025-Group18/install/rs1_robot/share/rs1_robot/package.bash'
[15.526s] INFO:colcon.colcon_core.shell:Creating package script '/home/student/41068RS12025-Group18/install/rs1_robot/share/rs1_robot/package.zsh'
[15.533s] Level 1:colcon.colcon_core.environment:create_file_with_runtime_dependencies(/home/student/41068RS12025-Group18/install/rs1_robot/share/colcon-core/packages/rs1_robot)
[15.544s] DEBUG:colcon.colcon_parallel_executor.executor.parallel:closing loop
[15.544s] DEBUG:colcon.colcon_parallel_executor.executor.parallel:loop closed
[15.544s] DEBUG:colcon.colcon_parallel_executor.executor.parallel:run_until_complete finished with '2'
[15.544s] DEBUG:colcon.colcon_core.event_reactor:joining thread
[15.567s] INFO:colcon.colcon_core.plugin_system:Skipping extension 'colcon_notification.desktop_notification.terminal_notifier': Not used on non-Darwin systems
[15.567s] INFO:colcon.colcon_core.plugin_system:Skipping extension 'colcon_notification.desktop_notification.win32': Not used on non-Windows systems
[15.567s] INFO:colcon.colcon_notification.desktop_notification:Sending desktop notification using 'notify2'
[15.591s] DEBUG:colcon.colcon_core.event_reactor:joined thread
[15.591s] INFO:colcon.colcon_core.shell:Creating prefix script '/home/student/41068RS12025-Group18/install/local_setup.ps1'
[15.600s] INFO:colcon.colcon_core.shell:Creating prefix util module '/home/student/41068RS12025-Group18/install/_local_setup_util_ps1.py'
[15.606s] INFO:colcon.colcon_core.shell:Creating prefix chain script '/home/student/41068RS12025-Group18/install/setup.ps1'
[15.613s] INFO:colcon.colcon_core.shell:Creating prefix script '/home/student/41068RS12025-Group18/install/local_setup.sh'
[15.617s] INFO:colcon.colcon_core.shell:Creating prefix util module '/home/student/41068RS12025-Group18/install/_local_setup_util_sh.py'
[15.617s] INFO:colcon.colcon_core.shell:Creating prefix chain script '/home/student/41068RS12025-Group18/install/setup.sh'
[15.622s] INFO:colcon.colcon_core.shell:Creating prefix script '/home/student/41068RS12025-Group18/install/local_setup.bash'
[15.626s] INFO:colcon.colcon_core.shell:Creating prefix chain script '/home/student/41068RS12025-Group18/install/setup.bash'
[15.633s] INFO:colcon.colcon_core.shell:Creating prefix script '/home/student/41068RS12025-Group18/install/local_setup.zsh'
[15.639s] INFO:colcon.colcon_core.shell:Creating prefix chain script '/home/student/41068RS12025-Group18/install/setup.zsh'
