[0.012s] Invoking command in '/home/student/41068RS12025-Group18/build/drone_ignition_bringup': CMAKE_PREFIX_PATH=${CMAKE_PREFIX_PATH}:/opt/ros/humble /usr/bin/cmake /home/student/41068RS12025-Group18/src/drone_ignition_bringup -DCMAKE_INSTALL_PREFIX=/home/student/41068RS12025-Group18/install/drone_ignition_bringup
[0.069s] -- The C compiler identification is GNU 11.4.0
[0.130s] -- The CXX compiler identification is GNU 11.4.0
[0.138s] -- Detecting C compiler ABI info
[0.213s] -- Detecting C compiler ABI info - done
[0.221s] -- Check for working C compiler: /usr/bin/cc - skipped
[0.221s] -- Detecting C compile features
[0.221s] -- Detecting C compile features - done
[0.224s] -- Detecting CXX compiler ABI info
[0.316s] -- Detecting CXX compiler ABI info - done
[0.324s] -- Check for working CXX compiler: /usr/bin/c++ - skipped
[0.324s] -- Detecting CXX compile features
[0.325s] -- Detecting CXX compile features - done
[0.329s] -- Found ament_cmake: 1.3.12 (/opt/ros/humble/share/ament_cmake/cmake)
[0.488s] -- Found Python3: /usr/bin/python3 (found version "3.10.12") found components: Interpreter 
[0.587s] -- Found rclcpp: 16.0.15 (/opt/ros/humble/share/rclcpp/cmake)
[0.632s] -- Found rosidl_generator_c: 3.1.7 (/opt/ros/humble/share/rosidl_generator_c/cmake)
[0.638s] -- Found rosidl_adapter: 3.1.7 (/opt/ros/humble/share/rosidl_adapter/cmake)
[0.647s] -- Found rosidl_generator_cpp: 3.1.7 (/opt/ros/humble/share/rosidl_generator_cpp/cmake)
[0.660s] -- Using all available rosidl_typesupport_c: rosidl_typesupport_fastrtps_c;rosidl_typesupport_introspection_c
[0.676s] -- Using all available rosidl_typesupport_cpp: rosidl_typesupport_fastrtps_cpp;rosidl_typesupport_introspection_cpp
[0.722s] -- Found rmw_implementation_cmake: 6.1.2 (/opt/ros/humble/share/rmw_implementation_cmake/cmake)
[0.725s] -- Found rmw_fastrtps_cpp: 6.2.8 (/opt/ros/humble/share/rmw_fastrtps_cpp/cmake)
[0.815s] -- Found OpenSSL: /usr/lib/x86_64-linux-gnu/libcrypto.so (found version "3.0.2")  
[0.847s] -- Found FastRTPS: /opt/ros/humble/include  
[0.894s] -- Using RMW implementation 'rmw_fastrtps_cpp' as default
[0.903s] -- Looking for pthread.h
[0.985s] -- Looking for pthread.h - found
[0.986s] -- Performing Test CMAKE_HAVE_LIBC_PTHREAD
[1.069s] -- Performing Test CMAKE_HAVE_LIBC_PTHREAD - Success
[1.070s] -- Found Threads: TRUE  
[1.126s] -- Found rclcpp_components: 16.0.15 (/opt/ros/humble/share/rclcpp_components/cmake)
[1.157s] -- Found geometry_msgs: 4.9.0 (/opt/ros/humble/share/geometry_msgs/cmake)
[1.171s] -- Found sensor_msgs: 4.9.0 (/opt/ros/humble/share/sensor_msgs/cmake)
[1.190s] -- Found nav_msgs: 4.9.0 (/opt/ros/humble/share/nav_msgs/cmake)
[1.209s] -- Found std_srvs: 4.9.0 (/opt/ros/humble/share/std_srvs/cmake)
[1.219s] -- Found ros_gz_interfaces: 0.244.20 (/opt/ros/humble/share/ros_gz_interfaces/cmake)
[1.242s] -- Found visualization_msgs: 4.9.0 (/opt/ros/humble/share/visualization_msgs/cmake)
[1.264s] -- Found ros_gz_sim: 0.244.20 (/opt/ros/humble/share/ros_gz_sim/cmake)
[1.267s] -- Found ros_gz_bridge: 0.244.20 (/opt/ros/humble/share/ros_gz_bridge/cmake)
[1.305s] -- Found Protobuf: /usr/lib/x86_64-linux-gnu/libprotobuf.so (found suitable version "3.12.4", minimum required is "3") 
[1.385s] -- Found Protobuf: /usr/lib/x86_64-linux-gnu/libprotobuf.so (found version "3.12.4") 
[1.643s] -- Found tf2: 0.25.16 (/opt/ros/humble/share/tf2/cmake)
[1.648s] -- Found tf2_ros: 0.25.16 (/opt/ros/humble/share/tf2_ros/cmake)
[1.672s] -- Found tf2_geometry_msgs: 0.25.16 (/opt/ros/humble/share/tf2_geometry_msgs/cmake)
[1.687s] -- Found eigen3_cmake_module: 0.1.1 (/opt/ros/humble/share/eigen3_cmake_module/cmake)
[1.689s] -- Found Eigen3: TRUE (found version "3.4.0") 
[1.689s] -- Ensuring Eigen3 include directory is part of orocos-kdl CMake target
[1.692s] -- Found grid_map_ros: 2.0.1 (/opt/ros/humble/share/grid_map_ros/cmake)
[1.891s] -- Configuring done
[1.931s] -- Generating done
[1.947s] -- Build files have been written to: /home/student/41068RS12025-Group18/build/drone_ignition_bringup
[1.967s] Invoked command in '/home/student/41068RS12025-Group18/build/drone_ignition_bringup' returned '0': CMAKE_PREFIX_PATH=${CMAKE_PREFIX_PATH}:/opt/ros/humble /usr/bin/cmake /home/student/41068RS12025-Group18/src/drone_ignition_bringup -DCMAKE_INSTALL_PREFIX=/home/student/41068RS12025-Group18/install/drone_ignition_bringup
[1.970s] Invoking command in '/home/student/41068RS12025-Group18/build/drone_ignition_bringup': CMAKE_PREFIX_PATH=${CMAKE_PREFIX_PATH}:/opt/ros/humble /usr/bin/cmake --build /home/student/41068RS12025-Group18/build/drone_ignition_bringup -- -j8 -l8
[2.029s] [ 12%] [32mBuilding CXX object CMakeFiles/pid_controller.dir/src/pid.cpp.o[0m
[2.029s] [ 12%] [32mBuilding CXX object CMakeFiles/state_machine.dir/src/state_machine.cpp.o[0m
[2.029s] [ 18%] [32mBuilding CXX object CMakeFiles/path_planner.dir/src/path_planner.cpp.o[0m
[2.029s] [ 25%] [32mBuilding CXX object CMakeFiles/mission_executor.dir/src/mission_executor.cpp.o[0m
[2.351s] [ 31%] [32m[1mLinking CXX shared library libpid_controller.so[0m
[2.422s] [ 31%] Built target pid_controller
[2.448s] [ 37%] [32mBuilding CXX object CMakeFiles/drone_control.dir/src/drone_control.cpp.o[0m
[2.728s] [ 43%] [32m[1mLinking CXX shared library libpath_planner.so[0m
[2.906s] [ 43%] Built target path_planner
[4.797s] [ 50%] [32m[1mLinking CXX shared library libmission_executor.so[0m
[4.818s] [ 56%] [32m[1mLinking CXX shared library libstate_machine.so[0m
[4.919s] [ 56%] Built target state_machine
[4.928s] [ 56%] Built target mission_executor
[4.953s] [ 62%] [32mBuilding CXX object CMakeFiles/mission_planner_component.dir/src/mission_node.cpp.o[0m
[5.677s] [ 68%] [32m[1mLinking CXX shared library libdrone_control.so[0m
[5.819s] [ 68%] Built target drone_control
[5.842s] [ 75%] [32mBuilding CXX object CMakeFiles/drone_controller_enhanced_component.dir/src/drone_node.cpp.o[0m
[25.135s] [ 81%] [32m[1mLinking CXX shared library libmission_planner_component.so[0m
[26.295s] [ 81%] Built target mission_planner_component
[33.121s] [ 87%] [32m[1mLinking CXX shared library libdrone_controller_enhanced_component.so[0m
[34.859s] [ 87%] Built target drone_controller_enhanced_component
[34.886s] [ 93%] [32mBuilding CXX object CMakeFiles/drone_mission_composed.dir/src/main_composition.cpp.o[0m
[39.148s] [100%] [32m[1mLinking CXX executable drone_mission_composed[0m
[39.734s] [100%] Built target drone_mission_composed
[39.747s] Invoked command in '/home/student/41068RS12025-Group18/build/drone_ignition_bringup' returned '0': CMAKE_PREFIX_PATH=${CMAKE_PREFIX_PATH}:/opt/ros/humble /usr/bin/cmake --build /home/student/41068RS12025-Group18/build/drone_ignition_bringup -- -j8 -l8
[39.759s] Invoking command in '/home/student/41068RS12025-Group18/build/drone_ignition_bringup': CMAKE_PREFIX_PATH=${CMAKE_PREFIX_PATH}:/opt/ros/humble /usr/bin/cmake --install /home/student/41068RS12025-Group18/build/drone_ignition_bringup
[39.767s] -- Install configuration: ""
[39.767s] -- Installing: /home/student/41068RS12025-Group18/install/drone_ignition_bringup/lib/drone_ignition_bringup/libpid_controller.so
[39.767s] -- Set runtime path of "/home/student/41068RS12025-Group18/install/drone_ignition_bringup/lib/drone_ignition_bringup/libpid_controller.so" to ""
[39.767s] -- Installing: /home/student/41068RS12025-Group18/install/drone_ignition_bringup/lib/drone_ignition_bringup/libdrone_control.so
[39.769s] -- Set runtime path of "/home/student/41068RS12025-Group18/install/drone_ignition_bringup/lib/drone_ignition_bringup/libdrone_control.so" to ""
[39.769s] -- Installing: /home/student/41068RS12025-Group18/install/drone_ignition_bringup/lib/drone_ignition_bringup/libstate_machine.so
[39.769s] -- Set runtime path of "/home/student/41068RS12025-Group18/install/drone_ignition_bringup/lib/drone_ignition_bringup/libstate_machine.so" to ""
[39.769s] -- Installing: /home/student/41068RS12025-Group18/install/drone_ignition_bringup/lib/drone_ignition_bringup/libpath_planner.so
[39.770s] -- Set runtime path of "/home/student/41068RS12025-Group18/install/drone_ignition_bringup/lib/drone_ignition_bringup/libpath_planner.so" to ""
[39.770s] -- Installing: /home/student/41068RS12025-Group18/install/drone_ignition_bringup/lib/drone_ignition_bringup/libmission_executor.so
[39.770s] -- Set runtime path of "/home/student/41068RS12025-Group18/install/drone_ignition_bringup/lib/drone_ignition_bringup/libmission_executor.so" to ""
[39.770s] -- Installing: /home/student/41068RS12025-Group18/install/drone_ignition_bringup/lib/drone_ignition_bringup/libdrone_controller_enhanced_component.so
[39.807s] -- Set runtime path of "/home/student/41068RS12025-Group18/install/drone_ignition_bringup/lib/drone_ignition_bringup/libdrone_controller_enhanced_component.so" to ""
[39.807s] -- Installing: /home/student/41068RS12025-Group18/install/drone_ignition_bringup/lib/drone_ignition_bringup/drone_mission_composed
[39.808s] -- Set runtime path of "/home/student/41068RS12025-Group18/install/drone_ignition_bringup/lib/drone_ignition_bringup/drone_mission_composed" to ""
[39.808s] -- Installing: /home/student/41068RS12025-Group18/install/drone_ignition_bringup/share/drone_ignition_bringup/config
[39.808s] -- Installing: /home/student/41068RS12025-Group18/install/drone_ignition_bringup/share/drone_ignition_bringup/config/drone.yaml
[39.808s] -- Installing: /home/student/41068RS12025-Group18/install/drone_ignition_bringup/share/drone_ignition_bringup/config/gazebo_bridge.yaml
[39.808s] -- Installing: /home/student/41068RS12025-Group18/install/drone_ignition_bringup/share/drone_ignition_bringup/config/nav2_params.yaml
[39.808s] -- Installing: /home/student/41068RS12025-Group18/install/drone_ignition_bringup/share/drone_ignition_bringup/config/waypoints.yaml
[39.808s] -- Installing: /home/student/41068RS12025-Group18/install/drone_ignition_bringup/share/drone_ignition_bringup/config/rs1_robot_config.rviz
[39.808s] -- Installing: /home/student/41068RS12025-Group18/install/drone_ignition_bringup/share/drone_ignition_bringup/config/map.yaml
[39.809s] -- Installing: /home/student/41068RS12025-Group18/install/drone_ignition_bringup/share/drone_ignition_bringup/launch
[39.809s] -- Installing: /home/student/41068RS12025-Group18/install/drone_ignition_bringup/share/drone_ignition_bringup/launch/rs1_robot_rviz.py
[39.809s] -- Installing: /home/student/41068RS12025-Group18/install/drone_ignition_bringup/share/drone_ignition_bringup/launch/rs1_drone_spawner.py
[39.809s] -- Installing: /home/student/41068RS12025-Group18/install/drone_ignition_bringup/share/drone_ignition_bringup/launch/rs1_robot_world.py
[39.809s] -- Installing: /home/student/41068RS12025-Group18/install/drone_ignition_bringup/share/drone_ignition_bringup/launch/rs1_robot_ignition.py
[39.809s] -- Installing: /home/student/41068RS12025-Group18/install/drone_ignition_bringup/share/drone_ignition_bringup/launch/__pycache__
[39.809s] -- Installing: /home/student/41068RS12025-Group18/install/drone_ignition_bringup/share/drone_ignition_bringup/launch/__pycache__/rs1_drone_spawner.cpython-310.pyc
[39.809s] -- Installing: /home/student/41068RS12025-Group18/install/drone_ignition_bringup/share/drone_ignition_bringup/launch/__pycache__/rs1_drone_spawner_fixed.cpython-310.pyc
[39.809s] -- Installing: /home/student/41068RS12025-Group18/install/drone_ignition_bringup/share/drone_ignition_bringup/launch/rs1_single_drone.py
[39.810s] -- Installing: /home/student/41068RS12025-Group18/install/drone_ignition_bringup/share/drone_ignition_bringup/models
[39.810s] -- Installing: /home/student/41068RS12025-Group18/install/drone_ignition_bringup/share/drone_ignition_bringup/models/grass_plane
[39.810s] -- Installing: /home/student/41068RS12025-Group18/install/drone_ignition_bringup/share/drone_ignition_bringup/models/grass_plane/model.config
[39.810s] -- Installing: /home/student/41068RS12025-Group18/install/drone_ignition_bringup/share/drone_ignition_bringup/models/grass_plane/model.sdf
[39.810s] -- Installing: /home/student/41068RS12025-Group18/install/drone_ignition_bringup/share/drone_ignition_bringup/models/grass_plane/materials
[39.810s] -- Installing: /home/student/41068RS12025-Group18/install/drone_ignition_bringup/share/drone_ignition_bringup/models/grass_plane/materials/textures
[39.810s] -- Installing: /home/student/41068RS12025-Group18/install/drone_ignition_bringup/share/drone_ignition_bringup/models/grass_plane/materials/textures/empty_grass.png
[39.814s] -- Installing: /home/student/41068RS12025-Group18/install/drone_ignition_bringup/share/drone_ignition_bringup/models/model.config
[39.814s] -- Installing: /home/student/41068RS12025-Group18/install/drone_ignition_bringup/share/drone_ignition_bringup/models/forest_plane
[39.814s] -- Installing: /home/student/41068RS12025-Group18/install/drone_ignition_bringup/share/drone_ignition_bringup/models/forest_plane/model.config
[39.815s] -- Installing: /home/student/41068RS12025-Group18/install/drone_ignition_bringup/share/drone_ignition_bringup/models/forest_plane/model.sdf
[39.815s] -- Installing: /home/student/41068RS12025-Group18/install/drone_ignition_bringup/share/drone_ignition_bringup/models/forest_plane/materials
[39.815s] -- Installing: /home/student/41068RS12025-Group18/install/drone_ignition_bringup/share/drone_ignition_bringup/models/forest_plane/materials/textures
[39.815s] -- Installing: /home/student/41068RS12025-Group18/install/drone_ignition_bringup/share/drone_ignition_bringup/models/forest_plane/materials/textures/forest_overhead.png
[39.818s] -- Installing: /home/student/41068RS12025-Group18/install/drone_ignition_bringup/share/drone_ignition_bringup/models/forest_plane/materials/textures/empty_grass.png
[39.822s] -- Installing: /home/student/41068RS12025-Group18/install/drone_ignition_bringup/share/drone_ignition_bringup/models/forest_plane/materials/textures/leaf_litter.png
[39.825s] -- Installing: /home/student/41068RS12025-Group18/install/drone_ignition_bringup/share/drone_ignition_bringup/models/quadrotor_4.stl
[39.826s] -- Installing: /home/student/41068RS12025-Group18/install/drone_ignition_bringup/share/drone_ignition_bringup/models/forest_wall
[39.826s] -- Installing: /home/student/41068RS12025-Group18/install/drone_ignition_bringup/share/drone_ignition_bringup/models/forest_wall/model.config
[39.826s] -- Installing: /home/student/41068RS12025-Group18/install/drone_ignition_bringup/share/drone_ignition_bringup/models/forest_wall/model.sdf
[39.826s] -- Installing: /home/student/41068RS12025-Group18/install/drone_ignition_bringup/share/drone_ignition_bringup/models/forest_wall/materials
[39.826s] -- Installing: /home/student/41068RS12025-Group18/install/drone_ignition_bringup/share/drone_ignition_bringup/models/forest_wall/materials/textures
[39.826s] -- Installing: /home/student/41068RS12025-Group18/install/drone_ignition_bringup/share/drone_ignition_bringup/models/forest_wall/materials/textures/forest_wall_transparent.png
[39.829s] -- Installing: /home/student/41068RS12025-Group18/install/drone_ignition_bringup/share/drone_ignition_bringup/models/forest_wall/materials/textures/forest_wall_transparent_small.png
[39.829s] -- Installing: /home/student/41068RS12025-Group18/install/drone_ignition_bringup/share/drone_ignition_bringup/models/forest_wall/materials/textures/forest_wall.png
[39.832s] -- Installing: /home/student/41068RS12025-Group18/install/drone_ignition_bringup/share/drone_ignition_bringup/models/quadrotor_4.dae
[39.832s] -- Installing: /home/student/41068RS12025-Group18/install/drone_ignition_bringup/share/drone_ignition_bringup/models/sjtu_drone.sdf
[39.832s] -- Installing: /home/student/41068RS12025-Group18/install/drone_ignition_bringup/share/drone_ignition_bringup/urdf
[39.832s] -- Installing: /home/student/41068RS12025-Group18/install/drone_ignition_bringup/share/drone_ignition_bringup/urdf/rs1_drone.urdf.xacro
[39.833s] -- Installing: /home/student/41068RS12025-Group18/install/drone_ignition_bringup/share/drone_ignition_bringup/urdf/model
[39.833s] -- Installing: /home/student/41068RS12025-Group18/install/drone_ignition_bringup/share/drone_ignition_bringup/urdf/model/model.config
[39.833s] -- Installing: /home/student/41068RS12025-Group18/install/drone_ignition_bringup/share/drone_ignition_bringup/urdf/rs1_drone.urdf
[39.833s] -- Installing: /home/student/41068RS12025-Group18/install/drone_ignition_bringup/share/drone_ignition_bringup/worlds
[39.833s] -- Installing: /home/student/41068RS12025-Group18/install/drone_ignition_bringup/share/drone_ignition_bringup/worlds/simple_test.world
[39.833s] -- Installing: /home/student/41068RS12025-Group18/install/drone_ignition_bringup/share/drone_ignition_bringup/worlds/simple_trees.sdf
[39.833s] -- Installing: /home/student/41068RS12025-Group18/install/drone_ignition_bringup/share/drone_ignition_bringup/worlds/simple_trees_builtin.sdf
[39.833s] -- Up-to-date: /home/student/41068RS12025-Group18/install/drone_ignition_bringup/share/drone_ignition_bringup
[39.833s] -- Installing: /home/student/41068RS12025-Group18/install/drone_ignition_bringup/share/drone_ignition_bringup/drone_control.h
[39.834s] -- Installing: /home/student/41068RS12025-Group18/install/drone_ignition_bringup/share/drone_ignition_bringup/sensor_manager.h
[39.834s] -- Installing: /home/student/41068RS12025-Group18/install/drone_ignition_bringup/share/drone_ignition_bringup/mission
[39.834s] -- Installing: /home/student/41068RS12025-Group18/install/drone_ignition_bringup/share/drone_ignition_bringup/mission/state_machine.h
[39.834s] -- Installing: /home/student/41068RS12025-Group18/install/drone_ignition_bringup/share/drone_ignition_bringup/mission/mission_executor.h
[39.834s] -- Installing: /home/student/41068RS12025-Group18/install/drone_ignition_bringup/share/drone_ignition_bringup/mission/path_planner.h
[39.834s] -- Installing: /home/student/41068RS12025-Group18/install/drone_ignition_bringup/share/drone_ignition_bringup/safety_monitor.h
[39.834s] -- Installing: /home/student/41068RS12025-Group18/install/drone_ignition_bringup/share/drone_ignition_bringup/mission_node.h
[39.834s] -- Installing: /home/student/41068RS12025-Group18/install/drone_ignition_bringup/share/drone_ignition_bringup/waypoint_nav_node.h
[39.834s] -- Installing: /home/student/41068RS12025-Group18/install/drone_ignition_bringup/share/drone_ignition_bringup/drone_node.h
[39.834s] -- Installing: /home/student/41068RS12025-Group18/install/drone_ignition_bringup/share/drone_ignition_bringup/pid.h
[39.834s] -- Installing: /home/student/41068RS12025-Group18/install/drone_ignition_bringup/share/drone_ignition_bringup/mission_state.h
[39.835s] -- Up-to-date: /home/student/41068RS12025-Group18/install/drone_ignition_bringup/share/drone_ignition_bringup/launch/rs1_drone_spawner.py
[39.835s] -- Up-to-date: /home/student/41068RS12025-Group18/install/drone_ignition_bringup/share/drone_ignition_bringup/launch/rs1_single_drone.py
[39.835s] -- Installing: /home/student/41068RS12025-Group18/install/drone_ignition_bringup/lib/libmission_planner_component.so
[39.857s] -- Set runtime path of "/home/student/41068RS12025-Group18/install/drone_ignition_bringup/lib/libmission_planner_component.so" to ""
[39.858s] -- Installing: /home/student/41068RS12025-Group18/install/drone_ignition_bringup/lib/libdrone_controller_enhanced_component.so
[39.894s] -- Set runtime path of "/home/student/41068RS12025-Group18/install/drone_ignition_bringup/lib/libdrone_controller_enhanced_component.so" to ""
[39.894s] -- Installing: /home/student/41068RS12025-Group18/install/drone_ignition_bringup/lib/libpid_controller.so
[39.894s] -- Set runtime path of "/home/student/41068RS12025-Group18/install/drone_ignition_bringup/lib/libpid_controller.so" to ""
[39.894s] -- Installing: /home/student/41068RS12025-Group18/install/drone_ignition_bringup/lib/libdrone_control.so
[39.895s] -- Set runtime path of "/home/student/41068RS12025-Group18/install/drone_ignition_bringup/lib/libdrone_control.so" to ""
[39.895s] -- Installing: /home/student/41068RS12025-Group18/install/drone_ignition_bringup/lib/libstate_machine.so
[39.895s] -- Set runtime path of "/home/student/41068RS12025-Group18/install/drone_ignition_bringup/lib/libstate_machine.so" to ""
[39.895s] -- Installing: /home/student/41068RS12025-Group18/install/drone_ignition_bringup/lib/libpath_planner.so
[39.896s] -- Set runtime path of "/home/student/41068RS12025-Group18/install/drone_ignition_bringup/lib/libpath_planner.so" to ""
[39.896s] -- Installing: /home/student/41068RS12025-Group18/install/drone_ignition_bringup/lib/libmission_executor.so
[39.896s] -- Set runtime path of "/home/student/41068RS12025-Group18/install/drone_ignition_bringup/lib/libmission_executor.so" to ""
[39.896s] -- Installing: /home/student/41068RS12025-Group18/install/drone_ignition_bringup/share/ament_index/resource_index/package_run_dependencies/drone_ignition_bringup
[39.896s] -- Installing: /home/student/41068RS12025-Group18/install/drone_ignition_bringup/share/ament_index/resource_index/parent_prefix_path/drone_ignition_bringup
[39.897s] -- Installing: /home/student/41068RS12025-Group18/install/drone_ignition_bringup/share/drone_ignition_bringup/environment/ament_prefix_path.sh
[39.897s] -- Installing: /home/student/41068RS12025-Group18/install/drone_ignition_bringup/share/drone_ignition_bringup/environment/ament_prefix_path.dsv
[39.897s] -- Installing: /home/student/41068RS12025-Group18/install/drone_ignition_bringup/share/drone_ignition_bringup/environment/path.sh
[39.897s] -- Installing: /home/student/41068RS12025-Group18/install/drone_ignition_bringup/share/drone_ignition_bringup/environment/path.dsv
[39.897s] -- Installing: /home/student/41068RS12025-Group18/install/drone_ignition_bringup/share/drone_ignition_bringup/local_setup.bash
[39.897s] -- Installing: /home/student/41068RS12025-Group18/install/drone_ignition_bringup/share/drone_ignition_bringup/local_setup.sh
[39.897s] -- Installing: /home/student/41068RS12025-Group18/install/drone_ignition_bringup/share/drone_ignition_bringup/local_setup.zsh
[39.898s] -- Installing: /home/student/41068RS12025-Group18/install/drone_ignition_bringup/share/drone_ignition_bringup/local_setup.dsv
[39.898s] -- Installing: /home/student/41068RS12025-Group18/install/drone_ignition_bringup/share/drone_ignition_bringup/package.dsv
[39.898s] -- Installing: /home/student/41068RS12025-Group18/install/drone_ignition_bringup/share/ament_index/resource_index/packages/drone_ignition_bringup
[39.898s] -- Installing: /home/student/41068RS12025-Group18/install/drone_ignition_bringup/share/ament_index/resource_index/rclcpp_components/drone_ignition_bringup
[39.898s] -- Installing: /home/student/41068RS12025-Group18/install/drone_ignition_bringup/share/drone_ignition_bringup/cmake/export_mission_componentsExport.cmake
[39.898s] -- Installing: /home/student/41068RS12025-Group18/install/drone_ignition_bringup/share/drone_ignition_bringup/cmake/export_mission_componentsExport-noconfig.cmake
[39.898s] -- Installing: /home/student/41068RS12025-Group18/install/drone_ignition_bringup/share/drone_ignition_bringup/cmake/ament_cmake_export_dependencies-extras.cmake
[39.899s] -- Installing: /home/student/41068RS12025-Group18/install/drone_ignition_bringup/share/drone_ignition_bringup/cmake/ament_cmake_export_targets-extras.cmake
[39.899s] -- Installing: /home/student/41068RS12025-Group18/install/drone_ignition_bringup/share/drone_ignition_bringup/cmake/drone_ignition_bringupConfig.cmake
[39.899s] -- Installing: /home/student/41068RS12025-Group18/install/drone_ignition_bringup/share/drone_ignition_bringup/cmake/drone_ignition_bringupConfig-version.cmake
[39.899s] -- Installing: /home/student/41068RS12025-Group18/install/drone_ignition_bringup/share/drone_ignition_bringup/package.xml
[39.902s] Invoked command in '/home/student/41068RS12025-Group18/build/drone_ignition_bringup' returned '0': CMAKE_PREFIX_PATH=${CMAKE_PREFIX_PATH}:/opt/ros/humble /usr/bin/cmake --install /home/student/41068RS12025-Group18/build/drone_ignition_bringup
