[0.022s] Invoking command in '/home/student/git/41068RS12025-Group18/build/41068_ignition_bringup': CMAKE_PREFIX_PATH=/home/student/ros2_ws/install/turtlesim:/opt/ros/humble /usr/bin/cmake /home/student/git/41068RS12025-Group18/41068_ignition_bringup -DCMAKE_INSTALL_PREFIX=/home/student/git/41068RS12025-Group18/install/41068_ignition_bringup
[0.786s] -- The C compiler identification is GNU 11.4.0
[1.330s] -- The CXX compiler identification is GNU 11.4.0
[1.366s] -- Detecting C compiler ABI info
[1.532s] -- Detecting C compiler ABI info - done
[1.542s] -- Check for working C compiler: /usr/bin/cc - skipped
[1.542s] -- Detecting C compile features
[1.548s] -- Detecting C compile features - done
[1.552s] -- Detecting CXX compiler ABI info
[1.679s] -- Detecting CXX compiler ABI info - done
[1.689s] -- Check for working CXX compiler: /usr/bin/c++ - skipped
[1.690s] -- Detecting CXX compile features
[1.690s] -- Detecting CXX compile features - done
[1.706s] -- Found ament_cmake: 1.3.12 (/opt/ros/humble/share/ament_cmake/cmake)
[1.915s] -- Found Python3: /usr/bin/python3 (found version "3.10.12") found components: Interpreter 
[2.087s] [31mCMake Error at CMakeLists.txt:11 (find_package):
[2.087s]   By not providing "Findros_ign_interfaces.cmake" in CMAKE_MODULE_PATH this
[2.087s]   project has asked CMake to find a package configuration file provided by
[2.087s]   "ros_ign_interfaces", but CMake did not find one.
[2.087s] 
[2.087s]   Could not find a package configuration file provided by
[2.087s]   "ros_ign_interfaces" with any of the following names:
[2.087s] 
[2.087s]     ros_ign_interfacesConfig.cmake
[2.087s]     ros_ign_interfaces-config.cmake
[2.088s] 
[2.088s]   Add the installation prefix of "ros_ign_interfaces" to CMAKE_PREFIX_PATH or
[2.088s]   set "ros_ign_interfaces_DIR" to a directory containing one of the above
[2.088s]   files.  If "ros_ign_interfaces" provides a separate development package or
[2.088s]   SDK, be sure it has been installed.
[2.088s] 
[2.088s] -- Configuring incomplete, errors occurred!
[2.088s] See also "/home/student/git/41068RS12025-Group18/build/41068_ignition_bringup/CMakeFiles/CMakeOutput.log".
[2.088s] [0m
[2.092s] Invoked command in '/home/student/git/41068RS12025-Group18/build/41068_ignition_bringup' returned '1': CMAKE_PREFIX_PATH=/home/student/ros2_ws/install/turtlesim:/opt/ros/humble /usr/bin/cmake /home/student/git/41068RS12025-Group18/41068_ignition_bringup -DCMAKE_INSTALL_PREFIX=/home/student/git/41068RS12025-Group18/install/41068_ignition_bringup
