[0.115s] DEBUG:colcon:Command line arguments: ['/usr/bin/colcon', 'build', '--symlink-install']
[0.115s] DEBUG:colcon:Parsed command line arguments: Namespace(log_base=None, log_level=None, verb_name='build', build_base='build', install_base='install', merge_install=False, symlink_install=True, test_result_base=None, continue_on_error=False, executor='parallel', parallel_workers=8, event_handlers=None, ignore_user_meta=False, metas=['./colcon.meta'], base_paths=['.'], packages_ignore=None, packages_ignore_regex=None, paths=None, packages_up_to=None, packages_up_to_regex=None, packages_above=None, packages_above_and_dependencies=None, packages_above_depth=None, packages_select_by_dep=None, packages_skip_by_dep=None, packages_skip_up_to=None, packages_select_build_failed=False, packages_skip_build_finished=False, packages_select_test_failures=False, packages_skip_test_passed=False, packages_select=None, packages_skip=None, packages_select_regex=None, packages_skip_regex=None, packages_start=None, packages_end=None, allow_overriding=[], cmake_args=None, cmake_target=None, cmake_target_skip_unavailable=False, cmake_clean_cache=False, cmake_clean_first=False, cmake_force_configure=False, ament_cmake_args=None, catkin_cmake_args=None, catkin_skip_building_tests=False, mixin_files=None, mixin=None, verb_parser=<colcon_mixin.mixin.mixin_argument.MixinArgumentDecorator object at 0x7f2a6243e740>, verb_extension=<colcon_core.verb.build.BuildVerb object at 0x7f2a6243dd20>, main=<bound method BuildVerb.main of <colcon_core.verb.build.BuildVerb object at 0x7f2a6243dd20>>, mixin_verb=('build',))
[0.315s] Level 1:colcon.colcon_core.package_discovery:discover_packages(colcon_meta) check parameters
[0.315s] Level 1:colcon.colcon_core.package_discovery:discover_packages(recursive) check parameters
[0.315s] Level 1:colcon.colcon_core.package_discovery:discover_packages(ignore) check parameters
[0.315s] Level 1:colcon.colcon_core.package_discovery:discover_packages(path) check parameters
[0.315s] Level 1:colcon.colcon_core.package_discovery:discover_packages(colcon_meta) discover
[0.315s] Level 1:colcon.colcon_core.package_discovery:discover_packages(recursive) discover
[0.315s] INFO:colcon.colcon_core.package_discovery:Crawling recursively for packages in '/home/student/41068_ws/src/41068RS12025-Group18'
[0.315s] Level 1:colcon.colcon_core.package_identification:_identify(.) by extensions ['ignore', 'ignore_ament_install']
[0.315s] Level 1:colcon.colcon_core.package_identification:_identify(.) by extension 'ignore'
[0.315s] Level 1:colcon.colcon_core.package_identification:_identify(.) by extension 'ignore_ament_install'
[0.316s] Level 1:colcon.colcon_core.package_identification:_identify(.) by extensions ['colcon_pkg']
[0.316s] Level 1:colcon.colcon_core.package_identification:_identify(.) by extension 'colcon_pkg'
[0.316s] Level 1:colcon.colcon_core.package_identification:_identify(.) by extensions ['colcon_meta']
[0.316s] Level 1:colcon.colcon_core.package_identification:_identify(.) by extension 'colcon_meta'
[0.316s] Level 1:colcon.colcon_core.package_identification:_identify(.) by extensions ['ros']
[0.316s] Level 1:colcon.colcon_core.package_identification:_identify(.) by extension 'ros'
[0.327s] Level 1:colcon.colcon_core.package_identification:_identify(.) by extensions ['cmake', 'python']
[0.327s] Level 1:colcon.colcon_core.package_identification:_identify(.) by extension 'cmake'
[0.327s] Level 1:colcon.colcon_core.package_identification:_identify(.) by extension 'python'
[0.328s] Level 1:colcon.colcon_core.package_identification:_identify(.) by extensions ['python_setup_py']
[0.328s] Level 1:colcon.colcon_core.package_identification:_identify(.) by extension 'python_setup_py'
[0.328s] Level 1:colcon.colcon_core.package_identification:_identify(41068_ignition_bringup) by extensions ['ignore', 'ignore_ament_install']
[0.328s] Level 1:colcon.colcon_core.package_identification:_identify(41068_ignition_bringup) by extension 'ignore'
[0.328s] Level 1:colcon.colcon_core.package_identification:_identify(41068_ignition_bringup) by extension 'ignore_ament_install'
[0.328s] Level 1:colcon.colcon_core.package_identification:_identify(41068_ignition_bringup) by extensions ['colcon_pkg']
[0.328s] Level 1:colcon.colcon_core.package_identification:_identify(41068_ignition_bringup) by extension 'colcon_pkg'
[0.328s] Level 1:colcon.colcon_core.package_identification:_identify(41068_ignition_bringup) by extensions ['colcon_meta']
[0.328s] Level 1:colcon.colcon_core.package_identification:_identify(41068_ignition_bringup) by extension 'colcon_meta'
[0.328s] Level 1:colcon.colcon_core.package_identification:_identify(41068_ignition_bringup) by extensions ['ros']
[0.328s] Level 1:colcon.colcon_core.package_identification:_identify(41068_ignition_bringup) by extension 'ros'
[0.331s] DEBUG:colcon.colcon_core.package_identification:Package '41068_ignition_bringup' with type 'ros.ament_cmake' and name '41068_ignition_bringup'
[0.331s] Level 1:colcon.colcon_core.package_identification:_identify(build) by extensions ['ignore', 'ignore_ament_install']
[0.331s] Level 1:colcon.colcon_core.package_identification:_identify(build) by extension 'ignore'
[0.331s] Level 1:colcon.colcon_core.package_identification:_identify(build) ignored
[0.332s] Level 1:colcon.colcon_core.package_identification:_identify(drone_controller) by extensions ['ignore', 'ignore_ament_install']
[0.332s] Level 1:colcon.colcon_core.package_identification:_identify(drone_controller) by extension 'ignore'
[0.332s] Level 1:colcon.colcon_core.package_identification:_identify(drone_controller) by extension 'ignore_ament_install'
[0.332s] Level 1:colcon.colcon_core.package_identification:_identify(drone_controller) by extensions ['colcon_pkg']
[0.332s] Level 1:colcon.colcon_core.package_identification:_identify(drone_controller) by extension 'colcon_pkg'
[0.332s] Level 1:colcon.colcon_core.package_identification:_identify(drone_controller) by extensions ['colcon_meta']
[0.332s] Level 1:colcon.colcon_core.package_identification:_identify(drone_controller) by extension 'colcon_meta'
[0.332s] Level 1:colcon.colcon_core.package_identification:_identify(drone_controller) by extensions ['ros']
[0.332s] Level 1:colcon.colcon_core.package_identification:_identify(drone_controller) by extension 'ros'
[0.333s] DEBUG:colcon.colcon_core.package_identification:Package 'drone_controller' with type 'ros.ament_cmake' and name 'drone_controller'
[0.333s] Level 1:colcon.colcon_core.package_identification:_identify(install) by extensions ['ignore', 'ignore_ament_install']
[0.333s] Level 1:colcon.colcon_core.package_identification:_identify(install) by extension 'ignore'
[0.333s] Level 1:colcon.colcon_core.package_identification:_identify(install) ignored
[0.333s] Level 1:colcon.colcon_core.package_identification:_identify(log) by extensions ['ignore', 'ignore_ament_install']
[0.333s] Level 1:colcon.colcon_core.package_identification:_identify(log) by extension 'ignore'
[0.333s] Level 1:colcon.colcon_core.package_identification:_identify(log) ignored
[0.333s] Level 1:colcon.colcon_core.package_discovery:discover_packages(recursive) using defaults
[0.333s] Level 1:colcon.colcon_core.package_discovery:discover_packages(ignore) discover
[0.333s] Level 1:colcon.colcon_core.package_discovery:discover_packages(ignore) using defaults
[0.334s] Level 1:colcon.colcon_core.package_discovery:discover_packages(path) discover
[0.334s] Level 1:colcon.colcon_core.package_discovery:discover_packages(path) using defaults
[0.368s] Level 1:colcon.colcon_core.package_discovery:discover_packages(prefix_path) check parameters
[0.368s] Level 1:colcon.colcon_core.package_discovery:discover_packages(prefix_path) discover
[0.370s] DEBUG:colcon.colcon_installed_package_information.package_discovery:Found 1 installed packages in /home/student/ros2_ws/install
[0.372s] DEBUG:colcon.colcon_installed_package_information.package_discovery:Found 424 installed packages in /opt/ros/humble
[0.374s] Level 1:colcon.colcon_core.package_discovery:discover_packages(prefix_path) using defaults
[0.424s] Level 5:colcon.colcon_core.verb:set package '41068_ignition_bringup' build argument 'cmake_args' from command line to 'None'
[0.424s] Level 5:colcon.colcon_core.verb:set package '41068_ignition_bringup' build argument 'cmake_target' from command line to 'None'
[0.424s] Level 5:colcon.colcon_core.verb:set package '41068_ignition_bringup' build argument 'cmake_target_skip_unavailable' from command line to 'False'
[0.425s] Level 5:colcon.colcon_core.verb:set package '41068_ignition_bringup' build argument 'cmake_clean_cache' from command line to 'False'
[0.425s] Level 5:colcon.colcon_core.verb:set package '41068_ignition_bringup' build argument 'cmake_clean_first' from command line to 'False'
[0.425s] Level 5:colcon.colcon_core.verb:set package '41068_ignition_bringup' build argument 'cmake_force_configure' from command line to 'False'
[0.425s] Level 5:colcon.colcon_core.verb:set package '41068_ignition_bringup' build argument 'ament_cmake_args' from command line to 'None'
[0.425s] Level 5:colcon.colcon_core.verb:set package '41068_ignition_bringup' build argument 'catkin_cmake_args' from command line to 'None'
[0.425s] Level 5:colcon.colcon_core.verb:set package '41068_ignition_bringup' build argument 'catkin_skip_building_tests' from command line to 'False'
[0.425s] DEBUG:colcon.colcon_core.verb:Building package '41068_ignition_bringup' with the following arguments: {'ament_cmake_args': None, 'build_base': '/home/student/41068_ws/src/41068RS12025-Group18/build/41068_ignition_bringup', 'catkin_cmake_args': None, 'catkin_skip_building_tests': False, 'cmake_args': None, 'cmake_clean_cache': False, 'cmake_clean_first': False, 'cmake_force_configure': False, 'cmake_target': None, 'cmake_target_skip_unavailable': False, 'install_base': '/home/student/41068_ws/src/41068RS12025-Group18/install/41068_ignition_bringup', 'merge_install': False, 'path': '/home/student/41068_ws/src/41068RS12025-Group18/41068_ignition_bringup', 'symlink_install': True, 'test_result_base': None}
[0.425s] Level 5:colcon.colcon_core.verb:set package 'drone_controller' build argument 'cmake_args' from command line to 'None'
[0.425s] Level 5:colcon.colcon_core.verb:set package 'drone_controller' build argument 'cmake_target' from command line to 'None'
[0.425s] Level 5:colcon.colcon_core.verb:set package 'drone_controller' build argument 'cmake_target_skip_unavailable' from command line to 'False'
[0.425s] Level 5:colcon.colcon_core.verb:set package 'drone_controller' build argument 'cmake_clean_cache' from command line to 'False'
[0.425s] Level 5:colcon.colcon_core.verb:set package 'drone_controller' build argument 'cmake_clean_first' from command line to 'False'
[0.425s] Level 5:colcon.colcon_core.verb:set package 'drone_controller' build argument 'cmake_force_configure' from command line to 'False'
[0.425s] Level 5:colcon.colcon_core.verb:set package 'drone_controller' build argument 'ament_cmake_args' from command line to 'None'
[0.425s] Level 5:colcon.colcon_core.verb:set package 'drone_controller' build argument 'catkin_cmake_args' from command line to 'None'
[0.426s] Level 5:colcon.colcon_core.verb:set package 'drone_controller' build argument 'catkin_skip_building_tests' from command line to 'False'
[0.426s] DEBUG:colcon.colcon_core.verb:Building package 'drone_controller' with the following arguments: {'ament_cmake_args': None, 'build_base': '/home/student/41068_ws/src/41068RS12025-Group18/build/drone_controller', 'catkin_cmake_args': None, 'catkin_skip_building_tests': False, 'cmake_args': None, 'cmake_clean_cache': False, 'cmake_clean_first': False, 'cmake_force_configure': False, 'cmake_target': None, 'cmake_target_skip_unavailable': False, 'install_base': '/home/student/41068_ws/src/41068RS12025-Group18/install/drone_controller', 'merge_install': False, 'path': '/home/student/41068_ws/src/41068RS12025-Group18/drone_controller', 'symlink_install': True, 'test_result_base': None}
[0.426s] INFO:colcon.colcon_core.executor:Executing jobs using 'parallel' executor
[0.427s] DEBUG:colcon.colcon_parallel_executor.executor.parallel:run_until_complete
[0.427s] INFO:colcon.colcon_ros.task.ament_cmake.build:Building ROS package in '/home/student/41068_ws/src/41068RS12025-Group18/41068_ignition_bringup' with build type 'ament_cmake'
[0.427s] INFO:colcon.colcon_cmake.task.cmake.build:Building CMake package in '/home/student/41068_ws/src/41068RS12025-Group18/41068_ignition_bringup'
[0.429s] INFO:colcon.colcon_core.plugin_system:Skipping extension 'colcon_core.shell.bat': Not used on non-Windows systems
[0.430s] INFO:colcon.colcon_core.shell:Skip shell extension 'powershell' for command environment: Not usable outside of PowerShell
[0.430s] DEBUG:colcon.colcon_core.shell:Skip shell extension 'dsv' for command environment
[0.434s] INFO:colcon.colcon_ros.task.ament_cmake.build:Building ROS package in '/home/student/41068_ws/src/41068RS12025-Group18/drone_controller' with build type 'ament_cmake'
[0.434s] INFO:colcon.colcon_cmake.task.cmake.build:Building CMake package in '/home/student/41068_ws/src/41068RS12025-Group18/drone_controller'
[0.434s] INFO:colcon.colcon_core.shell:Skip shell extension 'powershell' for command environment: Not usable outside of PowerShell
[0.434s] DEBUG:colcon.colcon_core.shell:Skip shell extension 'dsv' for command environment
[0.443s] DEBUG:colcon.colcon_core.event_handler.log_command:Invoking command in '/home/student/41068_ws/src/41068RS12025-Group18/build/41068_ignition_bringup': CMAKE_PREFIX_PATH=${CMAKE_PREFIX_PATH}:/opt/ros/humble /usr/bin/cmake /home/student/41068_ws/src/41068RS12025-Group18/41068_ignition_bringup -DAMENT_CMAKE_SYMLINK_INSTALL=1 -DCMAKE_INSTALL_PREFIX=/home/student/41068_ws/src/41068RS12025-Group18/install/41068_ignition_bringup
[0.445s] DEBUG:colcon.colcon_core.event_handler.log_command:Invoking command in '/home/student/41068_ws/src/41068RS12025-Group18/build/drone_controller': CMAKE_PREFIX_PATH=${CMAKE_PREFIX_PATH}:/opt/ros/humble /usr/bin/cmake /home/student/41068_ws/src/41068RS12025-Group18/drone_controller -DAMENT_CMAKE_SYMLINK_INSTALL=1 -DCMAKE_INSTALL_PREFIX=/home/student/41068_ws/src/41068RS12025-Group18/install/drone_controller
[1.333s] DEBUG:colcon.colcon_core.event_handler.log_command:Invoked command in '/home/student/41068_ws/src/41068RS12025-Group18/build/41068_ignition_bringup' returned '0': CMAKE_PREFIX_PATH=${CMAKE_PREFIX_PATH}:/opt/ros/humble /usr/bin/cmake /home/student/41068_ws/src/41068RS12025-Group18/41068_ignition_bringup -DAMENT_CMAKE_SYMLINK_INSTALL=1 -DCMAKE_INSTALL_PREFIX=/home/student/41068_ws/src/41068RS12025-Group18/install/41068_ignition_bringup
[1.336s] DEBUG:colcon.colcon_core.event_handler.log_command:Invoking command in '/home/student/41068_ws/src/41068RS12025-Group18/build/41068_ignition_bringup': CMAKE_PREFIX_PATH=${CMAKE_PREFIX_PATH}:/opt/ros/humble /usr/bin/cmake --build /home/student/41068_ws/src/41068RS12025-Group18/build/41068_ignition_bringup -- -j8 -l8
[1.379s] DEBUG:colcon.colcon_core.event_handler.log_command:Invoked command in '/home/student/41068_ws/src/41068RS12025-Group18/build/41068_ignition_bringup' returned '0': CMAKE_PREFIX_PATH=${CMAKE_PREFIX_PATH}:/opt/ros/humble /usr/bin/cmake --build /home/student/41068_ws/src/41068RS12025-Group18/build/41068_ignition_bringup -- -j8 -l8
[1.390s] DEBUG:colcon.colcon_core.event_handler.log_command:Invoking command in '/home/student/41068_ws/src/41068RS12025-Group18/build/41068_ignition_bringup': CMAKE_PREFIX_PATH=${CMAKE_PREFIX_PATH}:/opt/ros/humble /usr/bin/cmake --install /home/student/41068_ws/src/41068RS12025-Group18/build/41068_ignition_bringup
[1.692s] DEBUG:colcon.colcon_core.event_handler.log_command:Invoked command in '/home/student/41068_ws/src/41068RS12025-Group18/build/drone_controller' returned '0': CMAKE_PREFIX_PATH=${CMAKE_PREFIX_PATH}:/opt/ros/humble /usr/bin/cmake /home/student/41068_ws/src/41068RS12025-Group18/drone_controller -DAMENT_CMAKE_SYMLINK_INSTALL=1 -DCMAKE_INSTALL_PREFIX=/home/student/41068_ws/src/41068RS12025-Group18/install/drone_controller
[1.694s] DEBUG:colcon.colcon_core.event_handler.log_command:Invoking command in '/home/student/41068_ws/src/41068RS12025-Group18/build/drone_controller': CMAKE_PREFIX_PATH=${CMAKE_PREFIX_PATH}:/opt/ros/humble /usr/bin/cmake --build /home/student/41068_ws/src/41068RS12025-Group18/build/drone_controller -- -j8 -l8
[2.398s] Level 1:colcon.colcon_core.environment:create_environment_scripts_only(41068_ignition_bringup)
[2.399s] DEBUG:colcon.colcon_core.event_handler.log_command:Invoked command in '/home/student/41068_ws/src/41068RS12025-Group18/build/41068_ignition_bringup' returned '0': CMAKE_PREFIX_PATH=${CMAKE_PREFIX_PATH}:/opt/ros/humble /usr/bin/cmake --install /home/student/41068_ws/src/41068RS12025-Group18/build/41068_ignition_bringup
[2.401s] Level 1:colcon.colcon_core.environment:checking '/home/student/41068_ws/src/41068RS12025-Group18/install/41068_ignition_bringup' for CMake module files
[2.401s] Level 1:colcon.colcon_core.environment:checking '/home/student/41068_ws/src/41068RS12025-Group18/install/41068_ignition_bringup' for CMake config files
[2.402s] Level 1:colcon.colcon_core.shell:create_environment_hook('41068_ignition_bringup', 'cmake_prefix_path')
[2.402s] INFO:colcon.colcon_core.shell:Creating environment hook '/home/student/41068_ws/src/41068RS12025-Group18/install/41068_ignition_bringup/share/41068_ignition_bringup/hook/cmake_prefix_path.ps1'
[2.403s] INFO:colcon.colcon_core.shell:Creating environment descriptor '/home/student/41068_ws/src/41068RS12025-Group18/install/41068_ignition_bringup/share/41068_ignition_bringup/hook/cmake_prefix_path.dsv'
[2.403s] INFO:colcon.colcon_core.shell:Creating environment hook '/home/student/41068_ws/src/41068RS12025-Group18/install/41068_ignition_bringup/share/41068_ignition_bringup/hook/cmake_prefix_path.sh'
[2.404s] Level 1:colcon.colcon_core.environment:checking '/home/student/41068_ws/src/41068RS12025-Group18/install/41068_ignition_bringup/bin'
[2.404s] Level 1:colcon.colcon_core.environment:checking '/home/student/41068_ws/src/41068RS12025-Group18/install/41068_ignition_bringup/lib/pkgconfig/41068_ignition_bringup.pc'
[2.405s] Level 1:colcon.colcon_core.environment:checking '/home/student/41068_ws/src/41068RS12025-Group18/install/41068_ignition_bringup/lib/python3.10/site-packages'
[2.405s] Level 1:colcon.colcon_core.environment:checking '/home/student/41068_ws/src/41068RS12025-Group18/install/41068_ignition_bringup/bin'
[2.405s] INFO:colcon.colcon_core.shell:Creating package script '/home/student/41068_ws/src/41068RS12025-Group18/install/41068_ignition_bringup/share/41068_ignition_bringup/package.ps1'
[2.406s] INFO:colcon.colcon_core.shell:Creating package descriptor '/home/student/41068_ws/src/41068RS12025-Group18/install/41068_ignition_bringup/share/41068_ignition_bringup/package.dsv'
[2.406s] INFO:colcon.colcon_core.shell:Creating package script '/home/student/41068_ws/src/41068RS12025-Group18/install/41068_ignition_bringup/share/41068_ignition_bringup/package.sh'
[2.407s] INFO:colcon.colcon_core.shell:Creating package script '/home/student/41068_ws/src/41068RS12025-Group18/install/41068_ignition_bringup/share/41068_ignition_bringup/package.bash'
[2.408s] INFO:colcon.colcon_core.shell:Creating package script '/home/student/41068_ws/src/41068RS12025-Group18/install/41068_ignition_bringup/share/41068_ignition_bringup/package.zsh'
[2.409s] Level 1:colcon.colcon_core.environment:create_file_with_runtime_dependencies(/home/student/41068_ws/src/41068RS12025-Group18/install/41068_ignition_bringup/share/colcon-core/packages/41068_ignition_bringup)
[2.409s] Level 1:colcon.colcon_core.environment:create_environment_scripts_only(41068_ignition_bringup)
[2.410s] Level 1:colcon.colcon_core.environment:checking '/home/student/41068_ws/src/41068RS12025-Group18/install/41068_ignition_bringup' for CMake module files
[2.410s] Level 1:colcon.colcon_core.environment:checking '/home/student/41068_ws/src/41068RS12025-Group18/install/41068_ignition_bringup' for CMake config files
[2.410s] Level 1:colcon.colcon_core.shell:create_environment_hook('41068_ignition_bringup', 'cmake_prefix_path')
[2.411s] INFO:colcon.colcon_core.shell:Creating environment hook '/home/student/41068_ws/src/41068RS12025-Group18/install/41068_ignition_bringup/share/41068_ignition_bringup/hook/cmake_prefix_path.ps1'
[2.411s] INFO:colcon.colcon_core.shell:Creating environment descriptor '/home/student/41068_ws/src/41068RS12025-Group18/install/41068_ignition_bringup/share/41068_ignition_bringup/hook/cmake_prefix_path.dsv'
[2.412s] INFO:colcon.colcon_core.shell:Creating environment hook '/home/student/41068_ws/src/41068RS12025-Group18/install/41068_ignition_bringup/share/41068_ignition_bringup/hook/cmake_prefix_path.sh'
[2.412s] Level 1:colcon.colcon_core.environment:checking '/home/student/41068_ws/src/41068RS12025-Group18/install/41068_ignition_bringup/bin'
[2.412s] Level 1:colcon.colcon_core.environment:checking '/home/student/41068_ws/src/41068RS12025-Group18/install/41068_ignition_bringup/lib/pkgconfig/41068_ignition_bringup.pc'
[2.412s] Level 1:colcon.colcon_core.environment:checking '/home/student/41068_ws/src/41068RS12025-Group18/install/41068_ignition_bringup/lib/python3.10/site-packages'
[2.413s] Level 1:colcon.colcon_core.environment:checking '/home/student/41068_ws/src/41068RS12025-Group18/install/41068_ignition_bringup/bin'
[2.413s] INFO:colcon.colcon_core.shell:Creating package script '/home/student/41068_ws/src/41068RS12025-Group18/install/41068_ignition_bringup/share/41068_ignition_bringup/package.ps1'
[2.413s] INFO:colcon.colcon_core.shell:Creating package descriptor '/home/student/41068_ws/src/41068RS12025-Group18/install/41068_ignition_bringup/share/41068_ignition_bringup/package.dsv'
[2.414s] INFO:colcon.colcon_core.shell:Creating package script '/home/student/41068_ws/src/41068RS12025-Group18/install/41068_ignition_bringup/share/41068_ignition_bringup/package.sh'
[2.414s] INFO:colcon.colcon_core.shell:Creating package script '/home/student/41068_ws/src/41068RS12025-Group18/install/41068_ignition_bringup/share/41068_ignition_bringup/package.bash'
[2.415s] INFO:colcon.colcon_core.shell:Creating package script '/home/student/41068_ws/src/41068RS12025-Group18/install/41068_ignition_bringup/share/41068_ignition_bringup/package.zsh'
[2.415s] Level 1:colcon.colcon_core.environment:create_file_with_runtime_dependencies(/home/student/41068_ws/src/41068RS12025-Group18/install/41068_ignition_bringup/share/colcon-core/packages/41068_ignition_bringup)
[6.104s] DEBUG:colcon.colcon_core.event_handler.log_command:Invoked command in '/home/student/41068_ws/src/41068RS12025-Group18/build/drone_controller' returned '0': CMAKE_PREFIX_PATH=${CMAKE_PREFIX_PATH}:/opt/ros/humble /usr/bin/cmake --build /home/student/41068_ws/src/41068RS12025-Group18/build/drone_controller -- -j8 -l8
[6.106s] DEBUG:colcon.colcon_core.event_handler.log_command:Invoking command in '/home/student/41068_ws/src/41068RS12025-Group18/build/drone_controller': CMAKE_PREFIX_PATH=${CMAKE_PREFIX_PATH}:/opt/ros/humble /usr/bin/cmake --install /home/student/41068_ws/src/41068RS12025-Group18/build/drone_controller
[6.259s] Level 1:colcon.colcon_core.environment:create_environment_scripts_only(drone_controller)
[6.259s] Level 1:colcon.colcon_core.environment:checking '/home/student/41068_ws/src/41068RS12025-Group18/install/drone_controller' for CMake module files
[6.260s] DEBUG:colcon.colcon_core.event_handler.log_command:Invoked command in '/home/student/41068_ws/src/41068RS12025-Group18/build/drone_controller' returned '0': CMAKE_PREFIX_PATH=${CMAKE_PREFIX_PATH}:/opt/ros/humble /usr/bin/cmake --install /home/student/41068_ws/src/41068RS12025-Group18/build/drone_controller
[6.260s] Level 1:colcon.colcon_core.environment:checking '/home/student/41068_ws/src/41068RS12025-Group18/install/drone_controller' for CMake config files
[6.260s] Level 1:colcon.colcon_core.shell:create_environment_hook('drone_controller', 'cmake_prefix_path')
[6.261s] INFO:colcon.colcon_core.shell:Creating environment hook '/home/student/41068_ws/src/41068RS12025-Group18/install/drone_controller/share/drone_controller/hook/cmake_prefix_path.ps1'
[6.261s] INFO:colcon.colcon_core.shell:Creating environment descriptor '/home/student/41068_ws/src/41068RS12025-Group18/install/drone_controller/share/drone_controller/hook/cmake_prefix_path.dsv'
[6.262s] INFO:colcon.colcon_core.shell:Creating environment hook '/home/student/41068_ws/src/41068RS12025-Group18/install/drone_controller/share/drone_controller/hook/cmake_prefix_path.sh'
[6.262s] Level 1:colcon.colcon_core.environment:checking '/home/student/41068_ws/src/41068RS12025-Group18/install/drone_controller/lib'
[6.262s] Level 1:colcon.colcon_core.environment:checking '/home/student/41068_ws/src/41068RS12025-Group18/install/drone_controller/bin'
[6.263s] Level 1:colcon.colcon_core.environment:checking '/home/student/41068_ws/src/41068RS12025-Group18/install/drone_controller/lib/pkgconfig/drone_controller.pc'
[6.263s] Level 1:colcon.colcon_core.environment:checking '/home/student/41068_ws/src/41068RS12025-Group18/install/drone_controller/lib/python3.10/site-packages'
[6.263s] Level 1:colcon.colcon_core.environment:checking '/home/student/41068_ws/src/41068RS12025-Group18/install/drone_controller/bin'
[6.263s] INFO:colcon.colcon_core.shell:Creating package script '/home/student/41068_ws/src/41068RS12025-Group18/install/drone_controller/share/drone_controller/package.ps1'
[6.264s] INFO:colcon.colcon_core.shell:Creating package descriptor '/home/student/41068_ws/src/41068RS12025-Group18/install/drone_controller/share/drone_controller/package.dsv'
[6.264s] INFO:colcon.colcon_core.shell:Creating package script '/home/student/41068_ws/src/41068RS12025-Group18/install/drone_controller/share/drone_controller/package.sh'
[6.265s] INFO:colcon.colcon_core.shell:Creating package script '/home/student/41068_ws/src/41068RS12025-Group18/install/drone_controller/share/drone_controller/package.bash'
[6.265s] INFO:colcon.colcon_core.shell:Creating package script '/home/student/41068_ws/src/41068RS12025-Group18/install/drone_controller/share/drone_controller/package.zsh'
[6.265s] Level 1:colcon.colcon_core.environment:create_file_with_runtime_dependencies(/home/student/41068_ws/src/41068RS12025-Group18/install/drone_controller/share/colcon-core/packages/drone_controller)
[6.266s] Level 1:colcon.colcon_core.environment:create_environment_scripts_only(drone_controller)
[6.266s] Level 1:colcon.colcon_core.environment:checking '/home/student/41068_ws/src/41068RS12025-Group18/install/drone_controller' for CMake module files
[6.267s] Level 1:colcon.colcon_core.environment:checking '/home/student/41068_ws/src/41068RS12025-Group18/install/drone_controller' for CMake config files
[6.267s] Level 1:colcon.colcon_core.shell:create_environment_hook('drone_controller', 'cmake_prefix_path')
[6.267s] INFO:colcon.colcon_core.shell:Creating environment hook '/home/student/41068_ws/src/41068RS12025-Group18/install/drone_controller/share/drone_controller/hook/cmake_prefix_path.ps1'
[6.267s] INFO:colcon.colcon_core.shell:Creating environment descriptor '/home/student/41068_ws/src/41068RS12025-Group18/install/drone_controller/share/drone_controller/hook/cmake_prefix_path.dsv'
[6.268s] INFO:colcon.colcon_core.shell:Creating environment hook '/home/student/41068_ws/src/41068RS12025-Group18/install/drone_controller/share/drone_controller/hook/cmake_prefix_path.sh'
[6.268s] Level 1:colcon.colcon_core.environment:checking '/home/student/41068_ws/src/41068RS12025-Group18/install/drone_controller/lib'
[6.268s] Level 1:colcon.colcon_core.environment:checking '/home/student/41068_ws/src/41068RS12025-Group18/install/drone_controller/bin'
[6.269s] Level 1:colcon.colcon_core.environment:checking '/home/student/41068_ws/src/41068RS12025-Group18/install/drone_controller/lib/pkgconfig/drone_controller.pc'
[6.269s] Level 1:colcon.colcon_core.environment:checking '/home/student/41068_ws/src/41068RS12025-Group18/install/drone_controller/lib/python3.10/site-packages'
[6.269s] Level 1:colcon.colcon_core.environment:checking '/home/student/41068_ws/src/41068RS12025-Group18/install/drone_controller/bin'
[6.269s] INFO:colcon.colcon_core.shell:Creating package script '/home/student/41068_ws/src/41068RS12025-Group18/install/drone_controller/share/drone_controller/package.ps1'
[6.270s] INFO:colcon.colcon_core.shell:Creating package descriptor '/home/student/41068_ws/src/41068RS12025-Group18/install/drone_controller/share/drone_controller/package.dsv'
[6.270s] INFO:colcon.colcon_core.shell:Creating package script '/home/student/41068_ws/src/41068RS12025-Group18/install/drone_controller/share/drone_controller/package.sh'
[6.271s] INFO:colcon.colcon_core.shell:Creating package script '/home/student/41068_ws/src/41068RS12025-Group18/install/drone_controller/share/drone_controller/package.bash'
[6.272s] INFO:colcon.colcon_core.shell:Creating package script '/home/student/41068_ws/src/41068RS12025-Group18/install/drone_controller/share/drone_controller/package.zsh'
[6.272s] Level 1:colcon.colcon_core.environment:create_file_with_runtime_dependencies(/home/student/41068_ws/src/41068RS12025-Group18/install/drone_controller/share/colcon-core/packages/drone_controller)
[6.273s] DEBUG:colcon.colcon_parallel_executor.executor.parallel:closing loop
[6.273s] DEBUG:colcon.colcon_parallel_executor.executor.parallel:loop closed
[6.273s] DEBUG:colcon.colcon_parallel_executor.executor.parallel:run_until_complete finished with '0'
[6.273s] DEBUG:colcon.colcon_core.event_reactor:joining thread
[6.279s] INFO:colcon.colcon_core.plugin_system:Skipping extension 'colcon_notification.desktop_notification.terminal_notifier': Not used on non-Darwin systems
[6.279s] INFO:colcon.colcon_core.plugin_system:Skipping extension 'colcon_notification.desktop_notification.win32': Not used on non-Windows systems
[6.279s] INFO:colcon.colcon_notification.desktop_notification:Sending desktop notification using 'notify2'
[6.291s] DEBUG:colcon.colcon_core.event_reactor:joined thread
[6.291s] INFO:colcon.colcon_core.shell:Creating prefix script '/home/student/41068_ws/src/41068RS12025-Group18/install/local_setup.ps1'
[6.292s] INFO:colcon.colcon_core.shell:Creating prefix util module '/home/student/41068_ws/src/41068RS12025-Group18/install/_local_setup_util_ps1.py'
[6.293s] INFO:colcon.colcon_core.shell:Creating prefix chain script '/home/student/41068_ws/src/41068RS12025-Group18/install/setup.ps1'
[6.295s] INFO:colcon.colcon_core.shell:Creating prefix script '/home/student/41068_ws/src/41068RS12025-Group18/install/local_setup.sh'
[6.295s] INFO:colcon.colcon_core.shell:Creating prefix util module '/home/student/41068_ws/src/41068RS12025-Group18/install/_local_setup_util_sh.py'
[6.296s] INFO:colcon.colcon_core.shell:Creating prefix chain script '/home/student/41068_ws/src/41068RS12025-Group18/install/setup.sh'
[6.298s] INFO:colcon.colcon_core.shell:Creating prefix script '/home/student/41068_ws/src/41068RS12025-Group18/install/local_setup.bash'
[6.298s] INFO:colcon.colcon_core.shell:Creating prefix chain script '/home/student/41068_ws/src/41068RS12025-Group18/install/setup.bash'
[6.300s] INFO:colcon.colcon_core.shell:Creating prefix script '/home/student/41068_ws/src/41068RS12025-Group18/install/local_setup.zsh'
[6.300s] INFO:colcon.colcon_core.shell:Creating prefix chain script '/home/student/41068_ws/src/41068RS12025-Group18/install/setup.zsh'
