[35m[1mConsolidate compiler generated dependencies of target pid_controller[0m
[ 12%] Built target pid_controller
[35m[1mConsolidate compiler generated dependencies of target mission_executor[0m
[ 25%] Built target mission_executor
[35m[1mConsolidate compiler generated dependencies of target drone_control[0m
[ 37%] Built target drone_control
[35m[1mConsolidate compiler generated dependencies of target path_planner[0m
[ 50%] Built target path_planner
[35m[1mConsolidate compiler generated dependencies of target drone_controller_enhanced_component[0m
[ 62%] Built target drone_controller_enhanced_component
[35m[1mConsolidate compiler generated dependencies of target state_machine[0m
[ 75%] Built target state_machine
[35m[1mConsolidate compiler generated dependencies of target mission_planner_component[0m
[ 87%] Built target mission_planner_component
[35m[1mConsolidate compiler generated dependencies of target drone_mission_composed[0m
[100%] Built target drone_mission_composed
-- Install configuration: ""
-- Up-to-date: /home/student/41068RS12025-Group18/install/41068_ignition_bringup/lib/41068_ignition_bringup/libpid_controller.so
-- Up-to-date: /home/student/41068RS12025-Group18/install/41068_ignition_bringup/lib/41068_ignition_bringup/libdrone_control.so
-- Up-to-date: /home/student/41068RS12025-Group18/install/41068_ignition_bringup/lib/41068_ignition_bringup/libstate_machine.so
-- Up-to-date: /home/student/41068RS12025-Group18/install/41068_ignition_bringup/lib/41068_ignition_bringup/libpath_planner.so
-- Up-to-date: /home/student/41068RS12025-Group18/install/41068_ignition_bringup/lib/41068_ignition_bringup/libmission_executor.so
-- Up-to-date: /home/student/41068RS12025-Group18/install/41068_ignition_bringup/lib/41068_ignition_bringup/libdrone_controller_enhanced_component.so
-- Up-to-date: /home/student/41068RS12025-Group18/install/41068_ignition_bringup/lib/41068_ignition_bringup/drone_mission_composed
-- Up-to-date: /home/student/41068RS12025-Group18/install/41068_ignition_bringup/share/41068_ignition_bringup/config
-- Up-to-date: /home/student/41068RS12025-Group18/install/41068_ignition_bringup/share/41068_ignition_bringup/config/drone.yaml
-- Up-to-date: /home/student/41068RS12025-Group18/install/41068_ignition_bringup/share/41068_ignition_bringup/config/gazebo_bridge.yaml
-- Up-to-date: /home/student/41068RS12025-Group18/install/41068_ignition_bringup/share/41068_ignition_bringup/config/nav2_params.yaml
-- Up-to-date: /home/student/41068RS12025-Group18/install/41068_ignition_bringup/share/41068_ignition_bringup/config/waypoints.yaml
-- Up-to-date: /home/student/41068RS12025-Group18/install/41068_ignition_bringup/share/41068_ignition_bringup/config/rs1_robot_config.rviz
-- Up-to-date: /home/student/41068RS12025-Group18/install/41068_ignition_bringup/share/41068_ignition_bringup/config/map.yaml
-- Up-to-date: /home/student/41068RS12025-Group18/install/41068_ignition_bringup/share/41068_ignition_bringup/launch
-- Up-to-date: /home/student/41068RS12025-Group18/install/41068_ignition_bringup/share/41068_ignition_bringup/launch/rs1_robot_rviz.py
-- Up-to-date: /home/student/41068RS12025-Group18/install/41068_ignition_bringup/share/41068_ignition_bringup/launch/rs1_drone_spawner.py
-- Up-to-date: /home/student/41068RS12025-Group18/install/41068_ignition_bringup/share/41068_ignition_bringup/launch/rs1_robot_world.py
-- Up-to-date: /home/student/41068RS12025-Group18/install/41068_ignition_bringup/share/41068_ignition_bringup/launch/rs1_robot_ignition.py
-- Up-to-date: /home/student/41068RS12025-Group18/install/41068_ignition_bringup/share/41068_ignition_bringup/launch/__pycache__
-- Up-to-date: /home/student/41068RS12025-Group18/install/41068_ignition_bringup/share/41068_ignition_bringup/launch/__pycache__/rs1_drone_spawner.cpython-310.pyc
-- Up-to-date: /home/student/41068RS12025-Group18/install/41068_ignition_bringup/share/41068_ignition_bringup/launch/__pycache__/rs1_drone_spawner_fixed.cpython-310.pyc
-- Up-to-date: /home/student/41068RS12025-Group18/install/41068_ignition_bringup/share/41068_ignition_bringup/launch/rs1_single_drone.py
-- Up-to-date: /home/student/41068RS12025-Group18/install/41068_ignition_bringup/share/41068_ignition_bringup/models
-- Up-to-date: /home/student/41068RS12025-Group18/install/41068_ignition_bringup/share/41068_ignition_bringup/models/grass_plane
-- Up-to-date: /home/student/41068RS12025-Group18/install/41068_ignition_bringup/share/41068_ignition_bringup/models/grass_plane/model.config
-- Up-to-date: /home/student/41068RS12025-Group18/install/41068_ignition_bringup/share/41068_ignition_bringup/models/grass_plane/model.sdf
-- Up-to-date: /home/student/41068RS12025-Group18/install/41068_ignition_bringup/share/41068_ignition_bringup/models/grass_plane/materials
-- Up-to-date: /home/student/41068RS12025-Group18/install/41068_ignition_bringup/share/41068_ignition_bringup/models/grass_plane/materials/textures
-- Up-to-date: /home/student/41068RS12025-Group18/install/41068_ignition_bringup/share/41068_ignition_bringup/models/grass_plane/materials/textures/empty_grass.png
-- Up-to-date: /home/student/41068RS12025-Group18/install/41068_ignition_bringup/share/41068_ignition_bringup/models/model.config
-- Up-to-date: /home/student/41068RS12025-Group18/install/41068_ignition_bringup/share/41068_ignition_bringup/models/forest_plane
-- Up-to-date: /home/student/41068RS12025-Group18/install/41068_ignition_bringup/share/41068_ignition_bringup/models/forest_plane/model.config
-- Up-to-date: /home/student/41068RS12025-Group18/install/41068_ignition_bringup/share/41068_ignition_bringup/models/forest_plane/model.sdf
-- Up-to-date: /home/student/41068RS12025-Group18/install/41068_ignition_bringup/share/41068_ignition_bringup/models/forest_plane/materials
-- Up-to-date: /home/student/41068RS12025-Group18/install/41068_ignition_bringup/share/41068_ignition_bringup/models/forest_plane/materials/textures
-- Up-to-date: /home/student/41068RS12025-Group18/install/41068_ignition_bringup/share/41068_ignition_bringup/models/forest_plane/materials/textures/forest_overhead.png
-- Up-to-date: /home/student/41068RS12025-Group18/install/41068_ignition_bringup/share/41068_ignition_bringup/models/forest_plane/materials/textures/empty_grass.png
-- Up-to-date: /home/student/41068RS12025-Group18/install/41068_ignition_bringup/share/41068_ignition_bringup/models/forest_plane/materials/textures/leaf_litter.png
-- Up-to-date: /home/student/41068RS12025-Group18/install/41068_ignition_bringup/share/41068_ignition_bringup/models/quadrotor_4.stl
-- Up-to-date: /home/student/41068RS12025-Group18/install/41068_ignition_bringup/share/41068_ignition_bringup/models/forest_wall
-- Up-to-date: /home/student/41068RS12025-Group18/install/41068_ignition_bringup/share/41068_ignition_bringup/models/forest_wall/model.config
-- Up-to-date: /home/student/41068RS12025-Group18/install/41068_ignition_bringup/share/41068_ignition_bringup/models/forest_wall/model.sdf
-- Up-to-date: /home/student/41068RS12025-Group18/install/41068_ignition_bringup/share/41068_ignition_bringup/models/forest_wall/materials
-- Up-to-date: /home/student/41068RS12025-Group18/install/41068_ignition_bringup/share/41068_ignition_bringup/models/forest_wall/materials/textures
-- Up-to-date: /home/student/41068RS12025-Group18/install/41068_ignition_bringup/share/41068_ignition_bringup/models/forest_wall/materials/textures/forest_wall_transparent.png
-- Up-to-date: /home/student/41068RS12025-Group18/install/41068_ignition_bringup/share/41068_ignition_bringup/models/forest_wall/materials/textures/forest_wall_transparent_small.png
-- Up-to-date: /home/student/41068RS12025-Group18/install/41068_ignition_bringup/share/41068_ignition_bringup/models/forest_wall/materials/textures/forest_wall.png
-- Up-to-date: /home/student/41068RS12025-Group18/install/41068_ignition_bringup/share/41068_ignition_bringup/models/quadrotor_4.dae
-- Up-to-date: /home/student/41068RS12025-Group18/install/41068_ignition_bringup/share/41068_ignition_bringup/models/sjtu_drone.sdf
-- Up-to-date: /home/student/41068RS12025-Group18/install/41068_ignition_bringup/share/41068_ignition_bringup/urdf
-- Up-to-date: /home/student/41068RS12025-Group18/install/41068_ignition_bringup/share/41068_ignition_bringup/urdf/rs1_drone.urdf.xacro
-- Up-to-date: /home/student/41068RS12025-Group18/install/41068_ignition_bringup/share/41068_ignition_bringup/urdf/model
-- Up-to-date: /home/student/41068RS12025-Group18/install/41068_ignition_bringup/share/41068_ignition_bringup/urdf/model/model.config
-- Up-to-date: /home/student/41068RS12025-Group18/install/41068_ignition_bringup/share/41068_ignition_bringup/urdf/rs1_drone.urdf
-- Up-to-date: /home/student/41068RS12025-Group18/install/41068_ignition_bringup/share/41068_ignition_bringup/worlds
-- Up-to-date: /home/student/41068RS12025-Group18/install/41068_ignition_bringup/share/41068_ignition_bringup/worlds/simple_test.world
-- Up-to-date: /home/student/41068RS12025-Group18/install/41068_ignition_bringup/share/41068_ignition_bringup/worlds/simple_trees.sdf
-- Up-to-date: /home/student/41068RS12025-Group18/install/41068_ignition_bringup/share/41068_ignition_bringup/worlds/simple_trees_builtin.sdf
-- Up-to-date: /home/student/41068RS12025-Group18/install/41068_ignition_bringup/share/41068_ignition_bringup
-- Up-to-date: /home/student/41068RS12025-Group18/install/41068_ignition_bringup/share/41068_ignition_bringup/drone_control.h
-- Up-to-date: /home/student/41068RS12025-Group18/install/41068_ignition_bringup/share/41068_ignition_bringup/sensor_manager.h
-- Up-to-date: /home/student/41068RS12025-Group18/install/41068_ignition_bringup/share/41068_ignition_bringup/mission
-- Up-to-date: /home/student/41068RS12025-Group18/install/41068_ignition_bringup/share/41068_ignition_bringup/mission/state_machine.h
-- Up-to-date: /home/student/41068RS12025-Group18/install/41068_ignition_bringup/share/41068_ignition_bringup/mission/mission_executor.h
-- Up-to-date: /home/student/41068RS12025-Group18/install/41068_ignition_bringup/share/41068_ignition_bringup/mission/path_planner.h
-- Up-to-date: /home/student/41068RS12025-Group18/install/41068_ignition_bringup/share/41068_ignition_bringup/safety_monitor.h
-- Up-to-date: /home/student/41068RS12025-Group18/install/41068_ignition_bringup/share/41068_ignition_bringup/mission_node.h
-- Up-to-date: /home/student/41068RS12025-Group18/install/41068_ignition_bringup/share/41068_ignition_bringup/waypoint_nav_node.h
-- Up-to-date: /home/student/41068RS12025-Group18/install/41068_ignition_bringup/share/41068_ignition_bringup/drone_node.h
-- Up-to-date: /home/student/41068RS12025-Group18/install/41068_ignition_bringup/share/41068_ignition_bringup/pid.h
-- Up-to-date: /home/student/41068RS12025-Group18/install/41068_ignition_bringup/share/41068_ignition_bringup/mission_state.h
-- Up-to-date: /home/student/41068RS12025-Group18/install/41068_ignition_bringup/share/41068_ignition_bringup/launch/rs1_drone_spawner.py
-- Up-to-date: /home/student/41068RS12025-Group18/install/41068_ignition_bringup/share/41068_ignition_bringup/launch/rs1_single_drone.py
-- Up-to-date: /home/student/41068RS12025-Group18/install/41068_ignition_bringup/lib/libmission_planner_component.so
-- Up-to-date: /home/student/41068RS12025-Group18/install/41068_ignition_bringup/lib/libdrone_controller_enhanced_component.so
-- Up-to-date: /home/student/41068RS12025-Group18/install/41068_ignition_bringup/lib/libpid_controller.so
-- Up-to-date: /home/student/41068RS12025-Group18/install/41068_ignition_bringup/lib/libdrone_control.so
-- Up-to-date: /home/student/41068RS12025-Group18/install/41068_ignition_bringup/lib/libstate_machine.so
-- Up-to-date: /home/student/41068RS12025-Group18/install/41068_ignition_bringup/lib/libpath_planner.so
-- Up-to-date: /home/student/41068RS12025-Group18/install/41068_ignition_bringup/lib/libmission_executor.so
-- Up-to-date: /home/student/41068RS12025-Group18/install/41068_ignition_bringup/share/ament_index/resource_index/package_run_dependencies/41068_ignition_bringup
-- Up-to-date: /home/student/41068RS12025-Group18/install/41068_ignition_bringup/share/ament_index/resource_index/parent_prefix_path/41068_ignition_bringup
-- Up-to-date: /home/student/41068RS12025-Group18/install/41068_ignition_bringup/share/41068_ignition_bringup/environment/ament_prefix_path.sh
-- Up-to-date: /home/student/41068RS12025-Group18/install/41068_ignition_bringup/share/41068_ignition_bringup/environment/ament_prefix_path.dsv
-- Up-to-date: /home/student/41068RS12025-Group18/install/41068_ignition_bringup/share/41068_ignition_bringup/environment/path.sh
-- Up-to-date: /home/student/41068RS12025-Group18/install/41068_ignition_bringup/share/41068_ignition_bringup/environment/path.dsv
-- Up-to-date: /home/student/41068RS12025-Group18/install/41068_ignition_bringup/share/41068_ignition_bringup/local_setup.bash
-- Up-to-date: /home/student/41068RS12025-Group18/install/41068_ignition_bringup/share/41068_ignition_bringup/local_setup.sh
-- Up-to-date: /home/student/41068RS12025-Group18/install/41068_ignition_bringup/share/41068_ignition_bringup/local_setup.zsh
-- Up-to-date: /home/student/41068RS12025-Group18/install/41068_ignition_bringup/share/41068_ignition_bringup/local_setup.dsv
-- Installing: /home/student/41068RS12025-Group18/install/41068_ignition_bringup/share/41068_ignition_bringup/package.dsv
-- Up-to-date: /home/student/41068RS12025-Group18/install/41068_ignition_bringup/share/ament_index/resource_index/packages/41068_ignition_bringup
-- Up-to-date: /home/student/41068RS12025-Group18/install/41068_ignition_bringup/share/ament_index/resource_index/rclcpp_components/41068_ignition_bringup
-- Up-to-date: /home/student/41068RS12025-Group18/install/41068_ignition_bringup/share/41068_ignition_bringup/cmake/export_mission_componentsExport.cmake
-- Up-to-date: /home/student/41068RS12025-Group18/install/41068_ignition_bringup/share/41068_ignition_bringup/cmake/export_mission_componentsExport-noconfig.cmake
-- Up-to-date: /home/student/41068RS12025-Group18/install/41068_ignition_bringup/share/41068_ignition_bringup/cmake/ament_cmake_export_dependencies-extras.cmake
-- Up-to-date: /home/student/41068RS12025-Group18/install/41068_ignition_bringup/share/41068_ignition_bringup/cmake/ament_cmake_export_targets-extras.cmake
-- Up-to-date: /home/student/41068RS12025-Group18/install/41068_ignition_bringup/share/41068_ignition_bringup/cmake/41068_ignition_bringupConfig.cmake
-- Up-to-date: /home/student/41068RS12025-Group18/install/41068_ignition_bringup/share/41068_ignition_bringup/cmake/41068_ignition_bringupConfig-version.cmake
-- Up-to-date: /home/student/41068RS12025-Group18/install/41068_ignition_bringup/share/41068_ignition_bringup/package.xml
