[0.033s] Invoking command in '/home/student/41068RS12025-Group18/build/41068_ignition_bringup': CMAKE_PREFIX_PATH=${CMAKE_PREFIX_PATH}:/opt/ros/humble /usr/bin/cmake --build /home/student/41068RS12025-Group18/build/41068_ignition_bringup -- -j8 -l8
[0.146s] [35m[1mConsolidate compiler generated dependencies of target pid_controller[0m
[0.162s] [ 12%] Built target pid_controller
[0.187s] [35m[1mConsolidate compiler generated dependencies of target mission_executor[0m
[0.231s] [ 25%] Built target mission_executor
[0.257s] [35m[1mConsolidate compiler generated dependencies of target drone_control[0m
[0.304s] [ 37%] Built target drone_control
[0.324s] [35m[1mConsolidate compiler generated dependencies of target path_planner[0m
[0.351s] [ 50%] Built target path_planner
[0.380s] [35m[1mConsolidate compiler generated dependencies of target drone_controller_enhanced_component[0m
[0.426s] [ 62%] Built target drone_controller_enhanced_component
[0.446s] [35m[1mConsolidate compiler generated dependencies of target state_machine[0m
[0.479s] [ 75%] Built target state_machine
[0.502s] [35m[1mConsolidate compiler generated dependencies of target mission_planner_component[0m
[0.541s] [ 87%] Built target mission_planner_component
[0.562s] [35m[1mConsolidate compiler generated dependencies of target drone_mission_composed[0m
[0.609s] [100%] Built target drone_mission_composed
[0.638s] Invoked command in '/home/student/41068RS12025-Group18/build/41068_ignition_bringup' returned '0': CMAKE_PREFIX_PATH=${CMAKE_PREFIX_PATH}:/opt/ros/humble /usr/bin/cmake --build /home/student/41068RS12025-Group18/build/41068_ignition_bringup -- -j8 -l8
[0.657s] Invoking command in '/home/student/41068RS12025-Group18/build/41068_ignition_bringup': CMAKE_PREFIX_PATH=${CMAKE_PREFIX_PATH}:/opt/ros/humble /usr/bin/cmake --install /home/student/41068RS12025-Group18/build/41068_ignition_bringup
[0.675s] -- Install configuration: ""
[0.676s] -- Up-to-date: /home/student/41068RS12025-Group18/install/41068_ignition_bringup/lib/41068_ignition_bringup/libpid_controller.so
[0.680s] -- Up-to-date: /home/student/41068RS12025-Group18/install/41068_ignition_bringup/lib/41068_ignition_bringup/libdrone_control.so
[0.682s] -- Up-to-date: /home/student/41068RS12025-Group18/install/41068_ignition_bringup/lib/41068_ignition_bringup/libstate_machine.so
[0.682s] -- Up-to-date: /home/student/41068RS12025-Group18/install/41068_ignition_bringup/lib/41068_ignition_bringup/libpath_planner.so
[0.682s] -- Up-to-date: /home/student/41068RS12025-Group18/install/41068_ignition_bringup/lib/41068_ignition_bringup/libmission_executor.so
[0.682s] -- Up-to-date: /home/student/41068RS12025-Group18/install/41068_ignition_bringup/lib/41068_ignition_bringup/libdrone_controller_enhanced_component.so
[0.690s] -- Up-to-date: /home/student/41068RS12025-Group18/install/41068_ignition_bringup/lib/41068_ignition_bringup/drone_mission_composed
[0.690s] -- Up-to-date: /home/student/41068RS12025-Group18/install/41068_ignition_bringup/share/41068_ignition_bringup/config
[0.690s] -- Up-to-date: /home/student/41068RS12025-Group18/install/41068_ignition_bringup/share/41068_ignition_bringup/config/drone.yaml
[0.690s] -- Up-to-date: /home/student/41068RS12025-Group18/install/41068_ignition_bringup/share/41068_ignition_bringup/config/gazebo_bridge.yaml
[0.690s] -- Up-to-date: /home/student/41068RS12025-Group18/install/41068_ignition_bringup/share/41068_ignition_bringup/config/nav2_params.yaml
[0.690s] -- Up-to-date: /home/student/41068RS12025-Group18/install/41068_ignition_bringup/share/41068_ignition_bringup/config/waypoints.yaml
[0.691s] -- Up-to-date: /home/student/41068RS12025-Group18/install/41068_ignition_bringup/share/41068_ignition_bringup/config/rs1_robot_config.rviz
[0.691s] -- Up-to-date: /home/student/41068RS12025-Group18/install/41068_ignition_bringup/share/41068_ignition_bringup/config/map.yaml
[0.691s] -- Up-to-date: /home/student/41068RS12025-Group18/install/41068_ignition_bringup/share/41068_ignition_bringup/launch
[0.691s] -- Up-to-date: /home/student/41068RS12025-Group18/install/41068_ignition_bringup/share/41068_ignition_bringup/launch/rs1_robot_rviz.py
[0.691s] -- Up-to-date: /home/student/41068RS12025-Group18/install/41068_ignition_bringup/share/41068_ignition_bringup/launch/rs1_drone_spawner.py
[0.691s] -- Up-to-date: /home/student/41068RS12025-Group18/install/41068_ignition_bringup/share/41068_ignition_bringup/launch/rs1_robot_world.py
[0.692s] -- Up-to-date: /home/student/41068RS12025-Group18/install/41068_ignition_bringup/share/41068_ignition_bringup/launch/rs1_robot_ignition.py
[0.692s] -- Up-to-date: /home/student/41068RS12025-Group18/install/41068_ignition_bringup/share/41068_ignition_bringup/launch/__pycache__
[0.692s] -- Up-to-date: /home/student/41068RS12025-Group18/install/41068_ignition_bringup/share/41068_ignition_bringup/launch/__pycache__/rs1_drone_spawner.cpython-310.pyc
[0.693s] -- Up-to-date: /home/student/41068RS12025-Group18/install/41068_ignition_bringup/share/41068_ignition_bringup/launch/__pycache__/rs1_drone_spawner_fixed.cpython-310.pyc
[0.693s] -- Up-to-date: /home/student/41068RS12025-Group18/install/41068_ignition_bringup/share/41068_ignition_bringup/launch/rs1_single_drone.py
[0.693s] -- Up-to-date: /home/student/41068RS12025-Group18/install/41068_ignition_bringup/share/41068_ignition_bringup/models
[0.693s] -- Up-to-date: /home/student/41068RS12025-Group18/install/41068_ignition_bringup/share/41068_ignition_bringup/models/grass_plane
[0.694s] -- Up-to-date: /home/student/41068RS12025-Group18/install/41068_ignition_bringup/share/41068_ignition_bringup/models/grass_plane/model.config
[0.694s] -- Up-to-date: /home/student/41068RS12025-Group18/install/41068_ignition_bringup/share/41068_ignition_bringup/models/grass_plane/model.sdf
[0.694s] -- Up-to-date: /home/student/41068RS12025-Group18/install/41068_ignition_bringup/share/41068_ignition_bringup/models/grass_plane/materials
[0.694s] -- Up-to-date: /home/student/41068RS12025-Group18/install/41068_ignition_bringup/share/41068_ignition_bringup/models/grass_plane/materials/textures
[0.694s] -- Up-to-date: /home/student/41068RS12025-Group18/install/41068_ignition_bringup/share/41068_ignition_bringup/models/grass_plane/materials/textures/empty_grass.png
[0.694s] -- Up-to-date: /home/student/41068RS12025-Group18/install/41068_ignition_bringup/share/41068_ignition_bringup/models/model.config
[0.695s] -- Up-to-date: /home/student/41068RS12025-Group18/install/41068_ignition_bringup/share/41068_ignition_bringup/models/forest_plane
[0.696s] -- Up-to-date: /home/student/41068RS12025-Group18/install/41068_ignition_bringup/share/41068_ignition_bringup/models/forest_plane/model.config
[0.696s] -- Up-to-date: /home/student/41068RS12025-Group18/install/41068_ignition_bringup/share/41068_ignition_bringup/models/forest_plane/model.sdf
[0.697s] -- Up-to-date: /home/student/41068RS12025-Group18/install/41068_ignition_bringup/share/41068_ignition_bringup/models/forest_plane/materials
[0.697s] -- Up-to-date: /home/student/41068RS12025-Group18/install/41068_ignition_bringup/share/41068_ignition_bringup/models/forest_plane/materials/textures
[0.697s] -- Up-to-date: /home/student/41068RS12025-Group18/install/41068_ignition_bringup/share/41068_ignition_bringup/models/forest_plane/materials/textures/forest_overhead.png
[0.697s] -- Up-to-date: /home/student/41068RS12025-Group18/install/41068_ignition_bringup/share/41068_ignition_bringup/models/forest_plane/materials/textures/empty_grass.png
[0.697s] -- Up-to-date: /home/student/41068RS12025-Group18/install/41068_ignition_bringup/share/41068_ignition_bringup/models/forest_plane/materials/textures/leaf_litter.png
[0.698s] -- Up-to-date: /home/student/41068RS12025-Group18/install/41068_ignition_bringup/share/41068_ignition_bringup/models/quadrotor_4.stl
[0.698s] -- Up-to-date: /home/student/41068RS12025-Group18/install/41068_ignition_bringup/share/41068_ignition_bringup/models/forest_wall
[0.698s] -- Up-to-date: /home/student/41068RS12025-Group18/install/41068_ignition_bringup/share/41068_ignition_bringup/models/forest_wall/model.config
[0.698s] -- Up-to-date: /home/student/41068RS12025-Group18/install/41068_ignition_bringup/share/41068_ignition_bringup/models/forest_wall/model.sdf
[0.698s] -- Up-to-date: /home/student/41068RS12025-Group18/install/41068_ignition_bringup/share/41068_ignition_bringup/models/forest_wall/materials
[0.698s] -- Up-to-date: /home/student/41068RS12025-Group18/install/41068_ignition_bringup/share/41068_ignition_bringup/models/forest_wall/materials/textures
[0.699s] -- Up-to-date: /home/student/41068RS12025-Group18/install/41068_ignition_bringup/share/41068_ignition_bringup/models/forest_wall/materials/textures/forest_wall_transparent.png
[0.699s] -- Up-to-date: /home/student/41068RS12025-Group18/install/41068_ignition_bringup/share/41068_ignition_bringup/models/forest_wall/materials/textures/forest_wall_transparent_small.png
[0.699s] -- Up-to-date: /home/student/41068RS12025-Group18/install/41068_ignition_bringup/share/41068_ignition_bringup/models/forest_wall/materials/textures/forest_wall.png
[0.699s] -- Up-to-date: /home/student/41068RS12025-Group18/install/41068_ignition_bringup/share/41068_ignition_bringup/models/quadrotor_4.dae
[0.699s] -- Up-to-date: /home/student/41068RS12025-Group18/install/41068_ignition_bringup/share/41068_ignition_bringup/models/sjtu_drone.sdf
[0.699s] -- Up-to-date: /home/student/41068RS12025-Group18/install/41068_ignition_bringup/share/41068_ignition_bringup/urdf
[0.699s] -- Up-to-date: /home/student/41068RS12025-Group18/install/41068_ignition_bringup/share/41068_ignition_bringup/urdf/rs1_drone.urdf.xacro
[0.699s] -- Up-to-date: /home/student/41068RS12025-Group18/install/41068_ignition_bringup/share/41068_ignition_bringup/urdf/model
[0.699s] -- Up-to-date: /home/student/41068RS12025-Group18/install/41068_ignition_bringup/share/41068_ignition_bringup/urdf/model/model.config
[0.699s] -- Up-to-date: /home/student/41068RS12025-Group18/install/41068_ignition_bringup/share/41068_ignition_bringup/urdf/rs1_drone.urdf
[0.699s] -- Up-to-date: /home/student/41068RS12025-Group18/install/41068_ignition_bringup/share/41068_ignition_bringup/worlds
[0.705s] -- Up-to-date: /home/student/41068RS12025-Group18/install/41068_ignition_bringup/share/41068_ignition_bringup/worlds/simple_test.world
[0.705s] -- Up-to-date: /home/student/41068RS12025-Group18/install/41068_ignition_bringup/share/41068_ignition_bringup/worlds/simple_trees.sdf
[0.705s] -- Up-to-date: /home/student/41068RS12025-Group18/install/41068_ignition_bringup/share/41068_ignition_bringup/worlds/simple_trees_builtin.sdf
[0.705s] -- Up-to-date: /home/student/41068RS12025-Group18/install/41068_ignition_bringup/share/41068_ignition_bringup
[0.705s] -- Up-to-date: /home/student/41068RS12025-Group18/install/41068_ignition_bringup/share/41068_ignition_bringup/drone_control.h
[0.705s] -- Up-to-date: /home/student/41068RS12025-Group18/install/41068_ignition_bringup/share/41068_ignition_bringup/sensor_manager.h
[0.705s] -- Up-to-date: /home/student/41068RS12025-Group18/install/41068_ignition_bringup/share/41068_ignition_bringup/mission
[0.705s] -- Up-to-date: /home/student/41068RS12025-Group18/install/41068_ignition_bringup/share/41068_ignition_bringup/mission/state_machine.h
[0.705s] -- Up-to-date: /home/student/41068RS12025-Group18/install/41068_ignition_bringup/share/41068_ignition_bringup/mission/mission_executor.h
[0.705s] -- Up-to-date: /home/student/41068RS12025-Group18/install/41068_ignition_bringup/share/41068_ignition_bringup/mission/path_planner.h
[0.706s] -- Up-to-date: /home/student/41068RS12025-Group18/install/41068_ignition_bringup/share/41068_ignition_bringup/safety_monitor.h
[0.706s] -- Up-to-date: /home/student/41068RS12025-Group18/install/41068_ignition_bringup/share/41068_ignition_bringup/mission_node.h
[0.706s] -- Up-to-date: /home/student/41068RS12025-Group18/install/41068_ignition_bringup/share/41068_ignition_bringup/waypoint_nav_node.h
[0.706s] -- Up-to-date: /home/student/41068RS12025-Group18/install/41068_ignition_bringup/share/41068_ignition_bringup/drone_node.h
[0.706s] -- Up-to-date: /home/student/41068RS12025-Group18/install/41068_ignition_bringup/share/41068_ignition_bringup/pid.h
[0.706s] -- Up-to-date: /home/student/41068RS12025-Group18/install/41068_ignition_bringup/share/41068_ignition_bringup/mission_state.h
[0.706s] -- Up-to-date: /home/student/41068RS12025-Group18/install/41068_ignition_bringup/share/41068_ignition_bringup/launch/rs1_drone_spawner.py
[0.706s] -- Up-to-date: /home/student/41068RS12025-Group18/install/41068_ignition_bringup/share/41068_ignition_bringup/launch/rs1_single_drone.py
[0.706s] -- Up-to-date: /home/student/41068RS12025-Group18/install/41068_ignition_bringup/lib/libmission_planner_component.so
[0.706s] -- Up-to-date: /home/student/41068RS12025-Group18/install/41068_ignition_bringup/lib/libdrone_controller_enhanced_component.so
[0.706s] -- Up-to-date: /home/student/41068RS12025-Group18/install/41068_ignition_bringup/lib/libpid_controller.so
[0.706s] -- Up-to-date: /home/student/41068RS12025-Group18/install/41068_ignition_bringup/lib/libdrone_control.so
[0.707s] -- Up-to-date: /home/student/41068RS12025-Group18/install/41068_ignition_bringup/lib/libstate_machine.so
[0.707s] -- Up-to-date: /home/student/41068RS12025-Group18/install/41068_ignition_bringup/lib/libpath_planner.so
[0.707s] -- Up-to-date: /home/student/41068RS12025-Group18/install/41068_ignition_bringup/lib/libmission_executor.so
[0.707s] -- Up-to-date: /home/student/41068RS12025-Group18/install/41068_ignition_bringup/share/ament_index/resource_index/package_run_dependencies/41068_ignition_bringup
[0.707s] -- Up-to-date: /home/student/41068RS12025-Group18/install/41068_ignition_bringup/share/ament_index/resource_index/parent_prefix_path/41068_ignition_bringup
[0.707s] -- Up-to-date: /home/student/41068RS12025-Group18/install/41068_ignition_bringup/share/41068_ignition_bringup/environment/ament_prefix_path.sh
[0.707s] -- Up-to-date: /home/student/41068RS12025-Group18/install/41068_ignition_bringup/share/41068_ignition_bringup/environment/ament_prefix_path.dsv
[0.707s] -- Up-to-date: /home/student/41068RS12025-Group18/install/41068_ignition_bringup/share/41068_ignition_bringup/environment/path.sh
[0.707s] -- Up-to-date: /home/student/41068RS12025-Group18/install/41068_ignition_bringup/share/41068_ignition_bringup/environment/path.dsv
[0.707s] -- Up-to-date: /home/student/41068RS12025-Group18/install/41068_ignition_bringup/share/41068_ignition_bringup/local_setup.bash
[0.708s] -- Up-to-date: /home/student/41068RS12025-Group18/install/41068_ignition_bringup/share/41068_ignition_bringup/local_setup.sh
[0.708s] -- Up-to-date: /home/student/41068RS12025-Group18/install/41068_ignition_bringup/share/41068_ignition_bringup/local_setup.zsh
[0.708s] -- Up-to-date: /home/student/41068RS12025-Group18/install/41068_ignition_bringup/share/41068_ignition_bringup/local_setup.dsv
[0.708s] -- Installing: /home/student/41068RS12025-Group18/install/41068_ignition_bringup/share/41068_ignition_bringup/package.dsv
[0.708s] -- Up-to-date: /home/student/41068RS12025-Group18/install/41068_ignition_bringup/share/ament_index/resource_index/packages/41068_ignition_bringup
[0.708s] -- Up-to-date: /home/student/41068RS12025-Group18/install/41068_ignition_bringup/share/ament_index/resource_index/rclcpp_components/41068_ignition_bringup
[0.708s] -- Up-to-date: /home/student/41068RS12025-Group18/install/41068_ignition_bringup/share/41068_ignition_bringup/cmake/export_mission_componentsExport.cmake
[0.709s] -- Up-to-date: /home/student/41068RS12025-Group18/install/41068_ignition_bringup/share/41068_ignition_bringup/cmake/export_mission_componentsExport-noconfig.cmake
[0.709s] -- Up-to-date: /home/student/41068RS12025-Group18/install/41068_ignition_bringup/share/41068_ignition_bringup/cmake/ament_cmake_export_dependencies-extras.cmake
[0.709s] -- Up-to-date: /home/student/41068RS12025-Group18/install/41068_ignition_bringup/share/41068_ignition_bringup/cmake/ament_cmake_export_targets-extras.cmake
[0.709s] -- Up-to-date: /home/student/41068RS12025-Group18/install/41068_ignition_bringup/share/41068_ignition_bringup/cmake/41068_ignition_bringupConfig.cmake
[0.709s] -- Up-to-date: /home/student/41068RS12025-Group18/install/41068_ignition_bringup/share/41068_ignition_bringup/cmake/41068_ignition_bringupConfig-version.cmake
[0.709s] -- Up-to-date: /home/student/41068RS12025-Group18/install/41068_ignition_bringup/share/41068_ignition_bringup/package.xml
[0.715s] Invoked command in '/home/student/41068RS12025-Group18/build/41068_ignition_bringup' returned '0': CMAKE_PREFIX_PATH=${CMAKE_PREFIX_PATH}:/opt/ros/humble /usr/bin/cmake --install /home/student/41068RS12025-Group18/build/41068_ignition_bringup
