[0.011s] Invoking command in '/home/student/41068_ws/src/41068RS12025-Group18/build/drone_controller': CMAKE_PREFIX_PATH=${CMAKE_PREFIX_PATH}:/opt/ros/humble /usr/bin/cmake /home/student/41068_ws/src/41068RS12025-Group18/drone_controller -DAMENT_CMAKE_SYMLINK_INSTALL=1 -DCMAKE_INSTALL_PREFIX=/home/student/41068_ws/src/41068RS12025-Group18/install/drone_controller
[0.069s] -- The C compiler identification is GNU 11.4.0
[0.129s] -- The CXX compiler identification is GNU 11.4.0
[0.137s] -- Detecting C compiler ABI info
[0.211s] -- Detecting C compiler ABI info - done
[0.220s] -- Check for working C compiler: /usr/bin/cc - skipped
[0.220s] -- Detecting C compile features
[0.220s] -- Detecting C compile features - done
[0.224s] -- Detecting CXX compiler ABI info
[0.311s] -- Detecting CXX compiler ABI info - done
[0.321s] -- Check for working CXX compiler: /usr/bin/c++ - skipped
[0.323s] -- Detecting CXX compile features
[0.324s] -- Detecting CXX compile features - done
[0.326s] -- Found ament_cmake: 1.3.12 (/opt/ros/humble/share/ament_cmake/cmake)
[0.484s] -- Found Python3: /usr/bin/python3 (found version "3.10.12") found components: Interpreter 
[0.553s] -- Override CMake install command with custom implementation using symlinks instead of copying resources
[0.583s] -- Found rclcpp: 16.0.14 (/opt/ros/humble/share/rclcpp/cmake)
[0.629s] -- Found rosidl_generator_c: 3.1.7 (/opt/ros/humble/share/rosidl_generator_c/cmake)
[0.634s] -- Found rosidl_adapter: 3.1.7 (/opt/ros/humble/share/rosidl_adapter/cmake)
[0.642s] -- Found rosidl_generator_cpp: 3.1.7 (/opt/ros/humble/share/rosidl_generator_cpp/cmake)
[0.655s] -- Using all available rosidl_typesupport_c: rosidl_typesupport_fastrtps_c;rosidl_typesupport_introspection_c
[0.671s] -- Using all available rosidl_typesupport_cpp: rosidl_typesupport_fastrtps_cpp;rosidl_typesupport_introspection_cpp
[0.717s] -- Found rmw_implementation_cmake: 6.1.2 (/opt/ros/humble/share/rmw_implementation_cmake/cmake)
[0.720s] -- Found rmw_fastrtps_cpp: 6.2.8 (/opt/ros/humble/share/rmw_fastrtps_cpp/cmake)
[0.810s] -- Found OpenSSL: /usr/lib/x86_64-linux-gnu/libcrypto.so (found version "3.0.2")  
[0.845s] -- Found FastRTPS: /opt/ros/humble/include  
[0.893s] -- Using RMW implementation 'rmw_fastrtps_cpp' as default
[0.903s] -- Looking for pthread.h
[0.979s] -- Looking for pthread.h - found
[0.979s] -- Performing Test CMAKE_HAVE_LIBC_PTHREAD
[1.057s] -- Performing Test CMAKE_HAVE_LIBC_PTHREAD - Success
[1.058s] -- Found Threads: TRUE  
[1.116s] -- Found geometry_msgs: 4.9.0 (/opt/ros/humble/share/geometry_msgs/cmake)
[1.138s] -- Found ament_lint_auto: 0.12.14 (/opt/ros/humble/share/ament_lint_auto/cmake)
[1.229s] -- Added test 'cppcheck' to perform static code analysis on C / C++ code
[1.229s] -- Configured cppcheck include dirs: 
[1.229s] -- Configured cppcheck exclude dirs and/or files: 
[1.230s] -- Added test 'lint_cmake' to check CMake code style
[1.231s] -- Added test 'uncrustify' to check C / C++ code style
[1.231s] -- Configured uncrustify additional arguments: 
[1.231s] -- Added test 'xmllint' to check XML markup files
[1.232s] -- Configuring done
[1.242s] -- Generating done
[1.245s] -- Build files have been written to: /home/student/41068_ws/src/41068RS12025-Group18/build/drone_controller
[1.258s] Invoked command in '/home/student/41068_ws/src/41068RS12025-Group18/build/drone_controller' returned '0': CMAKE_PREFIX_PATH=${CMAKE_PREFIX_PATH}:/opt/ros/humble /usr/bin/cmake /home/student/41068_ws/src/41068RS12025-Group18/drone_controller -DAMENT_CMAKE_SYMLINK_INSTALL=1 -DCMAKE_INSTALL_PREFIX=/home/student/41068_ws/src/41068RS12025-Group18/install/drone_controller
[1.260s] Invoking command in '/home/student/41068_ws/src/41068RS12025-Group18/build/drone_controller': CMAKE_PREFIX_PATH=${CMAKE_PREFIX_PATH}:/opt/ros/humble /usr/bin/cmake --build /home/student/41068_ws/src/41068RS12025-Group18/build/drone_controller -- -j8 -l8
[1.310s] [ 50%] [32mBuilding CXX object CMakeFiles/drone_controller_node.dir/src/drone_controller.cpp.o[0m
[5.460s] [100%] [32m[1mLinking CXX executable drone_controller_node[0m
[5.657s] [100%] Built target drone_controller_node
[5.669s] Invoked command in '/home/student/41068_ws/src/41068RS12025-Group18/build/drone_controller' returned '0': CMAKE_PREFIX_PATH=${CMAKE_PREFIX_PATH}:/opt/ros/humble /usr/bin/cmake --build /home/student/41068_ws/src/41068RS12025-Group18/build/drone_controller -- -j8 -l8
[5.671s] Invoking command in '/home/student/41068_ws/src/41068RS12025-Group18/build/drone_controller': CMAKE_PREFIX_PATH=${CMAKE_PREFIX_PATH}:/opt/ros/humble /usr/bin/cmake --install /home/student/41068_ws/src/41068RS12025-Group18/build/drone_controller
[5.679s] -- Install configuration: ""
[5.679s] -- Execute custom install script
[5.680s] -- Symlinking: /home/student/41068_ws/src/41068RS12025-Group18/install/drone_controller/lib/drone_controller/drone_controller_node
[5.689s] -- Symlinking: /home/student/41068_ws/src/41068RS12025-Group18/install/drone_controller/share/ament_index/resource_index/package_run_dependencies/drone_controller
[5.698s] -- Symlinking: /home/student/41068_ws/src/41068RS12025-Group18/install/drone_controller/share/ament_index/resource_index/parent_prefix_path/drone_controller
[5.707s] -- Symlinking: /home/student/41068_ws/src/41068RS12025-Group18/install/drone_controller/share/drone_controller/environment/ament_prefix_path.sh
[5.716s] -- Symlinking: /home/student/41068_ws/src/41068RS12025-Group18/install/drone_controller/share/drone_controller/environment/ament_prefix_path.dsv
[5.726s] -- Symlinking: /home/student/41068_ws/src/41068RS12025-Group18/install/drone_controller/share/drone_controller/environment/path.sh
[5.734s] -- Symlinking: /home/student/41068_ws/src/41068RS12025-Group18/install/drone_controller/share/drone_controller/environment/path.dsv
[5.745s] -- Symlinking: /home/student/41068_ws/src/41068RS12025-Group18/install/drone_controller/share/drone_controller/local_setup.bash
[5.754s] -- Symlinking: /home/student/41068_ws/src/41068RS12025-Group18/install/drone_controller/share/drone_controller/local_setup.sh
[5.762s] -- Symlinking: /home/student/41068_ws/src/41068RS12025-Group18/install/drone_controller/share/drone_controller/local_setup.zsh
[5.771s] -- Symlinking: /home/student/41068_ws/src/41068RS12025-Group18/install/drone_controller/share/drone_controller/local_setup.dsv
[5.779s] -- Symlinking: /home/student/41068_ws/src/41068RS12025-Group18/install/drone_controller/share/drone_controller/package.dsv
[5.787s] -- Symlinking: /home/student/41068_ws/src/41068RS12025-Group18/install/drone_controller/share/ament_index/resource_index/packages/drone_controller
[5.795s] -- Symlinking: /home/student/41068_ws/src/41068RS12025-Group18/install/drone_controller/share/drone_controller/cmake/drone_controllerConfig.cmake
[5.805s] -- Symlinking: /home/student/41068_ws/src/41068RS12025-Group18/install/drone_controller/share/drone_controller/cmake/drone_controllerConfig-version.cmake
[5.814s] -- Symlinking: /home/student/41068_ws/src/41068RS12025-Group18/install/drone_controller/share/drone_controller/package.xml
[5.825s] Invoked command in '/home/student/41068_ws/src/41068RS12025-Group18/build/drone_controller' returned '0': CMAKE_PREFIX_PATH=${CMAKE_PREFIX_PATH}:/opt/ros/humble /usr/bin/cmake --install /home/student/41068_ws/src/41068RS12025-Group18/build/drone_controller
