[0.118s] DEBUG:colcon:Command line arguments: ['/usr/bin/colcon', 'build']
[0.118s] DEBUG:colcon:Parsed command line arguments: Namespace(log_base=None, log_level=None, verb_name='build', build_base='build', install_base='install', merge_install=False, symlink_install=False, test_result_base=None, continue_on_error=False, executor='parallel', parallel_workers=8, event_handlers=None, ignore_user_meta=False, metas=['./colcon.meta'], base_paths=['.'], packages_ignore=None, packages_ignore_regex=None, paths=None, packages_up_to=None, packages_up_to_regex=None, packages_above=None, packages_above_and_dependencies=None, packages_above_depth=None, packages_select_by_dep=None, packages_skip_by_dep=None, packages_skip_up_to=None, packages_select_build_failed=False, packages_skip_build_finished=False, packages_select_test_failures=False, packages_skip_test_passed=False, packages_select=None, packages_skip=None, packages_select_regex=None, packages_skip_regex=None, packages_start=None, packages_end=None, allow_overriding=[], cmake_args=None, cmake_target=None, cmake_target_skip_unavailable=False, cmake_clean_cache=False, cmake_clean_first=False, cmake_force_configure=False, ament_cmake_args=None, catkin_cmake_args=None, catkin_skip_building_tests=False, mixin_files=None, mixin=None, verb_parser=<colcon_mixin.mixin.mixin_argument.MixinArgumentDecorator object at 0x77c5c0f46350>, verb_extension=<colcon_core.verb.build.BuildVerb object at 0x77c5c0f45de0>, main=<bound method BuildVerb.main of <colcon_core.verb.build.BuildVerb object at 0x77c5c0f45de0>>, mixin_verb=('build',))
[0.306s] Level 1:colcon.colcon_core.package_discovery:discover_packages(colcon_meta) check parameters
[0.306s] Level 1:colcon.colcon_core.package_discovery:discover_packages(recursive) check parameters
[0.306s] Level 1:colcon.colcon_core.package_discovery:discover_packages(ignore) check parameters
[0.306s] Level 1:colcon.colcon_core.package_discovery:discover_packages(path) check parameters
[0.306s] Level 1:colcon.colcon_core.package_discovery:discover_packages(colcon_meta) discover
[0.306s] Level 1:colcon.colcon_core.package_discovery:discover_packages(recursive) discover
[0.306s] INFO:colcon.colcon_core.package_discovery:Crawling recursively for packages in '/home/student/41068RS12025-Group18'
[0.306s] Level 1:colcon.colcon_core.package_identification:_identify(.) by extensions ['ignore', 'ignore_ament_install']
[0.306s] Level 1:colcon.colcon_core.package_identification:_identify(.) by extension 'ignore'
[0.306s] Level 1:colcon.colcon_core.package_identification:_identify(.) by extension 'ignore_ament_install'
[0.307s] Level 1:colcon.colcon_core.package_identification:_identify(.) by extensions ['colcon_pkg']
[0.307s] Level 1:colcon.colcon_core.package_identification:_identify(.) by extension 'colcon_pkg'
[0.307s] Level 1:colcon.colcon_core.package_identification:_identify(.) by extensions ['colcon_meta']
[0.307s] Level 1:colcon.colcon_core.package_identification:_identify(.) by extension 'colcon_meta'
[0.307s] Level 1:colcon.colcon_core.package_identification:_identify(.) by extensions ['ros']
[0.307s] Level 1:colcon.colcon_core.package_identification:_identify(.) by extension 'ros'
[0.319s] Level 1:colcon.colcon_core.package_identification:_identify(.) by extensions ['cmake', 'python']
[0.319s] Level 1:colcon.colcon_core.package_identification:_identify(.) by extension 'cmake'
[0.319s] Level 1:colcon.colcon_core.package_identification:_identify(.) by extension 'python'
[0.319s] Level 1:colcon.colcon_core.package_identification:_identify(.) by extensions ['python_setup_py']
[0.319s] Level 1:colcon.colcon_core.package_identification:_identify(.) by extension 'python_setup_py'
[0.319s] Level 1:colcon.colcon_core.package_identification:_identify(build) by extensions ['ignore', 'ignore_ament_install']
[0.319s] Level 1:colcon.colcon_core.package_identification:_identify(build) by extension 'ignore'
[0.319s] Level 1:colcon.colcon_core.package_identification:_identify(build) ignored
[0.319s] Level 1:colcon.colcon_core.package_identification:_identify(install) by extensions ['ignore', 'ignore_ament_install']
[0.320s] Level 1:colcon.colcon_core.package_identification:_identify(install) by extension 'ignore'
[0.320s] Level 1:colcon.colcon_core.package_identification:_identify(install) ignored
[0.320s] Level 1:colcon.colcon_core.package_identification:_identify(log) by extensions ['ignore', 'ignore_ament_install']
[0.320s] Level 1:colcon.colcon_core.package_identification:_identify(log) by extension 'ignore'
[0.320s] Level 1:colcon.colcon_core.package_identification:_identify(log) ignored
[0.320s] Level 1:colcon.colcon_core.package_identification:_identify(src) by extensions ['ignore', 'ignore_ament_install']
[0.320s] Level 1:colcon.colcon_core.package_identification:_identify(src) by extension 'ignore'
[0.320s] Level 1:colcon.colcon_core.package_identification:_identify(src) by extension 'ignore_ament_install'
[0.320s] Level 1:colcon.colcon_core.package_identification:_identify(src) by extensions ['colcon_pkg']
[0.320s] Level 1:colcon.colcon_core.package_identification:_identify(src) by extension 'colcon_pkg'
[0.320s] Level 1:colcon.colcon_core.package_identification:_identify(src) by extensions ['colcon_meta']
[0.320s] Level 1:colcon.colcon_core.package_identification:_identify(src) by extension 'colcon_meta'
[0.320s] Level 1:colcon.colcon_core.package_identification:_identify(src) by extensions ['ros']
[0.320s] Level 1:colcon.colcon_core.package_identification:_identify(src) by extension 'ros'
[0.320s] Level 1:colcon.colcon_core.package_identification:_identify(src) by extensions ['cmake', 'python']
[0.320s] Level 1:colcon.colcon_core.package_identification:_identify(src) by extension 'cmake'
[0.320s] Level 1:colcon.colcon_core.package_identification:_identify(src) by extension 'python'
[0.321s] Level 1:colcon.colcon_core.package_identification:_identify(src) by extensions ['python_setup_py']
[0.321s] Level 1:colcon.colcon_core.package_identification:_identify(src) by extension 'python_setup_py'
[0.321s] Level 1:colcon.colcon_core.package_identification:_identify(src/41068_ignition_bringup) by extensions ['ignore', 'ignore_ament_install']
[0.321s] Level 1:colcon.colcon_core.package_identification:_identify(src/41068_ignition_bringup) by extension 'ignore'
[0.321s] Level 1:colcon.colcon_core.package_identification:_identify(src/41068_ignition_bringup) by extension 'ignore_ament_install'
[0.321s] Level 1:colcon.colcon_core.package_identification:_identify(src/41068_ignition_bringup) by extensions ['colcon_pkg']
[0.321s] Level 1:colcon.colcon_core.package_identification:_identify(src/41068_ignition_bringup) by extension 'colcon_pkg'
[0.321s] Level 1:colcon.colcon_core.package_identification:_identify(src/41068_ignition_bringup) by extensions ['colcon_meta']
[0.321s] Level 1:colcon.colcon_core.package_identification:_identify(src/41068_ignition_bringup) by extension 'colcon_meta'
[0.321s] Level 1:colcon.colcon_core.package_identification:_identify(src/41068_ignition_bringup) by extensions ['ros']
[0.321s] Level 1:colcon.colcon_core.package_identification:_identify(src/41068_ignition_bringup) by extension 'ros'
[0.328s] DEBUG:colcon.colcon_core.package_identification:Package 'src/41068_ignition_bringup' with type 'ros.ament_cmake' and name '41068_ignition_bringup'
[0.328s] Level 1:colcon.colcon_core.package_discovery:discover_packages(recursive) using defaults
[0.328s] Level 1:colcon.colcon_core.package_discovery:discover_packages(ignore) discover
[0.328s] Level 1:colcon.colcon_core.package_discovery:discover_packages(ignore) using defaults
[0.328s] Level 1:colcon.colcon_core.package_discovery:discover_packages(path) discover
[0.328s] Level 1:colcon.colcon_core.package_discovery:discover_packages(path) using defaults
[0.370s] Level 1:colcon.colcon_core.package_discovery:discover_packages(prefix_path) check parameters
[0.370s] Level 1:colcon.colcon_core.package_discovery:discover_packages(prefix_path) discover
[0.373s] DEBUG:colcon.colcon_installed_package_information.package_discovery:Found 1 installed packages in /home/student/ros2_ws/install
[0.375s] DEBUG:colcon.colcon_installed_package_information.package_discovery:Found 428 installed packages in /opt/ros/humble
[0.378s] Level 1:colcon.colcon_core.package_discovery:discover_packages(prefix_path) using defaults
[0.431s] Level 5:colcon.colcon_core.verb:set package '41068_ignition_bringup' build argument 'cmake_args' from command line to 'None'
[0.431s] Level 5:colcon.colcon_core.verb:set package '41068_ignition_bringup' build argument 'cmake_target' from command line to 'None'
[0.431s] Level 5:colcon.colcon_core.verb:set package '41068_ignition_bringup' build argument 'cmake_target_skip_unavailable' from command line to 'False'
[0.431s] Level 5:colcon.colcon_core.verb:set package '41068_ignition_bringup' build argument 'cmake_clean_cache' from command line to 'False'
[0.431s] Level 5:colcon.colcon_core.verb:set package '41068_ignition_bringup' build argument 'cmake_clean_first' from command line to 'False'
[0.431s] Level 5:colcon.colcon_core.verb:set package '41068_ignition_bringup' build argument 'cmake_force_configure' from command line to 'False'
[0.431s] Level 5:colcon.colcon_core.verb:set package '41068_ignition_bringup' build argument 'ament_cmake_args' from command line to 'None'
[0.431s] Level 5:colcon.colcon_core.verb:set package '41068_ignition_bringup' build argument 'catkin_cmake_args' from command line to 'None'
[0.431s] Level 5:colcon.colcon_core.verb:set package '41068_ignition_bringup' build argument 'catkin_skip_building_tests' from command line to 'False'
[0.431s] DEBUG:colcon.colcon_core.verb:Building package '41068_ignition_bringup' with the following arguments: {'ament_cmake_args': None, 'build_base': '/home/student/41068RS12025-Group18/build/41068_ignition_bringup', 'catkin_cmake_args': None, 'catkin_skip_building_tests': False, 'cmake_args': None, 'cmake_clean_cache': False, 'cmake_clean_first': False, 'cmake_force_configure': False, 'cmake_target': None, 'cmake_target_skip_unavailable': False, 'install_base': '/home/student/41068RS12025-Group18/install/41068_ignition_bringup', 'merge_install': False, 'path': '/home/student/41068RS12025-Group18/src/41068_ignition_bringup', 'symlink_install': False, 'test_result_base': None}
[0.432s] INFO:colcon.colcon_core.executor:Executing jobs using 'parallel' executor
[0.433s] DEBUG:colcon.colcon_parallel_executor.executor.parallel:run_until_complete
[0.433s] INFO:colcon.colcon_ros.task.ament_cmake.build:Building ROS package in '/home/student/41068RS12025-Group18/src/41068_ignition_bringup' with build type 'ament_cmake'
[0.433s] INFO:colcon.colcon_cmake.task.cmake.build:Building CMake package in '/home/student/41068RS12025-Group18/src/41068_ignition_bringup'
[0.435s] INFO:colcon.colcon_core.plugin_system:Skipping extension 'colcon_core.shell.bat': Not used on non-Windows systems
[0.436s] INFO:colcon.colcon_core.shell:Skip shell extension 'powershell' for command environment: Not usable outside of PowerShell
[0.436s] DEBUG:colcon.colcon_core.shell:Skip shell extension 'dsv' for command environment
[0.446s] DEBUG:colcon.colcon_core.event_handler.log_command:Invoking command in '/home/student/41068RS12025-Group18/build/41068_ignition_bringup': CMAKE_PREFIX_PATH=${CMAKE_PREFIX_PATH}:/opt/ros/humble /usr/bin/cmake /home/student/41068RS12025-Group18/src/41068_ignition_bringup -DCMAKE_INSTALL_PREFIX=/home/student/41068RS12025-Group18/install/41068_ignition_bringup
[2.437s] DEBUG:colcon.colcon_core.event_handler.log_command:Invoked command in '/home/student/41068RS12025-Group18/build/41068_ignition_bringup' returned '0': CMAKE_PREFIX_PATH=${CMAKE_PREFIX_PATH}:/opt/ros/humble /usr/bin/cmake /home/student/41068RS12025-Group18/src/41068_ignition_bringup -DCMAKE_INSTALL_PREFIX=/home/student/41068RS12025-Group18/install/41068_ignition_bringup
[2.440s] DEBUG:colcon.colcon_core.event_handler.log_command:Invoking command in '/home/student/41068RS12025-Group18/build/41068_ignition_bringup': CMAKE_PREFIX_PATH=${CMAKE_PREFIX_PATH}:/opt/ros/humble /usr/bin/cmake --build /home/student/41068RS12025-Group18/build/41068_ignition_bringup -- -j8 -l8
[41.156s] DEBUG:colcon.colcon_core.event_handler.log_command:Invoked command in '/home/student/41068RS12025-Group18/build/41068_ignition_bringup' returned '0': CMAKE_PREFIX_PATH=${CMAKE_PREFIX_PATH}:/opt/ros/humble /usr/bin/cmake --build /home/student/41068RS12025-Group18/build/41068_ignition_bringup -- -j8 -l8
[41.170s] DEBUG:colcon.colcon_core.event_handler.log_command:Invoking command in '/home/student/41068RS12025-Group18/build/41068_ignition_bringup': CMAKE_PREFIX_PATH=${CMAKE_PREFIX_PATH}:/opt/ros/humble /usr/bin/cmake --install /home/student/41068RS12025-Group18/build/41068_ignition_bringup
[41.323s] Level 1:colcon.colcon_core.environment:create_environment_scripts_only(41068_ignition_bringup)
[41.324s] DEBUG:colcon.colcon_core.event_handler.log_command:Invoked command in '/home/student/41068RS12025-Group18/build/41068_ignition_bringup' returned '0': CMAKE_PREFIX_PATH=${CMAKE_PREFIX_PATH}:/opt/ros/humble /usr/bin/cmake --install /home/student/41068RS12025-Group18/build/41068_ignition_bringup
[41.326s] Level 1:colcon.colcon_core.environment:checking '/home/student/41068RS12025-Group18/install/41068_ignition_bringup' for CMake module files
[41.326s] Level 1:colcon.colcon_core.environment:checking '/home/student/41068RS12025-Group18/install/41068_ignition_bringup' for CMake config files
[41.326s] Level 1:colcon.colcon_core.shell:create_environment_hook('41068_ignition_bringup', 'cmake_prefix_path')
[41.327s] INFO:colcon.colcon_core.shell:Creating environment hook '/home/student/41068RS12025-Group18/install/41068_ignition_bringup/share/41068_ignition_bringup/hook/cmake_prefix_path.ps1'
[41.328s] INFO:colcon.colcon_core.shell:Creating environment descriptor '/home/student/41068RS12025-Group18/install/41068_ignition_bringup/share/41068_ignition_bringup/hook/cmake_prefix_path.dsv'
[41.328s] INFO:colcon.colcon_core.shell:Creating environment hook '/home/student/41068RS12025-Group18/install/41068_ignition_bringup/share/41068_ignition_bringup/hook/cmake_prefix_path.sh'
[41.329s] Level 1:colcon.colcon_core.environment:checking '/home/student/41068RS12025-Group18/install/41068_ignition_bringup/lib'
[41.329s] Level 1:colcon.colcon_core.shell:create_environment_hook('41068_ignition_bringup', 'ld_library_path_lib')
[41.330s] INFO:colcon.colcon_core.shell:Creating environment hook '/home/student/41068RS12025-Group18/install/41068_ignition_bringup/share/41068_ignition_bringup/hook/ld_library_path_lib.ps1'
[41.330s] INFO:colcon.colcon_core.shell:Creating environment descriptor '/home/student/41068RS12025-Group18/install/41068_ignition_bringup/share/41068_ignition_bringup/hook/ld_library_path_lib.dsv'
[41.330s] INFO:colcon.colcon_core.shell:Creating environment hook '/home/student/41068RS12025-Group18/install/41068_ignition_bringup/share/41068_ignition_bringup/hook/ld_library_path_lib.sh'
[41.331s] Level 1:colcon.colcon_core.environment:checking '/home/student/41068RS12025-Group18/install/41068_ignition_bringup/bin'
[41.331s] Level 1:colcon.colcon_core.environment:checking '/home/student/41068RS12025-Group18/install/41068_ignition_bringup/lib/pkgconfig/41068_ignition_bringup.pc'
[41.331s] Level 1:colcon.colcon_core.environment:checking '/home/student/41068RS12025-Group18/install/41068_ignition_bringup/lib/python3.10/site-packages'
[41.331s] Level 1:colcon.colcon_core.environment:checking '/home/student/41068RS12025-Group18/install/41068_ignition_bringup/bin'
[41.332s] INFO:colcon.colcon_core.shell:Creating package script '/home/student/41068RS12025-Group18/install/41068_ignition_bringup/share/41068_ignition_bringup/package.ps1'
[41.333s] INFO:colcon.colcon_core.shell:Creating package descriptor '/home/student/41068RS12025-Group18/install/41068_ignition_bringup/share/41068_ignition_bringup/package.dsv'
[41.333s] INFO:colcon.colcon_core.shell:Creating package script '/home/student/41068RS12025-Group18/install/41068_ignition_bringup/share/41068_ignition_bringup/package.sh'
[41.334s] INFO:colcon.colcon_core.shell:Creating package script '/home/student/41068RS12025-Group18/install/41068_ignition_bringup/share/41068_ignition_bringup/package.bash'
[41.335s] INFO:colcon.colcon_core.shell:Creating package script '/home/student/41068RS12025-Group18/install/41068_ignition_bringup/share/41068_ignition_bringup/package.zsh'
[41.335s] Level 1:colcon.colcon_core.environment:create_file_with_runtime_dependencies(/home/student/41068RS12025-Group18/install/41068_ignition_bringup/share/colcon-core/packages/41068_ignition_bringup)
[41.336s] Level 1:colcon.colcon_core.environment:create_environment_scripts_only(41068_ignition_bringup)
[41.336s] Level 1:colcon.colcon_core.environment:checking '/home/student/41068RS12025-Group18/install/41068_ignition_bringup' for CMake module files
[41.337s] Level 1:colcon.colcon_core.environment:checking '/home/student/41068RS12025-Group18/install/41068_ignition_bringup' for CMake config files
[41.337s] Level 1:colcon.colcon_core.shell:create_environment_hook('41068_ignition_bringup', 'cmake_prefix_path')
[41.337s] INFO:colcon.colcon_core.shell:Creating environment hook '/home/student/41068RS12025-Group18/install/41068_ignition_bringup/share/41068_ignition_bringup/hook/cmake_prefix_path.ps1'
[41.338s] INFO:colcon.colcon_core.shell:Creating environment descriptor '/home/student/41068RS12025-Group18/install/41068_ignition_bringup/share/41068_ignition_bringup/hook/cmake_prefix_path.dsv'
[41.338s] INFO:colcon.colcon_core.shell:Creating environment hook '/home/student/41068RS12025-Group18/install/41068_ignition_bringup/share/41068_ignition_bringup/hook/cmake_prefix_path.sh'
[41.339s] Level 1:colcon.colcon_core.environment:checking '/home/student/41068RS12025-Group18/install/41068_ignition_bringup/lib'
[41.339s] Level 1:colcon.colcon_core.shell:create_environment_hook('41068_ignition_bringup', 'ld_library_path_lib')
[41.339s] INFO:colcon.colcon_core.shell:Creating environment hook '/home/student/41068RS12025-Group18/install/41068_ignition_bringup/share/41068_ignition_bringup/hook/ld_library_path_lib.ps1'
[41.340s] INFO:colcon.colcon_core.shell:Creating environment descriptor '/home/student/41068RS12025-Group18/install/41068_ignition_bringup/share/41068_ignition_bringup/hook/ld_library_path_lib.dsv'
[41.340s] INFO:colcon.colcon_core.shell:Creating environment hook '/home/student/41068RS12025-Group18/install/41068_ignition_bringup/share/41068_ignition_bringup/hook/ld_library_path_lib.sh'
[41.340s] Level 1:colcon.colcon_core.environment:checking '/home/student/41068RS12025-Group18/install/41068_ignition_bringup/bin'
[41.340s] Level 1:colcon.colcon_core.environment:checking '/home/student/41068RS12025-Group18/install/41068_ignition_bringup/lib/pkgconfig/41068_ignition_bringup.pc'
[41.341s] Level 1:colcon.colcon_core.environment:checking '/home/student/41068RS12025-Group18/install/41068_ignition_bringup/lib/python3.10/site-packages'
[41.341s] Level 1:colcon.colcon_core.environment:checking '/home/student/41068RS12025-Group18/install/41068_ignition_bringup/bin'
[41.341s] INFO:colcon.colcon_core.shell:Creating package script '/home/student/41068RS12025-Group18/install/41068_ignition_bringup/share/41068_ignition_bringup/package.ps1'
[41.342s] INFO:colcon.colcon_core.shell:Creating package descriptor '/home/student/41068RS12025-Group18/install/41068_ignition_bringup/share/41068_ignition_bringup/package.dsv'
[41.343s] INFO:colcon.colcon_core.shell:Creating package script '/home/student/41068RS12025-Group18/install/41068_ignition_bringup/share/41068_ignition_bringup/package.sh'
[41.343s] INFO:colcon.colcon_core.shell:Creating package script '/home/student/41068RS12025-Group18/install/41068_ignition_bringup/share/41068_ignition_bringup/package.bash'
[41.344s] INFO:colcon.colcon_core.shell:Creating package script '/home/student/41068RS12025-Group18/install/41068_ignition_bringup/share/41068_ignition_bringup/package.zsh'
[41.344s] Level 1:colcon.colcon_core.environment:create_file_with_runtime_dependencies(/home/student/41068RS12025-Group18/install/41068_ignition_bringup/share/colcon-core/packages/41068_ignition_bringup)
[41.345s] DEBUG:colcon.colcon_parallel_executor.executor.parallel:closing loop
[41.345s] DEBUG:colcon.colcon_parallel_executor.executor.parallel:loop closed
[41.345s] DEBUG:colcon.colcon_parallel_executor.executor.parallel:run_until_complete finished with '0'
[41.345s] DEBUG:colcon.colcon_core.event_reactor:joining thread
[41.352s] INFO:colcon.colcon_core.plugin_system:Skipping extension 'colcon_notification.desktop_notification.terminal_notifier': Not used on non-Darwin systems
[41.352s] INFO:colcon.colcon_core.plugin_system:Skipping extension 'colcon_notification.desktop_notification.win32': Not used on non-Windows systems
[41.352s] INFO:colcon.colcon_notification.desktop_notification:Sending desktop notification using 'notify2'
[41.370s] DEBUG:colcon.colcon_core.event_reactor:joined thread
[41.370s] INFO:colcon.colcon_core.shell:Creating prefix script '/home/student/41068RS12025-Group18/install/local_setup.ps1'
[41.371s] INFO:colcon.colcon_core.shell:Creating prefix util module '/home/student/41068RS12025-Group18/install/_local_setup_util_ps1.py'
[41.373s] INFO:colcon.colcon_core.shell:Creating prefix chain script '/home/student/41068RS12025-Group18/install/setup.ps1'
[41.374s] INFO:colcon.colcon_core.shell:Creating prefix script '/home/student/41068RS12025-Group18/install/local_setup.sh'
[41.375s] INFO:colcon.colcon_core.shell:Creating prefix util module '/home/student/41068RS12025-Group18/install/_local_setup_util_sh.py'
[41.375s] INFO:colcon.colcon_core.shell:Creating prefix chain script '/home/student/41068RS12025-Group18/install/setup.sh'
[41.376s] INFO:colcon.colcon_core.shell:Creating prefix script '/home/student/41068RS12025-Group18/install/local_setup.bash'
[41.377s] INFO:colcon.colcon_core.shell:Creating prefix chain script '/home/student/41068RS12025-Group18/install/setup.bash'
[41.378s] INFO:colcon.colcon_core.shell:Creating prefix script '/home/student/41068RS12025-Group18/install/local_setup.zsh'
[41.379s] INFO:colcon.colcon_core.shell:Creating prefix chain script '/home/student/41068RS12025-Group18/install/setup.zsh'
