[0.266s] DEBUG:colcon:Command line arguments: ['/usr/bin/colcon', 'build', '--symlink-install']
[0.266s] DEBUG:colcon:Parsed command line arguments: Namespace(log_base=None, log_level=None, verb_name='build', build_base='build', install_base='install', merge_install=False, symlink_install=True, test_result_base=None, continue_on_error=False, executor='parallel', parallel_workers=8, event_handlers=None, ignore_user_meta=False, metas=['./colcon.meta'], base_paths=['.'], packages_ignore=None, packages_ignore_regex=None, paths=None, packages_up_to=None, packages_up_to_regex=None, packages_above=None, packages_above_and_dependencies=None, packages_above_depth=None, packages_select_by_dep=None, packages_skip_by_dep=None, packages_skip_up_to=None, packages_select_build_failed=False, packages_skip_build_finished=False, packages_select_test_failures=False, packages_skip_test_passed=False, packages_select=None, packages_skip=None, packages_select_regex=None, packages_skip_regex=None, packages_start=None, packages_end=None, allow_overriding=[], cmake_args=None, cmake_target=None, cmake_target_skip_unavailable=False, cmake_clean_cache=False, cmake_clean_first=False, cmake_force_configure=False, ament_cmake_args=None, catkin_cmake_args=None, catkin_skip_building_tests=False, mixin_files=None, mixin=None, verb_parser=<colcon_mixin.mixin.mixin_argument.MixinArgumentDecorator object at 0x780594156740>, verb_extension=<colcon_core.verb.build.BuildVerb object at 0x780594155d20>, main=<bound method BuildVerb.main of <colcon_core.verb.build.BuildVerb object at 0x780594155d20>>, mixin_verb=('build',))
[0.456s] Level 1:colcon.colcon_core.package_discovery:discover_packages(colcon_meta) check parameters
[0.456s] Level 1:colcon.colcon_core.package_discovery:discover_packages(recursive) check parameters
[0.456s] Level 1:colcon.colcon_core.package_discovery:discover_packages(ignore) check parameters
[0.456s] Level 1:colcon.colcon_core.package_discovery:discover_packages(path) check parameters
[0.456s] Level 1:colcon.colcon_core.package_discovery:discover_packages(colcon_meta) discover
[0.456s] Level 1:colcon.colcon_core.package_discovery:discover_packages(recursive) discover
[0.456s] INFO:colcon.colcon_core.package_discovery:Crawling recursively for packages in '/home/student/41068_ws/src/41068RS12025-Group18'
[0.457s] Level 1:colcon.colcon_core.package_identification:_identify(.) by extensions ['ignore', 'ignore_ament_install']
[0.457s] Level 1:colcon.colcon_core.package_identification:_identify(.) by extension 'ignore'
[0.457s] Level 1:colcon.colcon_core.package_identification:_identify(.) by extension 'ignore_ament_install'
[0.457s] Level 1:colcon.colcon_core.package_identification:_identify(.) by extensions ['colcon_pkg']
[0.457s] Level 1:colcon.colcon_core.package_identification:_identify(.) by extension 'colcon_pkg'
[0.457s] Level 1:colcon.colcon_core.package_identification:_identify(.) by extensions ['colcon_meta']
[0.457s] Level 1:colcon.colcon_core.package_identification:_identify(.) by extension 'colcon_meta'
[0.457s] Level 1:colcon.colcon_core.package_identification:_identify(.) by extensions ['ros']
[0.457s] Level 1:colcon.colcon_core.package_identification:_identify(.) by extension 'ros'
[0.469s] Level 1:colcon.colcon_core.package_identification:_identify(.) by extensions ['cmake', 'python']
[0.469s] Level 1:colcon.colcon_core.package_identification:_identify(.) by extension 'cmake'
[0.469s] Level 1:colcon.colcon_core.package_identification:_identify(.) by extension 'python'
[0.469s] Level 1:colcon.colcon_core.package_identification:_identify(.) by extensions ['python_setup_py']
[0.469s] Level 1:colcon.colcon_core.package_identification:_identify(.) by extension 'python_setup_py'
[0.469s] Level 1:colcon.colcon_core.package_identification:_identify(41068_ignition_bringup) by extensions ['ignore', 'ignore_ament_install']
[0.469s] Level 1:colcon.colcon_core.package_identification:_identify(41068_ignition_bringup) by extension 'ignore'
[0.469s] Level 1:colcon.colcon_core.package_identification:_identify(41068_ignition_bringup) by extension 'ignore_ament_install'
[0.470s] Level 1:colcon.colcon_core.package_identification:_identify(41068_ignition_bringup) by extensions ['colcon_pkg']
[0.470s] Level 1:colcon.colcon_core.package_identification:_identify(41068_ignition_bringup) by extension 'colcon_pkg'
[0.470s] Level 1:colcon.colcon_core.package_identification:_identify(41068_ignition_bringup) by extensions ['colcon_meta']
[0.470s] Level 1:colcon.colcon_core.package_identification:_identify(41068_ignition_bringup) by extension 'colcon_meta'
[0.470s] Level 1:colcon.colcon_core.package_identification:_identify(41068_ignition_bringup) by extensions ['ros']
[0.470s] Level 1:colcon.colcon_core.package_identification:_identify(41068_ignition_bringup) by extension 'ros'
[0.473s] DEBUG:colcon.colcon_core.package_identification:Package '41068_ignition_bringup' with type 'ros.ament_cmake' and name '41068_ignition_bringup'
[0.473s] Level 1:colcon.colcon_core.package_identification:_identify(build) by extensions ['ignore', 'ignore_ament_install']
[0.473s] Level 1:colcon.colcon_core.package_identification:_identify(build) by extension 'ignore'
[0.473s] Level 1:colcon.colcon_core.package_identification:_identify(build) ignored
[0.473s] Level 1:colcon.colcon_core.package_identification:_identify(drone_controller) by extensions ['ignore', 'ignore_ament_install']
[0.473s] Level 1:colcon.colcon_core.package_identification:_identify(drone_controller) by extension 'ignore'
[0.473s] Level 1:colcon.colcon_core.package_identification:_identify(drone_controller) by extension 'ignore_ament_install'
[0.473s] Level 1:colcon.colcon_core.package_identification:_identify(drone_controller) by extensions ['colcon_pkg']
[0.473s] Level 1:colcon.colcon_core.package_identification:_identify(drone_controller) by extension 'colcon_pkg'
[0.473s] Level 1:colcon.colcon_core.package_identification:_identify(drone_controller) by extensions ['colcon_meta']
[0.473s] Level 1:colcon.colcon_core.package_identification:_identify(drone_controller) by extension 'colcon_meta'
[0.474s] Level 1:colcon.colcon_core.package_identification:_identify(drone_controller) by extensions ['ros']
[0.474s] Level 1:colcon.colcon_core.package_identification:_identify(drone_controller) by extension 'ros'
[0.474s] DEBUG:colcon.colcon_core.package_identification:Package 'drone_controller' with type 'ros.ament_cmake' and name 'drone_controller'
[0.474s] Level 1:colcon.colcon_core.package_identification:_identify(install) by extensions ['ignore', 'ignore_ament_install']
[0.474s] Level 1:colcon.colcon_core.package_identification:_identify(install) by extension 'ignore'
[0.475s] Level 1:colcon.colcon_core.package_identification:_identify(install) ignored
[0.475s] Level 1:colcon.colcon_core.package_identification:_identify(lidar-tree-detector) by extensions ['ignore', 'ignore_ament_install']
[0.475s] Level 1:colcon.colcon_core.package_identification:_identify(lidar-tree-detector) by extension 'ignore'
[0.475s] Level 1:colcon.colcon_core.package_identification:_identify(lidar-tree-detector) by extension 'ignore_ament_install'
[0.475s] Level 1:colcon.colcon_core.package_identification:_identify(lidar-tree-detector) by extensions ['colcon_pkg']
[0.475s] Level 1:colcon.colcon_core.package_identification:_identify(lidar-tree-detector) by extension 'colcon_pkg'
[0.475s] Level 1:colcon.colcon_core.package_identification:_identify(lidar-tree-detector) by extensions ['colcon_meta']
[0.475s] Level 1:colcon.colcon_core.package_identification:_identify(lidar-tree-detector) by extension 'colcon_meta'
[0.475s] Level 1:colcon.colcon_core.package_identification:_identify(lidar-tree-detector) by extensions ['ros']
[0.475s] Level 1:colcon.colcon_core.package_identification:_identify(lidar-tree-detector) by extension 'ros'
[0.475s] Level 1:colcon.colcon_core.package_identification:_identify(lidar-tree-detector) by extensions ['cmake', 'python']
[0.475s] Level 1:colcon.colcon_core.package_identification:_identify(lidar-tree-detector) by extension 'cmake'
[0.475s] Level 1:colcon.colcon_core.package_identification:_identify(lidar-tree-detector) by extension 'python'
[0.475s] Level 1:colcon.colcon_core.package_identification:_identify(lidar-tree-detector) by extensions ['python_setup_py']
[0.475s] Level 1:colcon.colcon_core.package_identification:_identify(lidar-tree-detector) by extension 'python_setup_py'
[0.776s] DEBUG:colcon.colcon_core.package_identification:Package 'lidar-tree-detector' with type 'python' and name 'lidar_tree_detector'
[0.777s] Level 1:colcon.colcon_core.package_identification:_identify(log) by extensions ['ignore', 'ignore_ament_install']
[0.777s] Level 1:colcon.colcon_core.package_identification:_identify(log) by extension 'ignore'
[0.777s] Level 1:colcon.colcon_core.package_identification:_identify(log) ignored
[0.777s] Level 1:colcon.colcon_core.package_discovery:discover_packages(recursive) using defaults
[0.777s] Level 1:colcon.colcon_core.package_discovery:discover_packages(ignore) discover
[0.777s] Level 1:colcon.colcon_core.package_discovery:discover_packages(ignore) using defaults
[0.777s] Level 1:colcon.colcon_core.package_discovery:discover_packages(path) discover
[0.777s] Level 1:colcon.colcon_core.package_discovery:discover_packages(path) using defaults
[0.814s] Level 1:colcon.colcon_core.package_discovery:discover_packages(prefix_path) check parameters
[0.815s] Level 1:colcon.colcon_core.package_discovery:discover_packages(prefix_path) discover
[0.847s] DEBUG:colcon.colcon_installed_package_information.package_discovery:Found 1 installed packages in /home/student/ros2_ws/install
[0.851s] DEBUG:colcon.colcon_installed_package_information.package_discovery:Found 424 installed packages in /opt/ros/humble
[0.855s] Level 1:colcon.colcon_core.package_discovery:discover_packages(prefix_path) using defaults
[0.950s] Level 5:colcon.colcon_core.verb:set package '41068_ignition_bringup' build argument 'cmake_args' from command line to 'None'
[0.950s] Level 5:colcon.colcon_core.verb:set package '41068_ignition_bringup' build argument 'cmake_target' from command line to 'None'
[0.950s] Level 5:colcon.colcon_core.verb:set package '41068_ignition_bringup' build argument 'cmake_target_skip_unavailable' from command line to 'False'
[0.950s] Level 5:colcon.colcon_core.verb:set package '41068_ignition_bringup' build argument 'cmake_clean_cache' from command line to 'False'
[0.950s] Level 5:colcon.colcon_core.verb:set package '41068_ignition_bringup' build argument 'cmake_clean_first' from command line to 'False'
[0.950s] Level 5:colcon.colcon_core.verb:set package '41068_ignition_bringup' build argument 'cmake_force_configure' from command line to 'False'
[0.950s] Level 5:colcon.colcon_core.verb:set package '41068_ignition_bringup' build argument 'ament_cmake_args' from command line to 'None'
[0.950s] Level 5:colcon.colcon_core.verb:set package '41068_ignition_bringup' build argument 'catkin_cmake_args' from command line to 'None'
[0.950s] Level 5:colcon.colcon_core.verb:set package '41068_ignition_bringup' build argument 'catkin_skip_building_tests' from command line to 'False'
[0.950s] DEBUG:colcon.colcon_core.verb:Building package '41068_ignition_bringup' with the following arguments: {'ament_cmake_args': None, 'build_base': '/home/student/41068_ws/src/41068RS12025-Group18/build/41068_ignition_bringup', 'catkin_cmake_args': None, 'catkin_skip_building_tests': False, 'cmake_args': None, 'cmake_clean_cache': False, 'cmake_clean_first': False, 'cmake_force_configure': False, 'cmake_target': None, 'cmake_target_skip_unavailable': False, 'install_base': '/home/student/41068_ws/src/41068RS12025-Group18/install/41068_ignition_bringup', 'merge_install': False, 'path': '/home/student/41068_ws/src/41068RS12025-Group18/41068_ignition_bringup', 'symlink_install': True, 'test_result_base': None}
[0.951s] Level 5:colcon.colcon_core.verb:set package 'drone_controller' build argument 'cmake_args' from command line to 'None'
[0.951s] Level 5:colcon.colcon_core.verb:set package 'drone_controller' build argument 'cmake_target' from command line to 'None'
[0.951s] Level 5:colcon.colcon_core.verb:set package 'drone_controller' build argument 'cmake_target_skip_unavailable' from command line to 'False'
[0.951s] Level 5:colcon.colcon_core.verb:set package 'drone_controller' build argument 'cmake_clean_cache' from command line to 'False'
[0.951s] Level 5:colcon.colcon_core.verb:set package 'drone_controller' build argument 'cmake_clean_first' from command line to 'False'
[0.951s] Level 5:colcon.colcon_core.verb:set package 'drone_controller' build argument 'cmake_force_configure' from command line to 'False'
[0.951s] Level 5:colcon.colcon_core.verb:set package 'drone_controller' build argument 'ament_cmake_args' from command line to 'None'
[0.951s] Level 5:colcon.colcon_core.verb:set package 'drone_controller' build argument 'catkin_cmake_args' from command line to 'None'
[0.951s] Level 5:colcon.colcon_core.verb:set package 'drone_controller' build argument 'catkin_skip_building_tests' from command line to 'False'
[0.951s] DEBUG:colcon.colcon_core.verb:Building package 'drone_controller' with the following arguments: {'ament_cmake_args': None, 'build_base': '/home/student/41068_ws/src/41068RS12025-Group18/build/drone_controller', 'catkin_cmake_args': None, 'catkin_skip_building_tests': False, 'cmake_args': None, 'cmake_clean_cache': False, 'cmake_clean_first': False, 'cmake_force_configure': False, 'cmake_target': None, 'cmake_target_skip_unavailable': False, 'install_base': '/home/student/41068_ws/src/41068RS12025-Group18/install/drone_controller', 'merge_install': False, 'path': '/home/student/41068_ws/src/41068RS12025-Group18/drone_controller', 'symlink_install': True, 'test_result_base': None}
[0.952s] Level 5:colcon.colcon_core.verb:set package 'lidar_tree_detector' build argument 'cmake_args' from command line to 'None'
[0.952s] Level 5:colcon.colcon_core.verb:set package 'lidar_tree_detector' build argument 'cmake_target' from command line to 'None'
[0.952s] Level 5:colcon.colcon_core.verb:set package 'lidar_tree_detector' build argument 'cmake_target_skip_unavailable' from command line to 'False'
[0.952s] Level 5:colcon.colcon_core.verb:set package 'lidar_tree_detector' build argument 'cmake_clean_cache' from command line to 'False'
[0.952s] Level 5:colcon.colcon_core.verb:set package 'lidar_tree_detector' build argument 'cmake_clean_first' from command line to 'False'
[0.952s] Level 5:colcon.colcon_core.verb:set package 'lidar_tree_detector' build argument 'cmake_force_configure' from command line to 'False'
[0.952s] Level 5:colcon.colcon_core.verb:set package 'lidar_tree_detector' build argument 'ament_cmake_args' from command line to 'None'
[0.952s] Level 5:colcon.colcon_core.verb:set package 'lidar_tree_detector' build argument 'catkin_cmake_args' from command line to 'None'
[0.952s] Level 5:colcon.colcon_core.verb:set package 'lidar_tree_detector' build argument 'catkin_skip_building_tests' from command line to 'False'
[0.952s] DEBUG:colcon.colcon_core.verb:Building package 'lidar_tree_detector' with the following arguments: {'ament_cmake_args': None, 'build_base': '/home/student/41068_ws/src/41068RS12025-Group18/build/lidar_tree_detector', 'catkin_cmake_args': None, 'catkin_skip_building_tests': False, 'cmake_args': None, 'cmake_clean_cache': False, 'cmake_clean_first': False, 'cmake_force_configure': False, 'cmake_target': None, 'cmake_target_skip_unavailable': False, 'install_base': '/home/student/41068_ws/src/41068RS12025-Group18/install/lidar_tree_detector', 'merge_install': False, 'path': '/home/student/41068_ws/src/41068RS12025-Group18/lidar-tree-detector', 'symlink_install': True, 'test_result_base': None}
[0.952s] INFO:colcon.colcon_core.executor:Executing jobs using 'parallel' executor
[0.953s] DEBUG:colcon.colcon_parallel_executor.executor.parallel:run_until_complete
[0.954s] INFO:colcon.colcon_ros.task.ament_cmake.build:Building ROS package in '/home/student/41068_ws/src/41068RS12025-Group18/41068_ignition_bringup' with build type 'ament_cmake'
[0.954s] INFO:colcon.colcon_cmake.task.cmake.build:Building CMake package in '/home/student/41068_ws/src/41068RS12025-Group18/41068_ignition_bringup'
[0.992s] INFO:colcon.colcon_core.plugin_system:Skipping extension 'colcon_core.shell.bat': Not used on non-Windows systems
[0.993s] INFO:colcon.colcon_core.shell:Skip shell extension 'powershell' for command environment: Not usable outside of PowerShell
[0.993s] DEBUG:colcon.colcon_core.shell:Skip shell extension 'dsv' for command environment
[1.005s] INFO:colcon.colcon_ros.task.ament_cmake.build:Building ROS package in '/home/student/41068_ws/src/41068RS12025-Group18/drone_controller' with build type 'ament_cmake'
[1.005s] INFO:colcon.colcon_cmake.task.cmake.build:Building CMake package in '/home/student/41068_ws/src/41068RS12025-Group18/drone_controller'
[1.006s] INFO:colcon.colcon_core.shell:Skip shell extension 'powershell' for command environment: Not usable outside of PowerShell
[1.006s] DEBUG:colcon.colcon_core.shell:Skip shell extension 'dsv' for command environment
[1.010s] INFO:colcon.colcon_core.task.python.build:Building Python package in '/home/student/41068_ws/src/41068RS12025-Group18/lidar-tree-detector'
[1.010s] INFO:colcon.colcon_core.shell:Skip shell extension 'powershell' for command environment: Not usable outside of PowerShell
[1.010s] DEBUG:colcon.colcon_core.shell:Skip shell extension 'dsv' for command environment
[1.022s] DEBUG:colcon.colcon_core.event_handler.log_command:Invoking command in '/home/student/41068_ws/src/41068RS12025-Group18/build/41068_ignition_bringup': CMAKE_PREFIX_PATH=${CMAKE_PREFIX_PATH}:/opt/ros/humble /usr/bin/cmake /home/student/41068_ws/src/41068RS12025-Group18/41068_ignition_bringup -DAMENT_CMAKE_SYMLINK_INSTALL=1 -DCMAKE_INSTALL_PREFIX=/home/student/41068_ws/src/41068RS12025-Group18/install/41068_ignition_bringup
[1.027s] DEBUG:colcon.colcon_core.event_handler.log_command:Invoking command in '/home/student/41068_ws/src/41068RS12025-Group18/build/drone_controller': CMAKE_PREFIX_PATH=${CMAKE_PREFIX_PATH}:/opt/ros/humble /usr/bin/cmake /home/student/41068_ws/src/41068RS12025-Group18/drone_controller -DAMENT_CMAKE_SYMLINK_INSTALL=1 -DCMAKE_INSTALL_PREFIX=/home/student/41068_ws/src/41068RS12025-Group18/install/drone_controller
[4.941s] DEBUG:colcon.colcon_core.event_handler.log_command:Invoking command in '/home/student/41068_ws/src/41068RS12025-Group18/build/lidar_tree_detector': PYTHONPATH=/home/student/41068_ws/src/41068RS12025-Group18/build/lidar_tree_detector/prefix_override:/usr/lib/python3/dist-packages/colcon_core/task/python/colcon_distutils_commands:/home/student/41068_ws/src/41068RS12025-Group18/install/lidar_tree_detector/lib/python3.10/site-packages:${PYTHONPATH} /usr/bin/python3 -W ignore:setup.py install is deprecated -W ignore:easy_install command is deprecated setup.py develop --editable --build-directory /home/student/41068_ws/src/41068RS12025-Group18/build/lidar_tree_detector/build --no-deps
[5.579s] Level 1:colcon.colcon_core.shell:create_environment_hook('lidar_tree_detector', 'pythonpath_develop')
[5.580s] INFO:colcon.colcon_core.shell:Creating environment hook '/home/student/41068_ws/src/41068RS12025-Group18/build/lidar_tree_detector/share/lidar_tree_detector/hook/pythonpath_develop.ps1'
[5.580s] DEBUG:colcon.colcon_core.event_handler.log_command:Invoked command in '/home/student/41068_ws/src/41068RS12025-Group18/build/lidar_tree_detector' returned '0': PYTHONPATH=/home/student/41068_ws/src/41068RS12025-Group18/build/lidar_tree_detector/prefix_override:/usr/lib/python3/dist-packages/colcon_core/task/python/colcon_distutils_commands:/home/student/41068_ws/src/41068RS12025-Group18/install/lidar_tree_detector/lib/python3.10/site-packages:${PYTHONPATH} /usr/bin/python3 -W ignore:setup.py install is deprecated -W ignore:easy_install command is deprecated setup.py develop --editable --build-directory /home/student/41068_ws/src/41068RS12025-Group18/build/lidar_tree_detector/build --no-deps
[5.586s] INFO:colcon.colcon_core.shell:Creating environment descriptor '/home/student/41068_ws/src/41068RS12025-Group18/build/lidar_tree_detector/share/lidar_tree_detector/hook/pythonpath_develop.dsv'
[5.589s] INFO:colcon.colcon_core.shell:Creating environment hook '/home/student/41068_ws/src/41068RS12025-Group18/build/lidar_tree_detector/share/lidar_tree_detector/hook/pythonpath_develop.sh'
[5.645s] Level 1:colcon.colcon_core.environment:checking '/home/student/41068_ws/src/41068RS12025-Group18/install/lidar_tree_detector' for CMake module files
[5.645s] Level 1:colcon.colcon_core.environment:checking '/home/student/41068_ws/src/41068RS12025-Group18/install/lidar_tree_detector' for CMake config files
[5.646s] Level 1:colcon.colcon_core.environment:checking '/home/student/41068_ws/src/41068RS12025-Group18/install/lidar_tree_detector/lib'
[5.646s] Level 1:colcon.colcon_core.environment:checking '/home/student/41068_ws/src/41068RS12025-Group18/install/lidar_tree_detector/bin'
[5.646s] Level 1:colcon.colcon_core.shell:create_environment_hook('lidar_tree_detector', 'path')
[5.647s] INFO:colcon.colcon_core.shell:Creating environment hook '/home/student/41068_ws/src/41068RS12025-Group18/install/lidar_tree_detector/share/lidar_tree_detector/hook/path.ps1'
[5.647s] INFO:colcon.colcon_core.shell:Creating environment descriptor '/home/student/41068_ws/src/41068RS12025-Group18/install/lidar_tree_detector/share/lidar_tree_detector/hook/path.dsv'
[5.648s] INFO:colcon.colcon_core.shell:Creating environment hook '/home/student/41068_ws/src/41068RS12025-Group18/install/lidar_tree_detector/share/lidar_tree_detector/hook/path.sh'
[5.648s] Level 1:colcon.colcon_core.environment:checking '/home/student/41068_ws/src/41068RS12025-Group18/install/lidar_tree_detector/lib/pkgconfig/lidar_tree_detector.pc'
[5.648s] Level 1:colcon.colcon_core.environment:checking '/home/student/41068_ws/src/41068RS12025-Group18/install/lidar_tree_detector/lib/python3.10/site-packages'
[5.648s] Level 1:colcon.colcon_core.shell:create_environment_hook('lidar_tree_detector', 'pythonpath')
[5.649s] INFO:colcon.colcon_core.shell:Creating environment hook '/home/student/41068_ws/src/41068RS12025-Group18/install/lidar_tree_detector/share/lidar_tree_detector/hook/pythonpath.ps1'
[5.649s] INFO:colcon.colcon_core.shell:Creating environment descriptor '/home/student/41068_ws/src/41068RS12025-Group18/install/lidar_tree_detector/share/lidar_tree_detector/hook/pythonpath.dsv'
[5.649s] INFO:colcon.colcon_core.shell:Creating environment hook '/home/student/41068_ws/src/41068RS12025-Group18/install/lidar_tree_detector/share/lidar_tree_detector/hook/pythonpath.sh'
[5.650s] Level 1:colcon.colcon_core.environment:checking '/home/student/41068_ws/src/41068RS12025-Group18/install/lidar_tree_detector/bin'
[5.650s] Level 1:colcon.colcon_core.shell:create_environment_hook('lidar_tree_detector', 'pythonscriptspath')
[5.650s] INFO:colcon.colcon_core.shell:Creating environment hook '/home/student/41068_ws/src/41068RS12025-Group18/install/lidar_tree_detector/share/lidar_tree_detector/hook/pythonscriptspath.ps1'
[5.651s] INFO:colcon.colcon_core.shell:Creating environment descriptor '/home/student/41068_ws/src/41068RS12025-Group18/install/lidar_tree_detector/share/lidar_tree_detector/hook/pythonscriptspath.dsv'
[5.651s] INFO:colcon.colcon_core.shell:Creating environment hook '/home/student/41068_ws/src/41068RS12025-Group18/install/lidar_tree_detector/share/lidar_tree_detector/hook/pythonscriptspath.sh'
[5.652s] Level 1:colcon.colcon_core.environment:create_environment_scripts_only(lidar_tree_detector)
[5.652s] INFO:colcon.colcon_core.shell:Creating package script '/home/student/41068_ws/src/41068RS12025-Group18/install/lidar_tree_detector/share/lidar_tree_detector/package.ps1'
[5.656s] INFO:colcon.colcon_core.shell:Creating package descriptor '/home/student/41068_ws/src/41068RS12025-Group18/install/lidar_tree_detector/share/lidar_tree_detector/package.dsv'
[5.660s] INFO:colcon.colcon_core.shell:Creating package script '/home/student/41068_ws/src/41068RS12025-Group18/install/lidar_tree_detector/share/lidar_tree_detector/package.sh'
[5.663s] INFO:colcon.colcon_core.shell:Creating package script '/home/student/41068_ws/src/41068RS12025-Group18/install/lidar_tree_detector/share/lidar_tree_detector/package.bash'
[5.668s] INFO:colcon.colcon_core.shell:Creating package script '/home/student/41068_ws/src/41068RS12025-Group18/install/lidar_tree_detector/share/lidar_tree_detector/package.zsh'
[5.672s] Level 1:colcon.colcon_core.environment:create_file_with_runtime_dependencies(/home/student/41068_ws/src/41068RS12025-Group18/install/lidar_tree_detector/share/colcon-core/packages/lidar_tree_detector)
[5.848s] DEBUG:colcon.colcon_core.event_handler.log_command:Invoked command in '/home/student/41068_ws/src/41068RS12025-Group18/build/41068_ignition_bringup' returned '0': CMAKE_PREFIX_PATH=${CMAKE_PREFIX_PATH}:/opt/ros/humble /usr/bin/cmake /home/student/41068_ws/src/41068RS12025-Group18/41068_ignition_bringup -DAMENT_CMAKE_SYMLINK_INSTALL=1 -DCMAKE_INSTALL_PREFIX=/home/student/41068_ws/src/41068RS12025-Group18/install/41068_ignition_bringup
[5.850s] DEBUG:colcon.colcon_core.event_handler.log_command:Invoking command in '/home/student/41068_ws/src/41068RS12025-Group18/build/41068_ignition_bringup': CMAKE_PREFIX_PATH=${CMAKE_PREFIX_PATH}:/opt/ros/humble /usr/bin/cmake --build /home/student/41068_ws/src/41068RS12025-Group18/build/41068_ignition_bringup -- -j8 -l8
[5.894s] DEBUG:colcon.colcon_core.event_handler.log_command:Invoked command in '/home/student/41068_ws/src/41068RS12025-Group18/build/41068_ignition_bringup' returned '0': CMAKE_PREFIX_PATH=${CMAKE_PREFIX_PATH}:/opt/ros/humble /usr/bin/cmake --build /home/student/41068_ws/src/41068RS12025-Group18/build/41068_ignition_bringup -- -j8 -l8
[5.907s] DEBUG:colcon.colcon_core.event_handler.log_command:Invoking command in '/home/student/41068_ws/src/41068RS12025-Group18/build/41068_ignition_bringup': CMAKE_PREFIX_PATH=${CMAKE_PREFIX_PATH}:/opt/ros/humble /usr/bin/cmake --install /home/student/41068_ws/src/41068RS12025-Group18/build/41068_ignition_bringup
[6.643s] DEBUG:colcon.colcon_core.event_handler.log_command:Invoked command in '/home/student/41068_ws/src/41068RS12025-Group18/build/drone_controller' returned '0': CMAKE_PREFIX_PATH=${CMAKE_PREFIX_PATH}:/opt/ros/humble /usr/bin/cmake /home/student/41068_ws/src/41068RS12025-Group18/drone_controller -DAMENT_CMAKE_SYMLINK_INSTALL=1 -DCMAKE_INSTALL_PREFIX=/home/student/41068_ws/src/41068RS12025-Group18/install/drone_controller
[6.646s] DEBUG:colcon.colcon_core.event_handler.log_command:Invoking command in '/home/student/41068_ws/src/41068RS12025-Group18/build/drone_controller': CMAKE_PREFIX_PATH=${CMAKE_PREFIX_PATH}:/opt/ros/humble /usr/bin/cmake --build /home/student/41068_ws/src/41068RS12025-Group18/build/drone_controller -- -j8 -l8
[6.972s] Level 1:colcon.colcon_core.environment:create_environment_scripts_only(41068_ignition_bringup)
[6.972s] Level 1:colcon.colcon_core.environment:checking '/home/student/41068_ws/src/41068RS12025-Group18/install/41068_ignition_bringup' for CMake module files
[6.973s] DEBUG:colcon.colcon_core.event_handler.log_command:Invoked command in '/home/student/41068_ws/src/41068RS12025-Group18/build/41068_ignition_bringup' returned '0': CMAKE_PREFIX_PATH=${CMAKE_PREFIX_PATH}:/opt/ros/humble /usr/bin/cmake --install /home/student/41068_ws/src/41068RS12025-Group18/build/41068_ignition_bringup
[6.973s] Level 1:colcon.colcon_core.environment:checking '/home/student/41068_ws/src/41068RS12025-Group18/install/41068_ignition_bringup' for CMake config files
[6.974s] Level 1:colcon.colcon_core.shell:create_environment_hook('41068_ignition_bringup', 'cmake_prefix_path')
[6.974s] INFO:colcon.colcon_core.shell:Creating environment hook '/home/student/41068_ws/src/41068RS12025-Group18/install/41068_ignition_bringup/share/41068_ignition_bringup/hook/cmake_prefix_path.ps1'
[6.975s] INFO:colcon.colcon_core.shell:Creating environment descriptor '/home/student/41068_ws/src/41068RS12025-Group18/install/41068_ignition_bringup/share/41068_ignition_bringup/hook/cmake_prefix_path.dsv'
[6.976s] INFO:colcon.colcon_core.shell:Creating environment hook '/home/student/41068_ws/src/41068RS12025-Group18/install/41068_ignition_bringup/share/41068_ignition_bringup/hook/cmake_prefix_path.sh'
[6.976s] Level 1:colcon.colcon_core.environment:checking '/home/student/41068_ws/src/41068RS12025-Group18/install/41068_ignition_bringup/bin'
[6.976s] Level 1:colcon.colcon_core.environment:checking '/home/student/41068_ws/src/41068RS12025-Group18/install/41068_ignition_bringup/lib/pkgconfig/41068_ignition_bringup.pc'
[6.977s] Level 1:colcon.colcon_core.environment:checking '/home/student/41068_ws/src/41068RS12025-Group18/install/41068_ignition_bringup/lib/python3.10/site-packages'
[6.977s] Level 1:colcon.colcon_core.environment:checking '/home/student/41068_ws/src/41068RS12025-Group18/install/41068_ignition_bringup/bin'
[6.978s] INFO:colcon.colcon_core.shell:Creating package script '/home/student/41068_ws/src/41068RS12025-Group18/install/41068_ignition_bringup/share/41068_ignition_bringup/package.ps1'
[6.978s] INFO:colcon.colcon_core.shell:Creating package descriptor '/home/student/41068_ws/src/41068RS12025-Group18/install/41068_ignition_bringup/share/41068_ignition_bringup/package.dsv'
[6.979s] INFO:colcon.colcon_core.shell:Creating package script '/home/student/41068_ws/src/41068RS12025-Group18/install/41068_ignition_bringup/share/41068_ignition_bringup/package.sh'
[6.979s] INFO:colcon.colcon_core.shell:Creating package script '/home/student/41068_ws/src/41068RS12025-Group18/install/41068_ignition_bringup/share/41068_ignition_bringup/package.bash'
[6.980s] INFO:colcon.colcon_core.shell:Creating package script '/home/student/41068_ws/src/41068RS12025-Group18/install/41068_ignition_bringup/share/41068_ignition_bringup/package.zsh'
[6.980s] Level 1:colcon.colcon_core.environment:create_file_with_runtime_dependencies(/home/student/41068_ws/src/41068RS12025-Group18/install/41068_ignition_bringup/share/colcon-core/packages/41068_ignition_bringup)
[6.981s] Level 1:colcon.colcon_core.environment:create_environment_scripts_only(41068_ignition_bringup)
[6.981s] Level 1:colcon.colcon_core.environment:checking '/home/student/41068_ws/src/41068RS12025-Group18/install/41068_ignition_bringup' for CMake module files
[6.982s] Level 1:colcon.colcon_core.environment:checking '/home/student/41068_ws/src/41068RS12025-Group18/install/41068_ignition_bringup' for CMake config files
[6.982s] Level 1:colcon.colcon_core.shell:create_environment_hook('41068_ignition_bringup', 'cmake_prefix_path')
[6.983s] INFO:colcon.colcon_core.shell:Creating environment hook '/home/student/41068_ws/src/41068RS12025-Group18/install/41068_ignition_bringup/share/41068_ignition_bringup/hook/cmake_prefix_path.ps1'
[6.983s] INFO:colcon.colcon_core.shell:Creating environment descriptor '/home/student/41068_ws/src/41068RS12025-Group18/install/41068_ignition_bringup/share/41068_ignition_bringup/hook/cmake_prefix_path.dsv'
[6.984s] INFO:colcon.colcon_core.shell:Creating environment hook '/home/student/41068_ws/src/41068RS12025-Group18/install/41068_ignition_bringup/share/41068_ignition_bringup/hook/cmake_prefix_path.sh'
[6.984s] Level 1:colcon.colcon_core.environment:checking '/home/student/41068_ws/src/41068RS12025-Group18/install/41068_ignition_bringup/bin'
[6.985s] Level 1:colcon.colcon_core.environment:checking '/home/student/41068_ws/src/41068RS12025-Group18/install/41068_ignition_bringup/lib/pkgconfig/41068_ignition_bringup.pc'
[6.985s] Level 1:colcon.colcon_core.environment:checking '/home/student/41068_ws/src/41068RS12025-Group18/install/41068_ignition_bringup/lib/python3.10/site-packages'
[6.985s] Level 1:colcon.colcon_core.environment:checking '/home/student/41068_ws/src/41068RS12025-Group18/install/41068_ignition_bringup/bin'
[6.985s] INFO:colcon.colcon_core.shell:Creating package script '/home/student/41068_ws/src/41068RS12025-Group18/install/41068_ignition_bringup/share/41068_ignition_bringup/package.ps1'
[6.986s] INFO:colcon.colcon_core.shell:Creating package descriptor '/home/student/41068_ws/src/41068RS12025-Group18/install/41068_ignition_bringup/share/41068_ignition_bringup/package.dsv'
[6.986s] INFO:colcon.colcon_core.shell:Creating package script '/home/student/41068_ws/src/41068RS12025-Group18/install/41068_ignition_bringup/share/41068_ignition_bringup/package.sh'
[6.987s] INFO:colcon.colcon_core.shell:Creating package script '/home/student/41068_ws/src/41068RS12025-Group18/install/41068_ignition_bringup/share/41068_ignition_bringup/package.bash'
[6.987s] INFO:colcon.colcon_core.shell:Creating package script '/home/student/41068_ws/src/41068RS12025-Group18/install/41068_ignition_bringup/share/41068_ignition_bringup/package.zsh'
[6.988s] Level 1:colcon.colcon_core.environment:create_file_with_runtime_dependencies(/home/student/41068_ws/src/41068RS12025-Group18/install/41068_ignition_bringup/share/colcon-core/packages/41068_ignition_bringup)
[13.588s] DEBUG:colcon.colcon_core.event_handler.log_command:Invoked command in '/home/student/41068_ws/src/41068RS12025-Group18/build/drone_controller' returned '0': CMAKE_PREFIX_PATH=${CMAKE_PREFIX_PATH}:/opt/ros/humble /usr/bin/cmake --build /home/student/41068_ws/src/41068RS12025-Group18/build/drone_controller -- -j8 -l8
[13.590s] DEBUG:colcon.colcon_core.event_handler.log_command:Invoking command in '/home/student/41068_ws/src/41068RS12025-Group18/build/drone_controller': CMAKE_PREFIX_PATH=${CMAKE_PREFIX_PATH}:/opt/ros/humble /usr/bin/cmake --install /home/student/41068_ws/src/41068RS12025-Group18/build/drone_controller
[13.743s] Level 1:colcon.colcon_core.environment:create_environment_scripts_only(drone_controller)
[13.743s] Level 1:colcon.colcon_core.environment:checking '/home/student/41068_ws/src/41068RS12025-Group18/install/drone_controller' for CMake module files
[13.744s] DEBUG:colcon.colcon_core.event_handler.log_command:Invoked command in '/home/student/41068_ws/src/41068RS12025-Group18/build/drone_controller' returned '0': CMAKE_PREFIX_PATH=${CMAKE_PREFIX_PATH}:/opt/ros/humble /usr/bin/cmake --install /home/student/41068_ws/src/41068RS12025-Group18/build/drone_controller
[13.744s] Level 1:colcon.colcon_core.environment:checking '/home/student/41068_ws/src/41068RS12025-Group18/install/drone_controller' for CMake config files
[13.745s] Level 1:colcon.colcon_core.shell:create_environment_hook('drone_controller', 'cmake_prefix_path')
[13.745s] INFO:colcon.colcon_core.shell:Creating environment hook '/home/student/41068_ws/src/41068RS12025-Group18/install/drone_controller/share/drone_controller/hook/cmake_prefix_path.ps1'
[13.746s] INFO:colcon.colcon_core.shell:Creating environment descriptor '/home/student/41068_ws/src/41068RS12025-Group18/install/drone_controller/share/drone_controller/hook/cmake_prefix_path.dsv'
[13.746s] INFO:colcon.colcon_core.shell:Creating environment hook '/home/student/41068_ws/src/41068RS12025-Group18/install/drone_controller/share/drone_controller/hook/cmake_prefix_path.sh'
[13.747s] Level 1:colcon.colcon_core.environment:checking '/home/student/41068_ws/src/41068RS12025-Group18/install/drone_controller/lib'
[13.747s] Level 1:colcon.colcon_core.environment:checking '/home/student/41068_ws/src/41068RS12025-Group18/install/drone_controller/bin'
[13.747s] Level 1:colcon.colcon_core.environment:checking '/home/student/41068_ws/src/41068RS12025-Group18/install/drone_controller/lib/pkgconfig/drone_controller.pc'
[13.748s] Level 1:colcon.colcon_core.environment:checking '/home/student/41068_ws/src/41068RS12025-Group18/install/drone_controller/lib/python3.10/site-packages'
[13.748s] Level 1:colcon.colcon_core.environment:checking '/home/student/41068_ws/src/41068RS12025-Group18/install/drone_controller/bin'
[13.749s] INFO:colcon.colcon_core.shell:Creating package script '/home/student/41068_ws/src/41068RS12025-Group18/install/drone_controller/share/drone_controller/package.ps1'
[13.749s] INFO:colcon.colcon_core.shell:Creating package descriptor '/home/student/41068_ws/src/41068RS12025-Group18/install/drone_controller/share/drone_controller/package.dsv'
[13.750s] INFO:colcon.colcon_core.shell:Creating package script '/home/student/41068_ws/src/41068RS12025-Group18/install/drone_controller/share/drone_controller/package.sh'
[13.751s] INFO:colcon.colcon_core.shell:Creating package script '/home/student/41068_ws/src/41068RS12025-Group18/install/drone_controller/share/drone_controller/package.bash'
[13.751s] INFO:colcon.colcon_core.shell:Creating package script '/home/student/41068_ws/src/41068RS12025-Group18/install/drone_controller/share/drone_controller/package.zsh'
[13.752s] Level 1:colcon.colcon_core.environment:create_file_with_runtime_dependencies(/home/student/41068_ws/src/41068RS12025-Group18/install/drone_controller/share/colcon-core/packages/drone_controller)
[13.752s] Level 1:colcon.colcon_core.environment:create_environment_scripts_only(drone_controller)
[13.752s] Level 1:colcon.colcon_core.environment:checking '/home/student/41068_ws/src/41068RS12025-Group18/install/drone_controller' for CMake module files
[13.753s] Level 1:colcon.colcon_core.environment:checking '/home/student/41068_ws/src/41068RS12025-Group18/install/drone_controller' for CMake config files
[13.753s] Level 1:colcon.colcon_core.shell:create_environment_hook('drone_controller', 'cmake_prefix_path')
[13.753s] INFO:colcon.colcon_core.shell:Creating environment hook '/home/student/41068_ws/src/41068RS12025-Group18/install/drone_controller/share/drone_controller/hook/cmake_prefix_path.ps1'
[13.754s] INFO:colcon.colcon_core.shell:Creating environment descriptor '/home/student/41068_ws/src/41068RS12025-Group18/install/drone_controller/share/drone_controller/hook/cmake_prefix_path.dsv'
[13.754s] INFO:colcon.colcon_core.shell:Creating environment hook '/home/student/41068_ws/src/41068RS12025-Group18/install/drone_controller/share/drone_controller/hook/cmake_prefix_path.sh'
[13.755s] Level 1:colcon.colcon_core.environment:checking '/home/student/41068_ws/src/41068RS12025-Group18/install/drone_controller/lib'
[13.755s] Level 1:colcon.colcon_core.environment:checking '/home/student/41068_ws/src/41068RS12025-Group18/install/drone_controller/bin'
[13.755s] Level 1:colcon.colcon_core.environment:checking '/home/student/41068_ws/src/41068RS12025-Group18/install/drone_controller/lib/pkgconfig/drone_controller.pc'
[13.755s] Level 1:colcon.colcon_core.environment:checking '/home/student/41068_ws/src/41068RS12025-Group18/install/drone_controller/lib/python3.10/site-packages'
[13.755s] Level 1:colcon.colcon_core.environment:checking '/home/student/41068_ws/src/41068RS12025-Group18/install/drone_controller/bin'
[13.756s] INFO:colcon.colcon_core.shell:Creating package script '/home/student/41068_ws/src/41068RS12025-Group18/install/drone_controller/share/drone_controller/package.ps1'
[13.756s] INFO:colcon.colcon_core.shell:Creating package descriptor '/home/student/41068_ws/src/41068RS12025-Group18/install/drone_controller/share/drone_controller/package.dsv'
[13.757s] INFO:colcon.colcon_core.shell:Creating package script '/home/student/41068_ws/src/41068RS12025-Group18/install/drone_controller/share/drone_controller/package.sh'
[13.757s] INFO:colcon.colcon_core.shell:Creating package script '/home/student/41068_ws/src/41068RS12025-Group18/install/drone_controller/share/drone_controller/package.bash'
[13.761s] INFO:colcon.colcon_core.shell:Creating package script '/home/student/41068_ws/src/41068RS12025-Group18/install/drone_controller/share/drone_controller/package.zsh'
[13.791s] Level 1:colcon.colcon_core.environment:create_file_with_runtime_dependencies(/home/student/41068_ws/src/41068RS12025-Group18/install/drone_controller/share/colcon-core/packages/drone_controller)
[13.795s] DEBUG:colcon.colcon_parallel_executor.executor.parallel:closing loop
[13.796s] DEBUG:colcon.colcon_parallel_executor.executor.parallel:loop closed
[13.796s] DEBUG:colcon.colcon_parallel_executor.executor.parallel:run_until_complete finished with '0'
[13.796s] DEBUG:colcon.colcon_core.event_reactor:joining thread
[13.949s] INFO:colcon.colcon_core.plugin_system:Skipping extension 'colcon_notification.desktop_notification.terminal_notifier': Not used on non-Darwin systems
[13.949s] INFO:colcon.colcon_core.plugin_system:Skipping extension 'colcon_notification.desktop_notification.win32': Not used on non-Windows systems
[13.949s] INFO:colcon.colcon_notification.desktop_notification:Sending desktop notification using 'notify2'
[13.965s] DEBUG:colcon.colcon_core.event_reactor:joined thread
[13.965s] INFO:colcon.colcon_core.shell:Creating prefix script '/home/student/41068_ws/src/41068RS12025-Group18/install/local_setup.ps1'
[13.972s] INFO:colcon.colcon_core.shell:Creating prefix util module '/home/student/41068_ws/src/41068RS12025-Group18/install/_local_setup_util_ps1.py'
[13.979s] INFO:colcon.colcon_core.shell:Creating prefix chain script '/home/student/41068_ws/src/41068RS12025-Group18/install/setup.ps1'
[13.984s] INFO:colcon.colcon_core.shell:Creating prefix script '/home/student/41068_ws/src/41068RS12025-Group18/install/local_setup.sh'
[13.988s] INFO:colcon.colcon_core.shell:Creating prefix util module '/home/student/41068_ws/src/41068RS12025-Group18/install/_local_setup_util_sh.py'
[13.989s] INFO:colcon.colcon_core.shell:Creating prefix chain script '/home/student/41068_ws/src/41068RS12025-Group18/install/setup.sh'
[13.994s] INFO:colcon.colcon_core.shell:Creating prefix script '/home/student/41068_ws/src/41068RS12025-Group18/install/local_setup.bash'
[13.998s] INFO:colcon.colcon_core.shell:Creating prefix chain script '/home/student/41068_ws/src/41068RS12025-Group18/install/setup.bash'
[14.004s] INFO:colcon.colcon_core.shell:Creating prefix script '/home/student/41068_ws/src/41068RS12025-Group18/install/local_setup.zsh'
[14.009s] INFO:colcon.colcon_core.shell:Creating prefix chain script '/home/student/41068_ws/src/41068RS12025-Group18/install/setup.zsh'
