[0.116s] DEBUG:colcon:Command line arguments: ['/usr/bin/colcon', 'build']
[0.116s] DEBUG:colcon:Parsed command line arguments: Namespace(log_base=None, log_level=None, verb_name='build', build_base='build', install_base='install', merge_install=False, symlink_install=False, test_result_base=None, continue_on_error=False, executor='parallel', parallel_workers=8, event_handlers=None, ignore_user_meta=False, metas=['./colcon.meta'], base_paths=['.'], packages_ignore=None, packages_ignore_regex=None, paths=None, packages_up_to=None, packages_up_to_regex=None, packages_above=None, packages_above_and_dependencies=None, packages_above_depth=None, packages_select_by_dep=None, packages_skip_by_dep=None, packages_skip_up_to=None, packages_select_build_failed=False, packages_skip_build_finished=False, packages_select_test_failures=False, packages_skip_test_passed=False, packages_select=None, packages_skip=None, packages_select_regex=None, packages_skip_regex=None, packages_start=None, packages_end=None, allow_overriding=[], cmake_args=None, cmake_target=None, cmake_target_skip_unavailable=False, cmake_clean_cache=False, cmake_clean_first=False, cmake_force_configure=False, ament_cmake_args=None, catkin_cmake_args=None, catkin_skip_building_tests=False, mixin_files=None, mixin=None, verb_parser=<colcon_mixin.mixin.mixin_argument.MixinArgumentDecorator object at 0x7add68856350>, verb_extension=<colcon_core.verb.build.BuildVerb object at 0x7add68855de0>, main=<bound method BuildVerb.main of <colcon_core.verb.build.BuildVerb object at 0x7add68855de0>>, mixin_verb=('build',))
[0.300s] Level 1:colcon.colcon_core.package_discovery:discover_packages(colcon_meta) check parameters
[0.300s] Level 1:colcon.colcon_core.package_discovery:discover_packages(recursive) check parameters
[0.300s] Level 1:colcon.colcon_core.package_discovery:discover_packages(ignore) check parameters
[0.300s] Level 1:colcon.colcon_core.package_discovery:discover_packages(path) check parameters
[0.301s] Level 1:colcon.colcon_core.package_discovery:discover_packages(colcon_meta) discover
[0.301s] Level 1:colcon.colcon_core.package_discovery:discover_packages(recursive) discover
[0.301s] INFO:colcon.colcon_core.package_discovery:Crawling recursively for packages in '/home/student/41068RS12025-Group18'
[0.301s] Level 1:colcon.colcon_core.package_identification:_identify(.) by extensions ['ignore', 'ignore_ament_install']
[0.301s] Level 1:colcon.colcon_core.package_identification:_identify(.) by extension 'ignore'
[0.301s] Level 1:colcon.colcon_core.package_identification:_identify(.) by extension 'ignore_ament_install'
[0.301s] Level 1:colcon.colcon_core.package_identification:_identify(.) by extensions ['colcon_pkg']
[0.301s] Level 1:colcon.colcon_core.package_identification:_identify(.) by extension 'colcon_pkg'
[0.301s] Level 1:colcon.colcon_core.package_identification:_identify(.) by extensions ['colcon_meta']
[0.301s] Level 1:colcon.colcon_core.package_identification:_identify(.) by extension 'colcon_meta'
[0.301s] Level 1:colcon.colcon_core.package_identification:_identify(.) by extensions ['ros']
[0.301s] Level 1:colcon.colcon_core.package_identification:_identify(.) by extension 'ros'
[0.313s] Level 1:colcon.colcon_core.package_identification:_identify(.) by extensions ['cmake', 'python']
[0.313s] Level 1:colcon.colcon_core.package_identification:_identify(.) by extension 'cmake'
[0.313s] Level 1:colcon.colcon_core.package_identification:_identify(.) by extension 'python'
[0.313s] Level 1:colcon.colcon_core.package_identification:_identify(.) by extensions ['python_setup_py']
[0.313s] Level 1:colcon.colcon_core.package_identification:_identify(.) by extension 'python_setup_py'
[0.313s] Level 1:colcon.colcon_core.package_identification:_identify(build) by extensions ['ignore', 'ignore_ament_install']
[0.313s] Level 1:colcon.colcon_core.package_identification:_identify(build) by extension 'ignore'
[0.313s] Level 1:colcon.colcon_core.package_identification:_identify(build) ignored
[0.313s] Level 1:colcon.colcon_core.package_identification:_identify(install) by extensions ['ignore', 'ignore_ament_install']
[0.313s] Level 1:colcon.colcon_core.package_identification:_identify(install) by extension 'ignore'
[0.313s] Level 1:colcon.colcon_core.package_identification:_identify(install) ignored
[0.314s] Level 1:colcon.colcon_core.package_identification:_identify(log) by extensions ['ignore', 'ignore_ament_install']
[0.314s] Level 1:colcon.colcon_core.package_identification:_identify(log) by extension 'ignore'
[0.314s] Level 1:colcon.colcon_core.package_identification:_identify(log) ignored
[0.314s] Level 1:colcon.colcon_core.package_identification:_identify(src) by extensions ['ignore', 'ignore_ament_install']
[0.314s] Level 1:colcon.colcon_core.package_identification:_identify(src) by extension 'ignore'
[0.314s] Level 1:colcon.colcon_core.package_identification:_identify(src) by extension 'ignore_ament_install'
[0.314s] Level 1:colcon.colcon_core.package_identification:_identify(src) by extensions ['colcon_pkg']
[0.314s] Level 1:colcon.colcon_core.package_identification:_identify(src) by extension 'colcon_pkg'
[0.314s] Level 1:colcon.colcon_core.package_identification:_identify(src) by extensions ['colcon_meta']
[0.314s] Level 1:colcon.colcon_core.package_identification:_identify(src) by extension 'colcon_meta'
[0.314s] Level 1:colcon.colcon_core.package_identification:_identify(src) by extensions ['ros']
[0.314s] Level 1:colcon.colcon_core.package_identification:_identify(src) by extension 'ros'
[0.314s] Level 1:colcon.colcon_core.package_identification:_identify(src) by extensions ['cmake', 'python']
[0.314s] Level 1:colcon.colcon_core.package_identification:_identify(src) by extension 'cmake'
[0.314s] Level 1:colcon.colcon_core.package_identification:_identify(src) by extension 'python'
[0.314s] Level 1:colcon.colcon_core.package_identification:_identify(src) by extensions ['python_setup_py']
[0.314s] Level 1:colcon.colcon_core.package_identification:_identify(src) by extension 'python_setup_py'
[0.314s] Level 1:colcon.colcon_core.package_identification:_identify(src/41068_ignition_bringup) by extensions ['ignore', 'ignore_ament_install']
[0.315s] Level 1:colcon.colcon_core.package_identification:_identify(src/41068_ignition_bringup) by extension 'ignore'
[0.315s] Level 1:colcon.colcon_core.package_identification:_identify(src/41068_ignition_bringup) by extension 'ignore_ament_install'
[0.315s] Level 1:colcon.colcon_core.package_identification:_identify(src/41068_ignition_bringup) by extensions ['colcon_pkg']
[0.315s] Level 1:colcon.colcon_core.package_identification:_identify(src/41068_ignition_bringup) by extension 'colcon_pkg'
[0.315s] Level 1:colcon.colcon_core.package_identification:_identify(src/41068_ignition_bringup) by extensions ['colcon_meta']
[0.315s] Level 1:colcon.colcon_core.package_identification:_identify(src/41068_ignition_bringup) by extension 'colcon_meta'
[0.315s] Level 1:colcon.colcon_core.package_identification:_identify(src/41068_ignition_bringup) by extensions ['ros']
[0.315s] Level 1:colcon.colcon_core.package_identification:_identify(src/41068_ignition_bringup) by extension 'ros'
[0.320s] DEBUG:colcon.colcon_core.package_identification:Package 'src/41068_ignition_bringup' with type 'ros.ament_cmake' and name 'rs1_robot'
[0.320s] Level 1:colcon.colcon_core.package_discovery:discover_packages(recursive) using defaults
[0.320s] Level 1:colcon.colcon_core.package_discovery:discover_packages(ignore) discover
[0.320s] Level 1:colcon.colcon_core.package_discovery:discover_packages(ignore) using defaults
[0.321s] Level 1:colcon.colcon_core.package_discovery:discover_packages(path) discover
[0.321s] Level 1:colcon.colcon_core.package_discovery:discover_packages(path) using defaults
[0.355s] Level 1:colcon.colcon_core.package_discovery:discover_packages(prefix_path) check parameters
[0.355s] Level 1:colcon.colcon_core.package_discovery:discover_packages(prefix_path) discover
[0.357s] DEBUG:colcon.colcon_installed_package_information.package_discovery:Found 1 installed packages in /home/student/ros2_ws/install
[0.359s] DEBUG:colcon.colcon_installed_package_information.package_discovery:Found 428 installed packages in /opt/ros/humble
[0.361s] Level 1:colcon.colcon_core.package_discovery:discover_packages(prefix_path) using defaults
[0.412s] Level 5:colcon.colcon_core.verb:set package 'rs1_robot' build argument 'cmake_args' from command line to 'None'
[0.412s] Level 5:colcon.colcon_core.verb:set package 'rs1_robot' build argument 'cmake_target' from command line to 'None'
[0.412s] Level 5:colcon.colcon_core.verb:set package 'rs1_robot' build argument 'cmake_target_skip_unavailable' from command line to 'False'
[0.412s] Level 5:colcon.colcon_core.verb:set package 'rs1_robot' build argument 'cmake_clean_cache' from command line to 'False'
[0.412s] Level 5:colcon.colcon_core.verb:set package 'rs1_robot' build argument 'cmake_clean_first' from command line to 'False'
[0.412s] Level 5:colcon.colcon_core.verb:set package 'rs1_robot' build argument 'cmake_force_configure' from command line to 'False'
[0.412s] Level 5:colcon.colcon_core.verb:set package 'rs1_robot' build argument 'ament_cmake_args' from command line to 'None'
[0.412s] Level 5:colcon.colcon_core.verb:set package 'rs1_robot' build argument 'catkin_cmake_args' from command line to 'None'
[0.412s] Level 5:colcon.colcon_core.verb:set package 'rs1_robot' build argument 'catkin_skip_building_tests' from command line to 'False'
[0.412s] DEBUG:colcon.colcon_core.verb:Building package 'rs1_robot' with the following arguments: {'ament_cmake_args': None, 'build_base': '/home/student/41068RS12025-Group18/build/rs1_robot', 'catkin_cmake_args': None, 'catkin_skip_building_tests': False, 'cmake_args': None, 'cmake_clean_cache': False, 'cmake_clean_first': False, 'cmake_force_configure': False, 'cmake_target': None, 'cmake_target_skip_unavailable': False, 'install_base': '/home/student/41068RS12025-Group18/install/rs1_robot', 'merge_install': False, 'path': '/home/student/41068RS12025-Group18/src/41068_ignition_bringup', 'symlink_install': False, 'test_result_base': None}
[0.413s] INFO:colcon.colcon_core.executor:Executing jobs using 'parallel' executor
[0.414s] DEBUG:colcon.colcon_parallel_executor.executor.parallel:run_until_complete
[0.414s] INFO:colcon.colcon_ros.task.ament_cmake.build:Building ROS package in '/home/student/41068RS12025-Group18/src/41068_ignition_bringup' with build type 'ament_cmake'
[0.414s] INFO:colcon.colcon_cmake.task.cmake.build:Building CMake package in '/home/student/41068RS12025-Group18/src/41068_ignition_bringup'
[0.416s] INFO:colcon.colcon_core.plugin_system:Skipping extension 'colcon_core.shell.bat': Not used on non-Windows systems
[0.417s] INFO:colcon.colcon_core.shell:Skip shell extension 'powershell' for command environment: Not usable outside of PowerShell
[0.417s] DEBUG:colcon.colcon_core.shell:Skip shell extension 'dsv' for command environment
[0.428s] DEBUG:colcon.colcon_core.event_handler.log_command:Invoking command in '/home/student/41068RS12025-Group18/build/rs1_robot': CMAKE_PREFIX_PATH=${CMAKE_PREFIX_PATH}:/opt/ros/humble /usr/bin/cmake --build /home/student/41068RS12025-Group18/build/rs1_robot -- -j8 -l8
[26.944s] DEBUG:colcon.colcon_core.event_handler.log_command:Invoked command in '/home/student/41068RS12025-Group18/build/rs1_robot' returned '0': CMAKE_PREFIX_PATH=${CMAKE_PREFIX_PATH}:/opt/ros/humble /usr/bin/cmake --build /home/student/41068RS12025-Group18/build/rs1_robot -- -j8 -l8
[26.956s] DEBUG:colcon.colcon_core.event_handler.log_command:Invoking command in '/home/student/41068RS12025-Group18/build/rs1_robot': CMAKE_PREFIX_PATH=${CMAKE_PREFIX_PATH}:/opt/ros/humble /usr/bin/cmake --install /home/student/41068RS12025-Group18/build/rs1_robot
[27.423s] Level 1:colcon.colcon_core.environment:create_environment_scripts_only(rs1_robot)
[27.424s] DEBUG:colcon.colcon_core.event_handler.log_command:Invoked command in '/home/student/41068RS12025-Group18/build/rs1_robot' returned '0': CMAKE_PREFIX_PATH=${CMAKE_PREFIX_PATH}:/opt/ros/humble /usr/bin/cmake --install /home/student/41068RS12025-Group18/build/rs1_robot
[27.427s] Level 1:colcon.colcon_core.environment:checking '/home/student/41068RS12025-Group18/install/rs1_robot' for CMake module files
[27.428s] Level 1:colcon.colcon_core.environment:checking '/home/student/41068RS12025-Group18/install/rs1_robot' for CMake config files
[27.428s] Level 1:colcon.colcon_core.shell:create_environment_hook('rs1_robot', 'cmake_prefix_path')
[27.428s] INFO:colcon.colcon_core.shell:Creating environment hook '/home/student/41068RS12025-Group18/install/rs1_robot/share/rs1_robot/hook/cmake_prefix_path.ps1'
[27.434s] INFO:colcon.colcon_core.shell:Creating environment descriptor '/home/student/41068RS12025-Group18/install/rs1_robot/share/rs1_robot/hook/cmake_prefix_path.dsv'
[27.438s] INFO:colcon.colcon_core.shell:Creating environment hook '/home/student/41068RS12025-Group18/install/rs1_robot/share/rs1_robot/hook/cmake_prefix_path.sh'
[27.442s] Level 1:colcon.colcon_core.environment:checking '/home/student/41068RS12025-Group18/install/rs1_robot/lib'
[27.442s] Level 1:colcon.colcon_core.shell:create_environment_hook('rs1_robot', 'ld_library_path_lib')
[27.443s] INFO:colcon.colcon_core.shell:Creating environment hook '/home/student/41068RS12025-Group18/install/rs1_robot/share/rs1_robot/hook/ld_library_path_lib.ps1'
[27.443s] INFO:colcon.colcon_core.shell:Creating environment descriptor '/home/student/41068RS12025-Group18/install/rs1_robot/share/rs1_robot/hook/ld_library_path_lib.dsv'
[27.443s] INFO:colcon.colcon_core.shell:Creating environment hook '/home/student/41068RS12025-Group18/install/rs1_robot/share/rs1_robot/hook/ld_library_path_lib.sh'
[27.444s] Level 1:colcon.colcon_core.environment:checking '/home/student/41068RS12025-Group18/install/rs1_robot/bin'
[27.444s] Level 1:colcon.colcon_core.environment:checking '/home/student/41068RS12025-Group18/install/rs1_robot/lib/pkgconfig/rs1_robot.pc'
[27.444s] Level 1:colcon.colcon_core.environment:checking '/home/student/41068RS12025-Group18/install/rs1_robot/lib/python3.10/site-packages'
[27.444s] Level 1:colcon.colcon_core.environment:checking '/home/student/41068RS12025-Group18/install/rs1_robot/bin'
[27.445s] INFO:colcon.colcon_core.shell:Creating package script '/home/student/41068RS12025-Group18/install/rs1_robot/share/rs1_robot/package.ps1'
[27.446s] INFO:colcon.colcon_core.shell:Creating package descriptor '/home/student/41068RS12025-Group18/install/rs1_robot/share/rs1_robot/package.dsv'
[27.446s] INFO:colcon.colcon_core.shell:Creating package script '/home/student/41068RS12025-Group18/install/rs1_robot/share/rs1_robot/package.sh'
[27.447s] INFO:colcon.colcon_core.shell:Creating package script '/home/student/41068RS12025-Group18/install/rs1_robot/share/rs1_robot/package.bash'
[27.448s] INFO:colcon.colcon_core.shell:Creating package script '/home/student/41068RS12025-Group18/install/rs1_robot/share/rs1_robot/package.zsh'
[27.448s] Level 1:colcon.colcon_core.environment:create_file_with_runtime_dependencies(/home/student/41068RS12025-Group18/install/rs1_robot/share/colcon-core/packages/rs1_robot)
[27.449s] Level 1:colcon.colcon_core.environment:create_environment_scripts_only(rs1_robot)
[27.449s] Level 1:colcon.colcon_core.environment:checking '/home/student/41068RS12025-Group18/install/rs1_robot' for CMake module files
[27.450s] Level 1:colcon.colcon_core.environment:checking '/home/student/41068RS12025-Group18/install/rs1_robot' for CMake config files
[27.450s] Level 1:colcon.colcon_core.shell:create_environment_hook('rs1_robot', 'cmake_prefix_path')
[27.450s] INFO:colcon.colcon_core.shell:Creating environment hook '/home/student/41068RS12025-Group18/install/rs1_robot/share/rs1_robot/hook/cmake_prefix_path.ps1'
[27.451s] INFO:colcon.colcon_core.shell:Creating environment descriptor '/home/student/41068RS12025-Group18/install/rs1_robot/share/rs1_robot/hook/cmake_prefix_path.dsv'
[27.451s] INFO:colcon.colcon_core.shell:Creating environment hook '/home/student/41068RS12025-Group18/install/rs1_robot/share/rs1_robot/hook/cmake_prefix_path.sh'
[27.452s] Level 1:colcon.colcon_core.environment:checking '/home/student/41068RS12025-Group18/install/rs1_robot/lib'
[27.452s] Level 1:colcon.colcon_core.shell:create_environment_hook('rs1_robot', 'ld_library_path_lib')
[27.452s] INFO:colcon.colcon_core.shell:Creating environment hook '/home/student/41068RS12025-Group18/install/rs1_robot/share/rs1_robot/hook/ld_library_path_lib.ps1'
[27.452s] INFO:colcon.colcon_core.shell:Creating environment descriptor '/home/student/41068RS12025-Group18/install/rs1_robot/share/rs1_robot/hook/ld_library_path_lib.dsv'
[27.453s] INFO:colcon.colcon_core.shell:Creating environment hook '/home/student/41068RS12025-Group18/install/rs1_robot/share/rs1_robot/hook/ld_library_path_lib.sh'
[27.453s] Level 1:colcon.colcon_core.environment:checking '/home/student/41068RS12025-Group18/install/rs1_robot/bin'
[27.453s] Level 1:colcon.colcon_core.environment:checking '/home/student/41068RS12025-Group18/install/rs1_robot/lib/pkgconfig/rs1_robot.pc'
[27.453s] Level 1:colcon.colcon_core.environment:checking '/home/student/41068RS12025-Group18/install/rs1_robot/lib/python3.10/site-packages'
[27.454s] Level 1:colcon.colcon_core.environment:checking '/home/student/41068RS12025-Group18/install/rs1_robot/bin'
[27.454s] INFO:colcon.colcon_core.shell:Creating package script '/home/student/41068RS12025-Group18/install/rs1_robot/share/rs1_robot/package.ps1'
[27.455s] INFO:colcon.colcon_core.shell:Creating package descriptor '/home/student/41068RS12025-Group18/install/rs1_robot/share/rs1_robot/package.dsv'
[27.455s] INFO:colcon.colcon_core.shell:Creating package script '/home/student/41068RS12025-Group18/install/rs1_robot/share/rs1_robot/package.sh'
[27.456s] INFO:colcon.colcon_core.shell:Creating package script '/home/student/41068RS12025-Group18/install/rs1_robot/share/rs1_robot/package.bash'
[27.456s] INFO:colcon.colcon_core.shell:Creating package script '/home/student/41068RS12025-Group18/install/rs1_robot/share/rs1_robot/package.zsh'
[27.456s] Level 1:colcon.colcon_core.environment:create_file_with_runtime_dependencies(/home/student/41068RS12025-Group18/install/rs1_robot/share/colcon-core/packages/rs1_robot)
[27.457s] DEBUG:colcon.colcon_parallel_executor.executor.parallel:closing loop
[27.457s] DEBUG:colcon.colcon_parallel_executor.executor.parallel:loop closed
[27.457s] DEBUG:colcon.colcon_parallel_executor.executor.parallel:run_until_complete finished with '0'
[27.457s] DEBUG:colcon.colcon_core.event_reactor:joining thread
[27.462s] INFO:colcon.colcon_core.plugin_system:Skipping extension 'colcon_notification.desktop_notification.terminal_notifier': Not used on non-Darwin systems
[27.463s] INFO:colcon.colcon_core.plugin_system:Skipping extension 'colcon_notification.desktop_notification.win32': Not used on non-Windows systems
[27.463s] INFO:colcon.colcon_notification.desktop_notification:Sending desktop notification using 'notify2'
[27.476s] DEBUG:colcon.colcon_core.event_reactor:joined thread
[27.476s] INFO:colcon.colcon_core.shell:Creating prefix script '/home/student/41068RS12025-Group18/install/local_setup.ps1'
[27.477s] INFO:colcon.colcon_core.shell:Creating prefix util module '/home/student/41068RS12025-Group18/install/_local_setup_util_ps1.py'
[27.479s] INFO:colcon.colcon_core.shell:Creating prefix chain script '/home/student/41068RS12025-Group18/install/setup.ps1'
[27.480s] INFO:colcon.colcon_core.shell:Creating prefix script '/home/student/41068RS12025-Group18/install/local_setup.sh'
[27.481s] INFO:colcon.colcon_core.shell:Creating prefix util module '/home/student/41068RS12025-Group18/install/_local_setup_util_sh.py'
[27.482s] INFO:colcon.colcon_core.shell:Creating prefix chain script '/home/student/41068RS12025-Group18/install/setup.sh'
[27.484s] INFO:colcon.colcon_core.shell:Creating prefix script '/home/student/41068RS12025-Group18/install/local_setup.bash'
[27.485s] INFO:colcon.colcon_core.shell:Creating prefix chain script '/home/student/41068RS12025-Group18/install/setup.bash'
[27.486s] INFO:colcon.colcon_core.shell:Creating prefix script '/home/student/41068RS12025-Group18/install/local_setup.zsh'
[27.487s] INFO:colcon.colcon_core.shell:Creating prefix chain script '/home/student/41068RS12025-Group18/install/setup.zsh'
